#
# A fatal error has been detected by the Java Runtime Environment:
#
#  SIGSEGV (0xb) at pc=0x00007ff806170db7, pid=60339, tid=38483
#
# JRE version: Java(TM) SE Runtime Environment (16.0.2+7) (build 16.0.2+7-67)
# Java VM: Java HotSpot(TM) 64-Bit Server VM (16.0.2+7-67, mixed mode, sharing, tiered, compressed oops, compressed class ptrs, g1 gc, bsd-amd64)
# Problematic frame:
# C  [libsystem_malloc.dylib+0x6db7]  tiny_free_list_add_ptr+0x18c
#
# No core dump will be written. Core dumps have been disabled. To enable core dumping, try "ulimit -c unlimited" before starting Java again
#
# If you would like to submit a bug report, please visit:
#   https://bugreport.java.com/bugreport/crash.jsp
# The crash happened outside the Java Virtual Machine in native code.
# See problematic frame for where to report the bug.
#

---------------  S U M M A R Y ------------

Command Line: -agentlib:jdwp=transport=dt_socket,server=n,suspend=y,address=localhost:49579 -Djava.library.path=/Users/lukasfiur/Desktop/RomiTags/build/jni/release -XX:+ShowCodeDetailsInExceptionMessages frc.robot.Main

Host: MacBookPro17,1 x86_64 2400 MHz, 8 cores, 8G, Darwin 21.3.0, macOS 10.16 (21D49)

[error occurred during error reporting (printing date and time), id 0x4, SIGILL (0x4) at pc=0x00007ff80636bee0]


---------------  T H R E A D  ---------------

Current thread (0x00007fd018827000):  JavaThread "JDWP Transport Listener: dt_socket" daemon [_thread_in_native, id=38483, stack(0x0000000309c6d000,0x0000000309d6d000)]

Stack: [0x0000000309c6d000,0x0000000309d6d000],  sp=0x0000000309d6ca10,  free space=1022k
Native frames: (J=compiled Java code, A=aot compiled Java code, j=interpreted, Vv=VM code, C=native code)
C  [libsystem_malloc.dylib+0x6db7]  tiny_free_list_add_ptr+0x18c
C  [libsystem_malloc.dylib+0x669b]  tiny_free_no_lock+0x370
C  [libsystem_malloc.dylib+0x61eb]  free_tiny+0x1bd
C  [libhalsim_gui.dylib+0x3578a]  _ZN5glass18NetworkTablesModelD2Ev+0x7a
C  [libhalsim_gui.dylib+0x357ee]  _ZN5glass18NetworkTablesModelD0Ev+0xe
C  [libsystem_c.dylib+0x2ecdd]  __cxa_finalize_ranges+0x199
C  [libsystem_c.dylib+0x2eaf7]  exit+0x23
C  [libjdwp.dylib+0xf154]  forceExit+0x14
C  [libjdwp.dylib+0xa21a]  doExit+0x5a
C  [libjdwp.dylib+0x10961]  debugLoop_run+0x201
C  [libjdwp.dylib+0x24f46]  attachThread+0x76
V  [libjvm.dylib+0x6d8def]  _ZN16JvmtiAgentThread19call_start_functionEv+0x8f
V  [libjvm.dylib+0xa043cd]  _ZN10JavaThread17thread_main_innerEv+0xcd
V  [libjvm.dylib+0xa01d11]  _ZN6Thread8call_runEv+0x71
V  [libjvm.dylib+0x890937]  _ZL19thread_native_entryP6Thread+0x157
C  [libsystem_pthread.dylib+0x64f4]  _pthread_start+0x7d
C  [libsystem_pthread.dylib+0x200f]  thread_start+0xf


siginfo: si_signo: 11 (SIGSEGV), si_code: 1 (SEGV_MAPERR), si_addr: 0x3746157030000008

Register to memory mapping:

RAX=0x00000000e34aadf6 is an unknown value
RBX=0x00000000354fe08f is an unknown value
RCX=0x00000000e34b8e94 is an unknown value
RDX=0x00007fcff872d260 points into unknown readable memory: 0x00000001327f51c8 | c8 51 7f 32 01 00 00 00
RSP=0x0000000309d6ca10 is pointing into the stack for thread: 0x00007fd018827000
RBP=0x0000000309d6ca40 is pointing into the stack for thread: 0x00007fd018827000
RSI=0x000000010aa3cc00 points into unknown readable memory: 0x0000000000009652 | 52 96 00 00 00 00 00 00
RDI=0x000000010a9fa080 points into unknown readable memory: 0x0000000100000000 | 00 00 00 00 01 00 00 00
R8 =0x000000000000291e is an unknown value
R9 =0x000000000000000a is an unknown value
R10=0x00007fcff8700000 points into unknown readable memory: 0x00007fd019200000 | 00 00 20 19 d0 7f 00 00
R11=0x00007fcff8732ac0 points into unknown readable memory: 0x6374615703000000 | 00 00 00 03 57 61 74 63
R12=0x00000000054fe160 is an unknown value
R13=0x400007fcff872d26 is an unknown value
R14=0x6374615703000000 is an unknown value
R15=0x3746157030000000 is an unknown value


Registers:
RAX=0x00000000e34aadf6, RBX=0x00000000354fe08f, RCX=0x00000000e34b8e94, RDX=0x00007fcff872d260
RSP=0x0000000309d6ca10, RBP=0x0000000309d6ca40, RSI=0x000000010aa3cc00, RDI=0x000000010a9fa080
R8 =0x000000000000291e, R9 =0x000000000000000a, R10=0x00007fcff8700000, R11=0x00007fcff8732ac0
R12=0x00000000054fe160, R13=0x400007fcff872d26, R14=0x6374615703000000, R15=0x3746157030000000
RIP=0x00007ff806170db7, EFLAGS=0x0000000000000207, ERR=0x0000000000000006
  TRAPNO=0x000000000000000e

Top of Stack: (sp=0x0000000309d6ca10)
0x0000000309d6ca10:   000000000000000b 000000000000000b
0x0000000309d6ca20:   00007fcff8700000 000000010a9fa080
0x0000000309d6ca30:   000000010aa3cc00 00007fcff872d260
0x0000000309d6ca40:   0000000309d6cad0 00007ff80617069b
0x0000000309d6ca50:   000000060a9fa080 00007fcff8700000
0x0000000309d6ca60:   000000010aa3d600 0000000000000080
0x0000000309d6ca70:   000000050a9fa080 00007fcff872d260
0x0000000309d6ca80:   000000010aa3cc00 00007fcf00000003
0x0000000309d6ca90:   000000010a9fa080 00007fcff872d260
0x0000000309d6caa0:   000000000000000b 0000000000000005
0x0000000309d6cab0:   000000010aa3cc00 0000000000000006
0x0000000309d6cac0:   000000010a9fa080 00007fcff8700000
0x0000000309d6cad0:   0000000309d6cb40 00007ff8061701eb
0x0000000309d6cae0:   0000000300000000 00007ff80616e944
0x0000000309d6caf0:   00007fcff8700000 00000000f872d200
0x0000000309d6cb00:   0000000309d6cb40 00007ff806160008
0x0000000309d6cb10:   00007fcff872d260 00007fd01a285228
0x0000000309d6cb20:   0000000000000000 0000000000000002
0x0000000309d6cb30:   00007fd019116480 0000000000000fe0
0x0000000309d6cb40:   0000000309d6cb70 000000013243b78a
0x0000000309d6cb50:   00000001327f40d8 00007fd019116480
0x0000000309d6cb60:   0000000000000000 0000000000000120
0x0000000309d6cb70:   0000000309d6cb90 000000013243b7ee
0x0000000309d6cb80:   00000001327f40d8 00007fd019808c00
0x0000000309d6cb90:   0000000309d6cbf0 00007ff80624bcdd
0x0000000309d6cba0:   0000000309d6cbb0 0000000000000009
0x0000000309d6cbb0:   000000000000000a 0000000000000008
0x0000000309d6cbc0:   0000000000000000 0000000000000000
0x0000000309d6cbd0:   000000010ab354d8 00007fd01960f700
0x0000000309d6cbe0:   0000000000000000 0000000309d6ccc8
0x0000000309d6cbf0:   0000000309d6cc10 00007ff80624baf7
0x0000000309d6cc00:   0000000000000000 0000000000000000 

Instructions: (pc=0x00007ff806170db7)
0x00007ff806170cb7:   fe eb 09 66 45 85 f6 75 08 45 31 f6 66 44 89 72
0x00007ff806170cc7:   10 4d 85 db 75 17 b8 01 00 00 00 44 89 c9 d3 e0
0x00007ff806170cd7:   44 89 c9 c1 e9 05 09 84 8e 28 08 00 00 43 0f b7
0x00007ff806170ce7:   8c 8a 28 3f 00 00 48 85 c9 0f 84 ca 00 00 00 c1
0x00007ff806170cf7:   e1 04 83 c1 f0 4e 8b 34 39 4d 89 f4 49 c1 c4 04
0x00007ff806170d07:   4e 8d 1c 39 4d 89 e7 49 83 e7 f0 4c 8b af 78 02
0x00007ff806170d17:   00 00 4c 89 f9 4c 31 e9 48 89 c8 48 c1 e8 08 01
0x00007ff806170d27:   c8 48 89 cb 48 c1 eb 10 01 c3 48 89 c8 48 c1 e8
0x00007ff806170d37:   18 01 d8 48 89 cb 48 c1 eb 20 01 c3 48 89 c8 48
0x00007ff806170d47:   c1 e8 28 01 d8 48 89 cb 48 c1 eb 30 01 c3 48 c1
0x00007ff806170d57:   e9 38 01 d9 41 31 cc 41 f6 c4 0f 0f 85 7c 03 00
0x00007ff806170d67:   00 4d 85 ff 0f 84 a3 01 00 00 49 31 d5 4c 89 e8
0x00007ff806170d77:   48 c1 e8 08 44 01 e8 4c 89 e9 48 c1 e9 10 01 c1
0x00007ff806170d87:   4c 89 e8 48 c1 e8 18 01 c8 4c 89 e9 48 c1 e9 20
0x00007ff806170d97:   01 c1 4c 89 e8 48 c1 e8 28 01 c8 4c 89 e9 48 c1
0x00007ff806170da7:   e9 30 01 c1 49 c1 ed 38 41 01 cd 49 0f a4 d5 3c
0x00007ff806170db7:   4d 89 6f 08 e9 59 01 00 00 41 83 7a 18 ff 0f 84
0x00007ff806170dc7:   f9 01 00 00 4e 8b 7c ce 20 4d 85 ff 0f 84 f0 01
0x00007ff806170dd7:   00 00 48 8b 8e 80 08 00 00 48 85 c9 0f 84 e0 01
0x00007ff806170de7:   00 00 4c 39 d1 0f 84 d7 01 00 00 31 db 45 31 f6
0x00007ff806170df7:   45 31 db 48 89 c8 48 25 00 00 f0 ff 42 0f b7 84
0x00007ff806170e07:   88 2a 3f 00 00 66 85 c0 4c 0f 45 d9 44 0f 45 f0
0x00007ff806170e17:   83 fb 03 77 10 48 8b 49 08 48 85 c9 74 07 ff c3
0x00007ff806170e27:   4c 39 d1 75 ce 66 45 85 f6 0f 84 93 01 00 00 49
0x00007ff806170e37:   81 e3 00 00 f0 ff 41 0f b7 c6 48 c1 e0 04 4c 09
0x00007ff806170e47:   d8 48 05 70 40 00 00 0f 84 75 01 00 00 4c 8b 58
0x00007ff806170e57:   08 4d 89 de 49 c1 c6 04 48 8d 70 08 4d 89 f7 49
0x00007ff806170e67:   83 e7 f0 4c 8b a7 78 02 00 00 4c 89 f9 4c 31 e1
0x00007ff806170e77:   49 89 cd 49 c1 ed 08 41 01 cd 48 89 cb 48 c1 eb
0x00007ff806170e87:   10 44 01 eb 49 89 cd 49 c1 ed 18 41 01 dd 48 89
0x00007ff806170e97:   cb 48 c1 eb 20 44 01 eb 49 89 cd 49 c1 ed 28 41
0x00007ff806170ea7:   01 dd 48 89 cb 48 c1 eb 30 44 01 eb 48 c1 e9 38 


Stack slot to memory mapping:
stack at sp + 0 slots: 0x000000000000000b is an unknown value
stack at sp + 1 slots: 0x000000000000000b is an unknown value
stack at sp + 2 slots: 0x00007fcff8700000 points into unknown readable memory: 0x00007fd019200000 | 00 00 20 19 d0 7f 00 00
stack at sp + 3 slots: 0x000000010a9fa080 points into unknown readable memory: 0x0000000100000000 | 00 00 00 00 01 00 00 00
stack at sp + 4 slots: 0x000000010aa3cc00 points into unknown readable memory: 0x0000000000009652 | 52 96 00 00 00 00 00 00
stack at sp + 5 slots: 0x00007fcff872d260 points into unknown readable memory: 0x00000001327f51c8 | c8 51 7f 32 01 00 00 00
stack at sp + 6 slots: 0x0000000309d6cad0 is pointing into the stack for thread: 0x00007fd018827000
stack at sp + 7 slots: 0x00007ff80617069b: tiny_free_no_lock+0x370 in /usr/lib/system/libsystem_malloc.dylib at 0x00007ff80616a000


---------------  P R O C E S S  ---------------

Threads class SMR info:
_java_thread_list=0x00007fd0187efeb0, length=17, elements={
0x00007fd01880d400, 0x00007fd01a0c3c00, 0x00007fd01a0c6400, 0x00007fd01a0c7000,
0x00007fd018826400, 0x00007fd018826a00, 0x00007fd01a0c6a00, 0x00007fd01a0c8600,
0x00007fd01a812e00, 0x00007fd018827000, 0x00007fd01a841400, 0x00007fd01a0c8c00,
0x00007fd01a845a00, 0x00007fd018911800, 0x00007fd01a226600, 0x00007fd018908c00,
0x00007fd01a95f200
}

Java Threads: ( => current thread )
  0x00007fd01880d400 JavaThread "main" [_thread_in_native, id=259, stack(0x0000000308428000,0x0000000308c28000)]
  0x00007fd01a0c3c00 JavaThread "Reference Handler" daemon [_thread_blocked, id=16479, stack(0x00000003092be000,0x00000003093be000)]
  0x00007fd01a0c6400 JavaThread "Finalizer" daemon [_thread_blocked, id=21763, stack(0x00000003093c1000,0x00000003094c1000)]
  0x00007fd01a0c7000 JavaThread "Signal Dispatcher" daemon [_thread_blocked, id=40195, stack(0x000000030965b000,0x000000030975b000)]
  0x00007fd018826400 JavaThread "Service Thread" daemon [_thread_blocked, id=23811, stack(0x000000030975e000,0x000000030985e000)]
  0x00007fd018826a00 JavaThread "Monitor Deflation Thread" daemon [_thread_blocked, id=39683, stack(0x0000000309861000,0x0000000309961000)]
  0x00007fd01a0c6a00 JavaThread "C2 CompilerThread0" daemon [_thread_blocked, id=24323, stack(0x0000000309964000,0x0000000309a64000)]
  0x00007fd01a0c8600 JavaThread "C1 CompilerThread0" daemon [_thread_blocked, id=39427, stack(0x0000000309a67000,0x0000000309b67000)]
  0x00007fd01a812e00 JavaThread "Sweeper thread" daemon [_thread_blocked, id=39171, stack(0x0000000309b6a000,0x0000000309c6a000)]
=>0x00007fd018827000 JavaThread "JDWP Transport Listener: dt_socket" daemon [_thread_in_native, id=38483, stack(0x0000000309c6d000,0x0000000309d6d000)]
  0x00007fd01a841400 JavaThread "JDWP Event Helper Thread" daemon [_thread_blocked, id=37891, stack(0x0000000309d70000,0x0000000309e70000)]
  0x00007fd01a0c8c00 JavaThread "Notification Thread" daemon [_thread_blocked, id=26115, stack(0x0000000309f76000,0x000000030a076000)]
  0x00007fd01a845a00 JavaThread "Common-Cleaner" daemon [_thread_blocked, id=36631, stack(0x000000030a17c000,0x000000030a27c000)]
  0x00007fd018911800 JavaThread "robot main" daemon [_thread_in_native, id=73791, stack(0x000000030a50e000,0x000000030a60e000)]
  0x00007fd01a226600 JavaThread "FRCDriverStation" daemon [_thread_in_native, id=61535, stack(0x000000030a81d000,0x000000030a91d000)]
  0x00007fd018908c00 JavaThread "Thread-0" daemon [_thread_in_native, id=69423, stack(0x000000030a920000,0x000000030aa20000)]
  0x00007fd01a95f200 JavaThread "NTEntryListener" daemon [_thread_in_native, id=89283, stack(0x000000030ab29000,0x000000030ac29000)]

Other Threads:
  0x00007fd01924b750 VMThread "VM Thread" [stack: 0x00000003091bb000,0x00000003092bb000] [id=15363]
  0x00007fd019264a80 WatcherThread [stack: 0x000000030a079000,0x000000030a179000] [id=36867]
  0x00007fd019221e20 GCTaskThread "GC Thread#0" [stack: 0x0000000308cac000,0x0000000308dac000] [id=19203]
  0x00007fcff877bbc0 GCTaskThread "GC Thread#1" [stack: 0x000000030ae41000,0x000000030af41000] [id=170419]
  0x00007fcff87670e0 GCTaskThread "GC Thread#2" [stack: 0x000000030af44000,0x000000030b044000] [id=72427]
  0x00007fd019222d70 ConcurrentGCThread "G1 Main Marker" [stack: 0x0000000308daf000,0x0000000308eaf000] [id=18691]
  0x00007fd019223c40 ConcurrentGCThread "G1 Conc#0" [stack: 0x0000000308eb2000,0x0000000308fb2000] [id=13827]
  0x00007fd0192405e0 ConcurrentGCThread "G1 Refine#0" [stack: 0x0000000308fb5000,0x00000003090b5000] [id=17923]
  0x00007fd01870ba00 ConcurrentGCThread "G1 Service" [stack: 0x00000003090b8000,0x00000003091b8000] [id=14851]

Threads with active compile tasks:

VM state: not at safepoint (normal execution)

VM Mutex/Monitor currently owned by a thread: None

Heap address: 0x0000000780000000, size: 2048 MB, Compressed Oops mode: Zero based, Oop shift amount: 3

CDS archive(s) mapped at: [0x0000000800000000-0x0000000800bbb000-0x0000000800bbb000), size 12300288, SharedBaseAddress: 0x0000000800000000, ArchiveRelocationMode: 0.
Compressed class space mapped at: 0x0000000800c00000-0x0000000840c00000, reserved size: 1073741824
Narrow klass base: 0x0000000800000000, Narrow klass shift: 3, Narrow klass range: 0x100000000

GC Precious Log:
 CPUs: 8 total, 8 available
 Memory: 8192M
 Large Page Support: Disabled
 NUMA Support: Disabled
 Compressed Oops: Enabled (Zero based)
 Heap Region Size: 1M
 Heap Min Capacity: 8M
 Heap Initial Capacity: 128M
 Heap Max Capacity: 2G
 Pre-touch: Disabled
 Parallel Workers: 8
 Concurrent Workers: 2
 Concurrent Refinement Workers: 8
 Periodic GC: Disabled

Heap:
 garbage-first heap   total 133120K, used 17246K [0x0000000780000000, 0x0000000800000000)
  region size 1024K, 17 young (17408K), 1 survivors (1024K)
 Metaspace       used 2534K, committed 2688K, reserved 1056768K
  class space    used 250K, committed 320K, reserved 1048576K

Heap Regions: E=young(eden), S=young(survivor), O=old, HS=humongous(starts), HC=humongous(continues), CS=collection set, F=free, OA=open archive, CA=closed archive, TAMS=top-at-mark-start (previous, next)
|   0|0x0000000780000000, 0x0000000780000000, 0x0000000780100000|  0%| F|  |TAMS 0x0000000780000000, 0x0000000780000000| Untracked 
|   1|0x0000000780100000, 0x0000000780100000, 0x0000000780200000|  0%| F|  |TAMS 0x0000000780100000, 0x0000000780100000| Untracked 
|   2|0x0000000780200000, 0x0000000780200000, 0x0000000780300000|  0%| F|  |TAMS 0x0000000780200000, 0x0000000780200000| Untracked 
|   3|0x0000000780300000, 0x0000000780300000, 0x0000000780400000|  0%| F|  |TAMS 0x0000000780300000, 0x0000000780300000| Untracked 
|   4|0x0000000780400000, 0x0000000780400000, 0x0000000780500000|  0%| F|  |TAMS 0x0000000780400000, 0x0000000780400000| Untracked 
|   5|0x0000000780500000, 0x0000000780500000, 0x0000000780600000|  0%| F|  |TAMS 0x0000000780500000, 0x0000000780500000| Untracked 
|   6|0x0000000780600000, 0x0000000780600000, 0x0000000780700000|  0%| F|  |TAMS 0x0000000780600000, 0x0000000780600000| Untracked 
|   7|0x0000000780700000, 0x0000000780700000, 0x0000000780800000|  0%| F|  |TAMS 0x0000000780700000, 0x0000000780700000| Untracked 
|   8|0x0000000780800000, 0x0000000780800000, 0x0000000780900000|  0%| F|  |TAMS 0x0000000780800000, 0x0000000780800000| Untracked 
|   9|0x0000000780900000, 0x0000000780900000, 0x0000000780a00000|  0%| F|  |TAMS 0x0000000780900000, 0x0000000780900000| Untracked 
|  10|0x0000000780a00000, 0x0000000780a00000, 0x0000000780b00000|  0%| F|  |TAMS 0x0000000780a00000, 0x0000000780a00000| Untracked 
|  11|0x0000000780b00000, 0x0000000780b00000, 0x0000000780c00000|  0%| F|  |TAMS 0x0000000780b00000, 0x0000000780b00000| Untracked 
|  12|0x0000000780c00000, 0x0000000780c00000, 0x0000000780d00000|  0%| F|  |TAMS 0x0000000780c00000, 0x0000000780c00000| Untracked 
|  13|0x0000000780d00000, 0x0000000780d00000, 0x0000000780e00000|  0%| F|  |TAMS 0x0000000780d00000, 0x0000000780d00000| Untracked 
|  14|0x0000000780e00000, 0x0000000780e00000, 0x0000000780f00000|  0%| F|  |TAMS 0x0000000780e00000, 0x0000000780e00000| Untracked 
|  15|0x0000000780f00000, 0x0000000780f00000, 0x0000000781000000|  0%| F|  |TAMS 0x0000000780f00000, 0x0000000780f00000| Untracked 
|  16|0x0000000781000000, 0x0000000781000000, 0x0000000781100000|  0%| F|  |TAMS 0x0000000781000000, 0x0000000781000000| Untracked 
|  17|0x0000000781100000, 0x0000000781100000, 0x0000000781200000|  0%| F|  |TAMS 0x0000000781100000, 0x0000000781100000| Untracked 
|  18|0x0000000781200000, 0x0000000781200000, 0x0000000781300000|  0%| F|  |TAMS 0x0000000781200000, 0x0000000781200000| Untracked 
|  19|0x0000000781300000, 0x0000000781300000, 0x0000000781400000|  0%| F|  |TAMS 0x0000000781300000, 0x0000000781300000| Untracked 
|  20|0x0000000781400000, 0x0000000781400000, 0x0000000781500000|  0%| F|  |TAMS 0x0000000781400000, 0x0000000781400000| Untracked 
|  21|0x0000000781500000, 0x0000000781500000, 0x0000000781600000|  0%| F|  |TAMS 0x0000000781500000, 0x0000000781500000| Untracked 
|  22|0x0000000781600000, 0x0000000781600000, 0x0000000781700000|  0%| F|  |TAMS 0x0000000781600000, 0x0000000781600000| Untracked 
|  23|0x0000000781700000, 0x0000000781700000, 0x0000000781800000|  0%| F|  |TAMS 0x0000000781700000, 0x0000000781700000| Untracked 
|  24|0x0000000781800000, 0x0000000781800000, 0x0000000781900000|  0%| F|  |TAMS 0x0000000781800000, 0x0000000781800000| Untracked 
|  25|0x0000000781900000, 0x0000000781900000, 0x0000000781a00000|  0%| F|  |TAMS 0x0000000781900000, 0x0000000781900000| Untracked 
|  26|0x0000000781a00000, 0x0000000781a00000, 0x0000000781b00000|  0%| F|  |TAMS 0x0000000781a00000, 0x0000000781a00000| Untracked 
|  27|0x0000000781b00000, 0x0000000781b00000, 0x0000000781c00000|  0%| F|  |TAMS 0x0000000781b00000, 0x0000000781b00000| Untracked 
|  28|0x0000000781c00000, 0x0000000781c00000, 0x0000000781d00000|  0%| F|  |TAMS 0x0000000781c00000, 0x0000000781c00000| Untracked 
|  29|0x0000000781d00000, 0x0000000781d00000, 0x0000000781e00000|  0%| F|  |TAMS 0x0000000781d00000, 0x0000000781d00000| Untracked 
|  30|0x0000000781e00000, 0x0000000781e00000, 0x0000000781f00000|  0%| F|  |TAMS 0x0000000781e00000, 0x0000000781e00000| Untracked 
|  31|0x0000000781f00000, 0x0000000781f00000, 0x0000000782000000|  0%| F|  |TAMS 0x0000000781f00000, 0x0000000781f00000| Untracked 
|  32|0x0000000782000000, 0x0000000782000000, 0x0000000782100000|  0%| F|  |TAMS 0x0000000782000000, 0x0000000782000000| Untracked 
|  33|0x0000000782100000, 0x0000000782100000, 0x0000000782200000|  0%| F|  |TAMS 0x0000000782100000, 0x0000000782100000| Untracked 
|  34|0x0000000782200000, 0x0000000782200000, 0x0000000782300000|  0%| F|  |TAMS 0x0000000782200000, 0x0000000782200000| Untracked 
|  35|0x0000000782300000, 0x0000000782300000, 0x0000000782400000|  0%| F|  |TAMS 0x0000000782300000, 0x0000000782300000| Untracked 
|  36|0x0000000782400000, 0x0000000782400000, 0x0000000782500000|  0%| F|  |TAMS 0x0000000782400000, 0x0000000782400000| Untracked 
|  37|0x0000000782500000, 0x0000000782500000, 0x0000000782600000|  0%| F|  |TAMS 0x0000000782500000, 0x0000000782500000| Untracked 
|  38|0x0000000782600000, 0x0000000782600000, 0x0000000782700000|  0%| F|  |TAMS 0x0000000782600000, 0x0000000782600000| Untracked 
|  39|0x0000000782700000, 0x0000000782700000, 0x0000000782800000|  0%| F|  |TAMS 0x0000000782700000, 0x0000000782700000| Untracked 
|  40|0x0000000782800000, 0x0000000782800000, 0x0000000782900000|  0%| F|  |TAMS 0x0000000782800000, 0x0000000782800000| Untracked 
|  41|0x0000000782900000, 0x0000000782900000, 0x0000000782a00000|  0%| F|  |TAMS 0x0000000782900000, 0x0000000782900000| Untracked 
|  42|0x0000000782a00000, 0x0000000782a00000, 0x0000000782b00000|  0%| F|  |TAMS 0x0000000782a00000, 0x0000000782a00000| Untracked 
|  43|0x0000000782b00000, 0x0000000782b00000, 0x0000000782c00000|  0%| F|  |TAMS 0x0000000782b00000, 0x0000000782b00000| Untracked 
|  44|0x0000000782c00000, 0x0000000782c00000, 0x0000000782d00000|  0%| F|  |TAMS 0x0000000782c00000, 0x0000000782c00000| Untracked 
|  45|0x0000000782d00000, 0x0000000782d00000, 0x0000000782e00000|  0%| F|  |TAMS 0x0000000782d00000, 0x0000000782d00000| Untracked 
|  46|0x0000000782e00000, 0x0000000782e00000, 0x0000000782f00000|  0%| F|  |TAMS 0x0000000782e00000, 0x0000000782e00000| Untracked 
|  47|0x0000000782f00000, 0x0000000782f00000, 0x0000000783000000|  0%| F|  |TAMS 0x0000000782f00000, 0x0000000782f00000| Untracked 
|  48|0x0000000783000000, 0x0000000783000000, 0x0000000783100000|  0%| F|  |TAMS 0x0000000783000000, 0x0000000783000000| Untracked 
|  49|0x0000000783100000, 0x0000000783100000, 0x0000000783200000|  0%| F|  |TAMS 0x0000000783100000, 0x0000000783100000| Untracked 
|  50|0x0000000783200000, 0x0000000783200000, 0x0000000783300000|  0%| F|  |TAMS 0x0000000783200000, 0x0000000783200000| Untracked 
|  51|0x0000000783300000, 0x0000000783300000, 0x0000000783400000|  0%| F|  |TAMS 0x0000000783300000, 0x0000000783300000| Untracked 
|  52|0x0000000783400000, 0x0000000783400000, 0x0000000783500000|  0%| F|  |TAMS 0x0000000783400000, 0x0000000783400000| Untracked 
|  53|0x0000000783500000, 0x0000000783500000, 0x0000000783600000|  0%| F|  |TAMS 0x0000000783500000, 0x0000000783500000| Untracked 
|  54|0x0000000783600000, 0x0000000783600000, 0x0000000783700000|  0%| F|  |TAMS 0x0000000783600000, 0x0000000783600000| Untracked 
|  55|0x0000000783700000, 0x0000000783700000, 0x0000000783800000|  0%| F|  |TAMS 0x0000000783700000, 0x0000000783700000| Untracked 
|  56|0x0000000783800000, 0x0000000783800000, 0x0000000783900000|  0%| F|  |TAMS 0x0000000783800000, 0x0000000783800000| Untracked 
|  57|0x0000000783900000, 0x0000000783900000, 0x0000000783a00000|  0%| F|  |TAMS 0x0000000783900000, 0x0000000783900000| Untracked 
|  58|0x0000000783a00000, 0x0000000783a00000, 0x0000000783b00000|  0%| F|  |TAMS 0x0000000783a00000, 0x0000000783a00000| Untracked 
|  59|0x0000000783b00000, 0x0000000783b00000, 0x0000000783c00000|  0%| F|  |TAMS 0x0000000783b00000, 0x0000000783b00000| Untracked 
|  60|0x0000000783c00000, 0x0000000783c00000, 0x0000000783d00000|  0%| F|  |TAMS 0x0000000783c00000, 0x0000000783c00000| Untracked 
|  61|0x0000000783d00000, 0x0000000783d00000, 0x0000000783e00000|  0%| F|  |TAMS 0x0000000783d00000, 0x0000000783d00000| Untracked 
|  62|0x0000000783e00000, 0x0000000783e00000, 0x0000000783f00000|  0%| F|  |TAMS 0x0000000783e00000, 0x0000000783e00000| Untracked 
|  63|0x0000000783f00000, 0x0000000783f00000, 0x0000000784000000|  0%| F|  |TAMS 0x0000000783f00000, 0x0000000783f00000| Untracked 
|  64|0x0000000784000000, 0x0000000784000000, 0x0000000784100000|  0%| F|  |TAMS 0x0000000784000000, 0x0000000784000000| Untracked 
|  65|0x0000000784100000, 0x0000000784100000, 0x0000000784200000|  0%| F|  |TAMS 0x0000000784100000, 0x0000000784100000| Untracked 
|  66|0x0000000784200000, 0x0000000784200000, 0x0000000784300000|  0%| F|  |TAMS 0x0000000784200000, 0x0000000784200000| Untracked 
|  67|0x0000000784300000, 0x0000000784300000, 0x0000000784400000|  0%| F|  |TAMS 0x0000000784300000, 0x0000000784300000| Untracked 
|  68|0x0000000784400000, 0x0000000784400000, 0x0000000784500000|  0%| F|  |TAMS 0x0000000784400000, 0x0000000784400000| Untracked 
|  69|0x0000000784500000, 0x0000000784500000, 0x0000000784600000|  0%| F|  |TAMS 0x0000000784500000, 0x0000000784500000| Untracked 
|  70|0x0000000784600000, 0x0000000784600000, 0x0000000784700000|  0%| F|  |TAMS 0x0000000784600000, 0x0000000784600000| Untracked 
|  71|0x0000000784700000, 0x0000000784700000, 0x0000000784800000|  0%| F|  |TAMS 0x0000000784700000, 0x0000000784700000| Untracked 
|  72|0x0000000784800000, 0x0000000784800000, 0x0000000784900000|  0%| F|  |TAMS 0x0000000784800000, 0x0000000784800000| Untracked 
|  73|0x0000000784900000, 0x0000000784900000, 0x0000000784a00000|  0%| F|  |TAMS 0x0000000784900000, 0x0000000784900000| Untracked 
|  74|0x0000000784a00000, 0x0000000784a00000, 0x0000000784b00000|  0%| F|  |TAMS 0x0000000784a00000, 0x0000000784a00000| Untracked 
|  75|0x0000000784b00000, 0x0000000784b00000, 0x0000000784c00000|  0%| F|  |TAMS 0x0000000784b00000, 0x0000000784b00000| Untracked 
|  76|0x0000000784c00000, 0x0000000784c00000, 0x0000000784d00000|  0%| F|  |TAMS 0x0000000784c00000, 0x0000000784c00000| Untracked 
|  77|0x0000000784d00000, 0x0000000784d00000, 0x0000000784e00000|  0%| F|  |TAMS 0x0000000784d00000, 0x0000000784d00000| Untracked 
|  78|0x0000000784e00000, 0x0000000784e00000, 0x0000000784f00000|  0%| F|  |TAMS 0x0000000784e00000, 0x0000000784e00000| Untracked 
|  79|0x0000000784f00000, 0x0000000784f00000, 0x0000000785000000|  0%| F|  |TAMS 0x0000000784f00000, 0x0000000784f00000| Untracked 
|  80|0x0000000785000000, 0x0000000785000000, 0x0000000785100000|  0%| F|  |TAMS 0x0000000785000000, 0x0000000785000000| Untracked 
|  81|0x0000000785100000, 0x0000000785100000, 0x0000000785200000|  0%| F|  |TAMS 0x0000000785100000, 0x0000000785100000| Untracked 
|  82|0x0000000785200000, 0x0000000785200000, 0x0000000785300000|  0%| F|  |TAMS 0x0000000785200000, 0x0000000785200000| Untracked 
|  83|0x0000000785300000, 0x0000000785300000, 0x0000000785400000|  0%| F|  |TAMS 0x0000000785300000, 0x0000000785300000| Untracked 
|  84|0x0000000785400000, 0x0000000785400000, 0x0000000785500000|  0%| F|  |TAMS 0x0000000785400000, 0x0000000785400000| Untracked 
|  85|0x0000000785500000, 0x0000000785500000, 0x0000000785600000|  0%| F|  |TAMS 0x0000000785500000, 0x0000000785500000| Untracked 
|  86|0x0000000785600000, 0x0000000785600000, 0x0000000785700000|  0%| F|  |TAMS 0x0000000785600000, 0x0000000785600000| Untracked 
|  87|0x0000000785700000, 0x0000000785700000, 0x0000000785800000|  0%| F|  |TAMS 0x0000000785700000, 0x0000000785700000| Untracked 
|  88|0x0000000785800000, 0x0000000785800000, 0x0000000785900000|  0%| F|  |TAMS 0x0000000785800000, 0x0000000785800000| Untracked 
|  89|0x0000000785900000, 0x0000000785900000, 0x0000000785a00000|  0%| F|  |TAMS 0x0000000785900000, 0x0000000785900000| Untracked 
|  90|0x0000000785a00000, 0x0000000785a00000, 0x0000000785b00000|  0%| F|  |TAMS 0x0000000785a00000, 0x0000000785a00000| Untracked 
|  91|0x0000000785b00000, 0x0000000785b00000, 0x0000000785c00000|  0%| F|  |TAMS 0x0000000785b00000, 0x0000000785b00000| Untracked 
|  92|0x0000000785c00000, 0x0000000785c00000, 0x0000000785d00000|  0%| F|  |TAMS 0x0000000785c00000, 0x0000000785c00000| Untracked 
|  93|0x0000000785d00000, 0x0000000785d00000, 0x0000000785e00000|  0%| F|  |TAMS 0x0000000785d00000, 0x0000000785d00000| Untracked 
|  94|0x0000000785e00000, 0x0000000785e00000, 0x0000000785f00000|  0%| F|  |TAMS 0x0000000785e00000, 0x0000000785e00000| Untracked 
|  95|0x0000000785f00000, 0x0000000785f00000, 0x0000000786000000|  0%| F|  |TAMS 0x0000000785f00000, 0x0000000785f00000| Untracked 
|  96|0x0000000786000000, 0x0000000786000000, 0x0000000786100000|  0%| F|  |TAMS 0x0000000786000000, 0x0000000786000000| Untracked 
|  97|0x0000000786100000, 0x0000000786100000, 0x0000000786200000|  0%| F|  |TAMS 0x0000000786100000, 0x0000000786100000| Untracked 
|  98|0x0000000786200000, 0x0000000786200000, 0x0000000786300000|  0%| F|  |TAMS 0x0000000786200000, 0x0000000786200000| Untracked 
|  99|0x0000000786300000, 0x0000000786300000, 0x0000000786400000|  0%| F|  |TAMS 0x0000000786300000, 0x0000000786300000| Untracked 
| 100|0x0000000786400000, 0x0000000786400000, 0x0000000786500000|  0%| F|  |TAMS 0x0000000786400000, 0x0000000786400000| Untracked 
| 101|0x0000000786500000, 0x0000000786500000, 0x0000000786600000|  0%| F|  |TAMS 0x0000000786500000, 0x0000000786500000| Untracked 
| 102|0x0000000786600000, 0x0000000786600000, 0x0000000786700000|  0%| F|  |TAMS 0x0000000786600000, 0x0000000786600000| Untracked 
| 103|0x0000000786700000, 0x0000000786700000, 0x0000000786800000|  0%| F|  |TAMS 0x0000000786700000, 0x0000000786700000| Untracked 
| 104|0x0000000786800000, 0x00000007868e5848, 0x0000000786900000| 89%| S|CS|TAMS 0x0000000786800000, 0x0000000786800000| Complete 
| 105|0x0000000786900000, 0x0000000786900000, 0x0000000786a00000|  0%| F|  |TAMS 0x0000000786900000, 0x0000000786900000| Untracked 
| 106|0x0000000786a00000, 0x0000000786a00000, 0x0000000786b00000|  0%| F|  |TAMS 0x0000000786a00000, 0x0000000786a00000| Untracked 
| 107|0x0000000786b00000, 0x0000000786b00000, 0x0000000786c00000|  0%| F|  |TAMS 0x0000000786b00000, 0x0000000786b00000| Untracked 
| 108|0x0000000786c00000, 0x0000000786c00000, 0x0000000786d00000|  0%| F|  |TAMS 0x0000000786c00000, 0x0000000786c00000| Untracked 
| 109|0x0000000786d00000, 0x0000000786d00000, 0x0000000786e00000|  0%| F|  |TAMS 0x0000000786d00000, 0x0000000786d00000| Untracked 
| 110|0x0000000786e00000, 0x0000000786e00000, 0x0000000786f00000|  0%| F|  |TAMS 0x0000000786e00000, 0x0000000786e00000| Untracked 
| 111|0x0000000786f00000, 0x0000000786f00000, 0x0000000787000000|  0%| F|  |TAMS 0x0000000786f00000, 0x0000000786f00000| Untracked 
| 112|0x0000000787000000, 0x0000000787080800, 0x0000000787100000| 50%| E|  |TAMS 0x0000000787000000, 0x0000000787000000| Complete 
| 113|0x0000000787100000, 0x0000000787200000, 0x0000000787200000|100%| E|CS|TAMS 0x0000000787100000, 0x0000000787100000| Complete 
| 114|0x0000000787200000, 0x0000000787300000, 0x0000000787300000|100%| E|CS|TAMS 0x0000000787200000, 0x0000000787200000| Complete 
| 115|0x0000000787300000, 0x0000000787400000, 0x0000000787400000|100%| E|CS|TAMS 0x0000000787300000, 0x0000000787300000| Complete 
| 116|0x0000000787400000, 0x0000000787500000, 0x0000000787500000|100%| E|CS|TAMS 0x0000000787400000, 0x0000000787400000| Complete 
| 117|0x0000000787500000, 0x0000000787600000, 0x0000000787600000|100%| E|CS|TAMS 0x0000000787500000, 0x0000000787500000| Complete 
| 118|0x0000000787600000, 0x0000000787700000, 0x0000000787700000|100%| E|CS|TAMS 0x0000000787600000, 0x0000000787600000| Complete 
| 119|0x0000000787700000, 0x0000000787800000, 0x0000000787800000|100%| E|CS|TAMS 0x0000000787700000, 0x0000000787700000| Complete 
| 120|0x0000000787800000, 0x0000000787900000, 0x0000000787900000|100%| E|CS|TAMS 0x0000000787800000, 0x0000000787800000| Complete 
| 121|0x0000000787900000, 0x0000000787a00000, 0x0000000787a00000|100%| E|CS|TAMS 0x0000000787900000, 0x0000000787900000| Complete 
| 122|0x0000000787a00000, 0x0000000787b00000, 0x0000000787b00000|100%| E|CS|TAMS 0x0000000787a00000, 0x0000000787a00000| Complete 
| 123|0x0000000787b00000, 0x0000000787c00000, 0x0000000787c00000|100%| E|CS|TAMS 0x0000000787b00000, 0x0000000787b00000| Complete 
| 124|0x0000000787c00000, 0x0000000787d00000, 0x0000000787d00000|100%| E|CS|TAMS 0x0000000787c00000, 0x0000000787c00000| Complete 
| 125|0x0000000787d00000, 0x0000000787e00000, 0x0000000787e00000|100%| E|CS|TAMS 0x0000000787d00000, 0x0000000787d00000| Complete 
| 126|0x0000000787e00000, 0x0000000787f00000, 0x0000000787f00000|100%| E|CS|TAMS 0x0000000787e00000, 0x0000000787e00000| Complete 
| 127|0x0000000787f00000, 0x0000000788000000, 0x0000000788000000|100%| E|CS|TAMS 0x0000000787f00000, 0x0000000787f00000| Complete 
|1022|0x00000007bfe00000, 0x00000007bfe75000, 0x00000007bff00000| 45%|OA|  |TAMS 0x00000007bfe00000, 0x00000007bfe00000| Untracked 
|1023|0x00000007bff00000, 0x00000007bff7d000, 0x00000007c0000000| 48%|CA|  |TAMS 0x00000007bff00000, 0x00000007bff00000| Untracked 

Card table byte_map: [0x000000010f400000,0x000000010f800000] _byte_map_base: 0x000000010b800000

Marking Bits (Prev, Next): (CMBitMap*) 0x00007fd01a041210, (CMBitMap*) 0x00007fd01a041250
 Prev Bits: [0x0000000128ebf000, 0x000000012aebf000)
 Next Bits: [0x000000012aebf000, 0x000000012cebf000)

Polling page: 0x000000010aa03000

Metaspace:

Usage:
  Non-class:  
[error occurred during error reporting (printing metaspace information), id 0x4, SIGILL (0x4) at pc=0x00007ff80636bee0]

CodeHeap 'non-profiled nmethods': size=120028Kb used=673Kb max_used=673Kb free=119355Kb
 bounds [0x0000000121988000, 0x0000000121bf8000, 0x0000000128ebf000]
CodeHeap 'profiled nmethods': size=120028Kb used=1823Kb max_used=1823Kb free=118204Kb
 bounds [0x000000011a451000, 0x000000011a6c1000, 0x0000000121988000]
CodeHeap 'non-nmethods': size=5704Kb used=1228Kb max_used=1268Kb free=4475Kb
 bounds [0x0000000119ebf000, 0x000000011a12f000, 0x000000011a451000]
 total_blobs=1622 nmethods=1154 adapters=383
 compilation: enabled
              stopped_count=0, restarted_count=0
 full_count=0

Compilation events (20 events):

[error occurred during error reporting (printing ring buffers), id 0x4, SIGILL (0x4) at pc=0x00007ff80636bee0]

Dynamic libraries:
0x000000010aa05000 	/Library/Java/JavaVirtualMachines/jdk-16.0.2.jdk/Contents/Home/lib/libjli.dylib
0x00007ff8113c3000 	/usr/lib/libz.1.dylib
0x00007ff8114a9000 	/usr/lib/libSystem.B.dylib
0x00007ff8114a4000 	/usr/lib/system/libcache.dylib
0x00007ff811460000 	/usr/lib/system/libcommonCrypto.dylib
0x00007ff811489000 	/usr/lib/system/libcompiler_rt.dylib
0x00007ff81147f000 	/usr/lib/system/libcopyfile.dylib
0x00007ff8060d7000 	/usr/lib/system/libcorecrypto.dylib
0x00007ff806196000 	/usr/lib/system/libdispatch.dylib
0x00007ff806358000 	/usr/lib/system/libdyld.dylib
0x00007ff81149b000 	/usr/lib/system/libkeymgr.dylib
0x00007ff81143e000 	/usr/lib/system/libmacho.dylib
0x00007ff810ac4000 	/usr/lib/system/libquarantine.dylib
0x00007ff811499000 	/usr/lib/system/libremovefile.dylib
0x00007ff80b1e5000 	/usr/lib/system/libsystem_asl.dylib
0x00007ff806085000 	/usr/lib/system/libsystem_blocks.dylib
0x00007ff80621d000 	/usr/lib/system/libsystem_c.dylib
0x00007ff811491000 	/usr/lib/system/libsystem_collections.dylib
0x00007ff80fde5000 	/usr/lib/system/libsystem_configuration.dylib
0x00007ff80f0a0000 	/usr/lib/system/libsystem_containermanager.dylib
0x00007ff811175000 	/usr/lib/system/libsystem_coreservices.dylib
0x00007ff8088a8000 	/usr/lib/system/libsystem_darwin.dylib
0x00007ff81149c000 	/usr/lib/system/libsystem_dnssd.dylib
0x00007ff80621a000 	/usr/lib/system/libsystem_featureflags.dylib
0x00007ff80636e000 	/usr/lib/system/libsystem_info.dylib
0x00007ff8113d6000 	/usr/lib/system/libsystem_m.dylib
0x00007ff80616a000 	/usr/lib/system/libsystem_malloc.dylib
0x00007ff80b182000 	/usr/lib/system/libsystem_networkextension.dylib
0x00007ff808cd0000 	/usr/lib/system/libsystem_notify.dylib
0x00007ff8176d5000 	/usr/lib/system/libsystem_product_info_filter.dylib
0x00007ff80fde9000 	/usr/lib/system/libsystem_sandbox.dylib
0x00007ff811496000 	/usr/lib/system/libsystem_secinit.dylib
0x00007ff806315000 	/usr/lib/system/libsystem_kernel.dylib
0x00007ff806364000 	/usr/lib/system/libsystem_platform.dylib
0x00007ff80634c000 	/usr/lib/system/libsystem_pthread.dylib
0x00007ff80cab0000 	/usr/lib/system/libsystem_symptoms.dylib
0x00007ff8060be000 	/usr/lib/system/libsystem_trace.dylib
0x00007ff81146c000 	/usr/lib/system/libunwind.dylib
0x00007ff806087000 	/usr/lib/system/libxpc.dylib
0x00007ff8062ff000 	/usr/lib/libc++abi.dylib
0x00007ff8061dd000 	/usr/lib/libobjc.A.dylib
0x00007ff811477000 	/usr/lib/liboah.dylib
0x00007ff8062a6000 	/usr/lib/libc++.1.dylib
0x00007ff81d430000 	/System/Library/Frameworks/Cocoa.framework/Versions/A/Cocoa
0x00007ff808d2e000 	/System/Library/Frameworks/AppKit.framework/Versions/C/AppKit
0x00007ff80c28d000 	/System/Library/Frameworks/CoreData.framework/Versions/A/CoreData
0x00007ff807145000 	/System/Library/Frameworks/Foundation.framework/Versions/C/Foundation
0x00007ff809bc0000 	/System/Library/PrivateFrameworks/UIFoundation.framework/Versions/A/UIFoundation
0x00007ff8173dc000 	/System/Library/PrivateFrameworks/RemoteViewServices.framework/Versions/A/RemoteViewServices
0x00007ff80f77c000 	/System/Library/PrivateFrameworks/XCTTargetBootstrap.framework/Versions/A/XCTTargetBootstrap
0x00007ff813375000 	/System/Library/PrivateFrameworks/InternationalSupport.framework/Versions/A/InternationalSupport
0x00007ff8133ff000 	/System/Library/PrivateFrameworks/UserActivity.framework/Versions/A/UserActivity
0x00007ff81275c000 	/usr/lib/libspindump.dylib
0x00007ff809e4e000 	/System/Library/Frameworks/UniformTypeIdentifiers.framework/Versions/A/UniformTypeIdentifiers
0x00007ff80deb5000 	/usr/lib/libapp_launch_measurement.dylib
0x00007ff80cc69000 	/System/Library/PrivateFrameworks/CoreAnalytics.framework/Versions/A/CoreAnalytics
0x00007ff80deb8000 	/System/Library/PrivateFrameworks/CoreAutoLayout.framework/Versions/A/CoreAutoLayout
0x00007ff80f0d8000 	/System/Library/Frameworks/Metal.framework/Versions/A/Metal
0x00007ff80fdf4000 	/usr/lib/liblangid.dylib
0x00007ff80f780000 	/System/Library/PrivateFrameworks/CoreSVG.framework/Versions/A/CoreSVG
0x00007ff80b215000 	/System/Library/PrivateFrameworks/SkyLight.framework/Versions/A/SkyLight
0x00007ff80b5ab000 	/System/Library/Frameworks/CoreGraphics.framework/Versions/A/CoreGraphics
0x00007ff817a4b000 	/System/Library/Frameworks/Accelerate.framework/Versions/A/Accelerate
0x00007ff8121d7000 	/System/Library/PrivateFrameworks/IconServices.framework/Versions/A/IconServices
0x00007ff80f0bd000 	/System/Library/Frameworks/IOSurface.framework/Versions/A/IOSurface
0x00007ff80cc97000 	/usr/lib/libDiagnosticMessagesClient.dylib
0x00007ff81b0bc000 	/System/Library/Frameworks/ApplicationServices.framework/Versions/A/ApplicationServices
0x00007ff80f768000 	/System/Library/PrivateFrameworks/DFRFoundation.framework/Versions/A/DFRFoundation
0x00007ff80861f000 	/usr/lib/libicucore.A.dylib
0x00007ff81409a000 	/System/Library/Frameworks/AudioToolbox.framework/Versions/A/AudioToolbox
0x00007ff813381000 	/System/Library/PrivateFrameworks/DataDetectorsCore.framework/Versions/A/DataDetectorsCore
0x00007ff90ec73000 	/System/Library/PrivateFrameworks/TextInput.framework/Versions/A/TextInput
0x00007ff80b199000 	/usr/lib/libMobileGestalt.dylib
0x00007ff80f470000 	/System/Library/Frameworks/Carbon.framework/Versions/A/Frameworks/HIToolbox.framework/Versions/A/HIToolbox
0x00007ff80d8e2000 	/System/Library/Frameworks/QuartzCore.framework/Versions/A/QuartzCore
0x00007ff8082bf000 	/System/Library/Frameworks/Security.framework/Versions/A/Security
0x00007ff817414000 	/System/Library/Frameworks/Carbon.framework/Versions/A/Frameworks/SpeechRecognition.framework/Versions/A/SpeechRecognition
0x00007ff80dc15000 	/System/Library/PrivateFrameworks/CoreUI.framework/Versions/A/CoreUI
0x00007ff807b97000 	/System/Library/Frameworks/CoreAudio.framework/Versions/A/CoreAudio
0x00007ff80cd85000 	/System/Library/Frameworks/DiskArbitration.framework/Versions/A/DiskArbitration
0x00007ff812b3f000 	/System/Library/PrivateFrameworks/MultitouchSupport.framework/Versions/A/MultitouchSupport
0x00007ff80b198000 	/usr/lib/libenergytrace.dylib
0x00007ff808c1a000 	/System/Library/Frameworks/IOKit.framework/Versions/A/IOKit
0x00007ff817800000 	/System/Library/Frameworks/CoreServices.framework/Versions/A/CoreServices
0x00007ff80de4f000 	/System/Library/PrivateFrameworks/PerformanceAnalysis.framework/Versions/A/PerformanceAnalysis
0x00007ffa1e75a000 	/System/Library/Frameworks/OpenGL.framework/Versions/A/OpenGL
0x00007ff8109f0000 	/System/Library/PrivateFrameworks/MobileKeyBag.framework/Versions/A/MobileKeyBag
0x00007ff80bcda000 	/System/Library/Frameworks/ColorSync.framework/Versions/A/ColorSync
0x00007ff806399000 	/System/Library/Frameworks/CoreFoundation.framework/Versions/A/CoreFoundation
0x00007ff80f9fb000 	/System/Library/Frameworks/CoreImage.framework/Versions/A/CoreImage
0x00007ff8079ad000 	/System/Library/Frameworks/CoreText.framework/Versions/A/CoreText
0x00007ff80f7af000 	/System/Library/Frameworks/ImageIO.framework/Versions/A/ImageIO
0x00007ff8114af000 	/System/Library/PrivateFrameworks/SoftLinking.framework/Versions/A/SoftLinking
0x00007ff80df00000 	/usr/lib/libxml2.2.dylib
0x00007ff811730000 	/usr/lib/libcompression.dylib
0x00007ff8132ab000 	/System/Library/PrivateFrameworks/TextureIO.framework/Versions/A/TextureIO
0x00007ff811e50000 	/usr/lib/libate.dylib
0x00007ff811c09000 	/usr/lib/liblzma.5.dylib
0x00007ff806e56000 	/System/Library/Frameworks/SystemConfiguration.framework/Versions/A/SystemConfiguration
0x00007ff8114ab000 	/usr/lib/libfakelink.dylib
0x00007ff80aceb000 	/System/Library/Frameworks/CFNetwork.framework/Versions/A/CFNetwork
0x00007ff8115ea000 	/usr/lib/libarchive.2.dylib
0x00007ff80fdf0000 	/System/Library/PrivateFrameworks/AppleSystemInfo.framework/Versions/A/AppleSystemInfo
0x00007ff810aeb000 	/usr/lib/libbsm.0.dylib
0x00007ff80a321000 	/usr/lib/libnetwork.dylib
0x00007ff811444000 	/usr/lib/system/libkxld.dylib
0x00007ff810719000 	/System/Library/PrivateFrameworks/IOMobileFramebuffer.framework/Versions/A/IOMobileFramebuffer
0x00007ffb1c3c6000 	/usr/lib/libCoreEntitlements.dylib
0x00007ff811157000 	/System/Library/PrivateFrameworks/AppleFSCompression.framework/Versions/A/AppleFSCompression
0x00007ff810ad3000 	/usr/lib/libcoretls.dylib
0x00007ff811c23000 	/usr/lib/libcoretls_cfhelpers.dylib
0x00007ff81172b000 	/usr/lib/libpam.2.dylib
0x00007ff80c6d6000 	/usr/lib/libsqlite3.dylib
0x00007ff811c92000 	/usr/lib/libxar.1.dylib
0x00007ff811167000 	/usr/lib/libbz2.1.0.dylib
0x00007ff8114b0000 	/usr/lib/libpcap.A.dylib
0x00007ff80caa7000 	/usr/lib/libdns_services.dylib
0x00007ff8116fd000 	/usr/lib/libapple_nghttp2.dylib
0x00007ff8114e7000 	/usr/lib/libiconv.2.dylib
0x00007ff81143d000 	/usr/lib/libcharset.1.dylib
0x00007ff80de83000 	/System/Library/Frameworks/CoreServices.framework/Versions/A/Frameworks/FSEvents.framework/Versions/A/FSEvents
0x00007ff8088b2000 	/System/Library/Frameworks/CoreServices.framework/Versions/A/Frameworks/CarbonCore.framework/Versions/A/CarbonCore
0x00007ff80ccea000 	/System/Library/Frameworks/CoreServices.framework/Versions/A/Frameworks/Metadata.framework/Versions/A/Metadata
0x00007ff81117a000 	/System/Library/Frameworks/CoreServices.framework/Versions/A/Frameworks/OSServices.framework/Versions/A/OSServices
0x00007ff811671000 	/System/Library/Frameworks/CoreServices.framework/Versions/A/Frameworks/SearchKit.framework/Versions/A/SearchKit
0x00007ff80ca39000 	/System/Library/Frameworks/CoreServices.framework/Versions/A/Frameworks/AE.framework/Versions/A/AE
0x00007ff80689a000 	/System/Library/Frameworks/CoreServices.framework/Versions/A/Frameworks/LaunchServices.framework/Versions/A/LaunchServices
0x00007ff811bba000 	/System/Library/Frameworks/CoreServices.framework/Versions/A/Frameworks/DictionaryServices.framework/Versions/A/DictionaryServices
0x00007ff80de90000 	/System/Library/Frameworks/CoreServices.framework/Versions/A/Frameworks/SharedFileList.framework/Versions/A/SharedFileList
0x00007ff810ac7000 	/usr/lib/libCheckFix.dylib
0x00007ff80b1fc000 	/System/Library/PrivateFrameworks/TCC.framework/Versions/A/TCC
0x00007ff80fdf6000 	/System/Library/PrivateFrameworks/CoreNLP.framework/Versions/A/CoreNLP
0x00007ff80cc9a000 	/System/Library/PrivateFrameworks/MetadataUtilities.framework/Versions/A/MetadataUtilities
0x00007ff806f06000 	/usr/lib/libmecabra.dylib
0x00007ff810afb000 	/usr/lib/libmecab.dylib
0x00007ff806ed1000 	/usr/lib/libCRFSuite.dylib
0x00007ff810b58000 	/usr/lib/libgermantok.dylib
0x00007ff8116d8000 	/usr/lib/libThaiTokenizer.dylib
0x00007ff80cd8c000 	/System/Library/Frameworks/Accelerate.framework/Versions/A/Frameworks/vImage.framework/Versions/A/vImage
0x00007ff8177d7000 	/System/Library/Frameworks/Accelerate.framework/Versions/A/Frameworks/vecLib.framework/Versions/A/vecLib
0x00007ff811cd3000 	/System/Library/Frameworks/Accelerate.framework/Versions/A/Frameworks/vecLib.framework/Versions/A/libvMisc.dylib
0x00007ff81050d000 	/System/Library/Frameworks/Accelerate.framework/Versions/A/Frameworks/vecLib.framework/Versions/A/libvDSP.dylib
0x00007ff806c12000 	/System/Library/Frameworks/Accelerate.framework/Versions/A/Frameworks/vecLib.framework/Versions/A/libBLAS.dylib
0x00007ff81180d000 	/System/Library/Frameworks/Accelerate.framework/Versions/A/Frameworks/vecLib.framework/Versions/A/libLAPACK.dylib
0x00007ff810b5b000 	/System/Library/Frameworks/Accelerate.framework/Versions/A/Frameworks/vecLib.framework/Versions/A/libLinearAlgebra.dylib
0x00007ff811716000 	/System/Library/Frameworks/Accelerate.framework/Versions/A/Frameworks/vecLib.framework/Versions/A/libSparseBLAS.dylib
0x00007ff811807000 	/System/Library/Frameworks/Accelerate.framework/Versions/A/Frameworks/vecLib.framework/Versions/A/libQuadrature.dylib
0x00007ff80fee0000 	/System/Library/Frameworks/Accelerate.framework/Versions/A/Frameworks/vecLib.framework/Versions/A/libBNNS.dylib
0x00007ff806de7000 	/System/Library/Frameworks/Accelerate.framework/Versions/A/Frameworks/vecLib.framework/Versions/A/libSparse.dylib
0x00007ff80fed9000 	/System/Library/PrivateFrameworks/LinguisticData.framework/Versions/A/LinguisticData
0x00007ff806d9c000 	/System/Library/PrivateFrameworks/Lexicon.framework/Versions/A/Lexicon
0x00007ff811ccc000 	/usr/lib/libChineseTokenizer.dylib
0x00007ff807500000 	/System/Library/PrivateFrameworks/LanguageModeling.framework/Versions/A/LanguageModeling
0x00007ff8116da000 	/System/Library/PrivateFrameworks/AppleSauce.framework/Versions/A/AppleSauce
0x00007ff810707000 	/System/Library/PrivateFrameworks/CoreEmoji.framework/Versions/A/CoreEmoji
0x00007ff8115d9000 	/usr/lib/libcmph.dylib
0x00007ff80de67000 	/System/Library/Frameworks/OpenDirectory.framework/Versions/A/Frameworks/CFOpenDirectory.framework/Versions/A/CFOpenDirectory
0x00007ff80de5b000 	/System/Library/Frameworks/OpenDirectory.framework/Versions/A/OpenDirectory
0x00007ff811c25000 	/System/Library/PrivateFrameworks/APFS.framework/Versions/A/APFS
0x00007ff810a28000 	/System/Library/Frameworks/SecurityFoundation.framework/Versions/A/SecurityFoundation
0x00007ff811ca0000 	/usr/lib/libutil.dylib
0x00007ff808bdd000 	/System/Library/PrivateFrameworks/CoreServicesStore.framework/Versions/A/CoreServicesStore
0x00007ff811ca4000 	/usr/lib/libxslt.1.dylib
0x00007ff810ab5000 	/System/Library/PrivateFrameworks/BackgroundTaskManagement.framework/Versions/A/BackgroundTaskManagement
0x00007ff8131cd000 	/System/Library/Frameworks/ImageIO.framework/Versions/A/Resources/libRadiance.dylib
0x00007ff8131d6000 	/System/Library/Frameworks/ImageIO.framework/Versions/A/Resources/libJPEG.dylib
0x00007ff813127000 	/System/Library/Frameworks/ImageIO.framework/Versions/A/Resources/libPng.dylib
0x00007ff813148000 	/System/Library/Frameworks/ImageIO.framework/Versions/A/Resources/libTIFF.dylib
0x00007ff813234000 	/System/Library/Frameworks/ImageIO.framework/Versions/A/Resources/libGIF.dylib
0x00007ff812a5c000 	/System/Library/Frameworks/ImageIO.framework/Versions/A/Resources/libJP2.dylib
0x00007ff81219e000 	/usr/lib/libexpat.1.dylib
0x00007ff812a11000 	/System/Library/PrivateFrameworks/AppleJPEG.framework/Versions/A/AppleJPEG
0x00007ff80f333000 	/System/Library/PrivateFrameworks/FontServices.framework/libFontParser.dylib
0x00007ff80c9e3000 	/System/Library/PrivateFrameworks/RunningBoardServices.framework/Versions/A/RunningBoardServices
0x00007ff81d9ac000 	/System/Library/PrivateFrameworks/IOSurfaceAccelerator.framework/Versions/A/IOSurfaceAccelerator
0x00007ff812b3b000 	/System/Library/PrivateFrameworks/WatchdogClient.framework/Versions/A/WatchdogClient
0x00007ff8075ef000 	/System/Library/Frameworks/CoreDisplay.framework/Versions/A/CoreDisplay
0x00007ff80f232000 	/System/Library/Frameworks/CoreMedia.framework/Versions/A/CoreMedia
0x00007ff80f0cf000 	/System/Library/PrivateFrameworks/IOAccelerator.framework/Versions/A/IOAccelerator
0x00007ff80dfe3000 	/System/Library/Frameworks/CoreVideo.framework/Versions/A/CoreVideo
0x00007ff811729000 	/System/Library/Frameworks/MetalPerformanceShaders.framework/Versions/A/MetalPerformanceShaders
0x00007ff812b76000 	/System/Library/Frameworks/VideoToolbox.framework/Versions/A/VideoToolbox
0x00007ff80c92b000 	/System/Library/PrivateFrameworks/BaseBoard.framework/Versions/A/BaseBoard
0x00007ff80c6bc000 	/System/Library/PrivateFrameworks/ProtocolBuffer.framework/Versions/A/ProtocolBuffer
0x00007ff8131c6000 	/System/Library/PrivateFrameworks/GPUWrangler.framework/Versions/A/GPUWrangler
0x00007ff8131a9000 	/System/Library/PrivateFrameworks/IOPresentment.framework/Versions/A/IOPresentment
0x00007ff8131d0000 	/System/Library/PrivateFrameworks/DSExternalDisplay.framework/Versions/A/DSExternalDisplay
0x00007ffa1e74e000 	/System/Library/Frameworks/OpenGL.framework/Versions/A/Libraries/libCoreFSCache.dylib
0x00007ffb0a636000 	/System/Library/PrivateFrameworks/GPUCompiler.framework/Versions/31001/Libraries/libGPUCompilerUtils.dylib
0x00007ff813239000 	/System/Library/PrivateFrameworks/CMCaptureCore.framework/Versions/A/CMCaptureCore
0x00007ff81274a000 	/System/Library/PrivateFrameworks/AppServerSupport.framework/Versions/A/AppServerSupport
0x00007ff814920000 	/System/Library/PrivateFrameworks/perfdata.framework/Versions/A/perfdata
0x00007ff80771b000 	/System/Library/PrivateFrameworks/AudioToolboxCore.framework/Versions/A/AudioToolboxCore
0x00007ff80f20f000 	/System/Library/PrivateFrameworks/caulk.framework/Versions/A/caulk
0x00007ff814244000 	/usr/lib/libAudioStatistics.dylib
0x00007ff90b501000 	/System/Library/PrivateFrameworks/SystemPolicy.framework/Versions/A/SystemPolicy
0x00007ff814499000 	/usr/lib/libSMC.dylib
0x00007ff81d2e3000 	/System/Library/Frameworks/CoreMIDI.framework/Versions/A/CoreMIDI
0x00007ff8130f7000 	/usr/lib/libAudioToolboxUtility.dylib
0x00007ff907913000 	/System/Library/PrivateFrameworks/OSAServicesClient.framework/Versions/A/OSAServicesClient
0x00007ff81492d000 	/usr/lib/libperfcheck.dylib
0x00007ff90bf93000 	/usr/lib/libmis.dylib
0x00007ffa1e7aa000 	/System/Library/Frameworks/OpenGL.framework/Versions/A/Libraries/libGLU.dylib
0x00007ffa1e76d000 	/System/Library/Frameworks/OpenGL.framework/Versions/A/Libraries/libGFXShared.dylib
0x00007ffa1e97b000 	/System/Library/Frameworks/OpenGL.framework/Versions/A/Libraries/libGL.dylib
0x00007ffa1e776000 	/System/Library/Frameworks/OpenGL.framework/Versions/A/Libraries/libGLImage.dylib
0x00007ffa1e76a000 	/System/Library/Frameworks/OpenGL.framework/Versions/A/Libraries/libCVMSPluginSupport.dylib
0x00007ffa1e755000 	/System/Library/Frameworks/OpenGL.framework/Versions/A/Libraries/libCoreVMClient.dylib
0x00007ff80fd74000 	/System/Library/Frameworks/MetalPerformanceShaders.framework/Versions/A/Frameworks/MPSCore.framework/Versions/A/MPSCore
0x00007ff8110c2000 	/System/Library/Frameworks/MetalPerformanceShaders.framework/Versions/A/Frameworks/MPSImage.framework/Versions/A/MPSImage
0x00007ff810b71000 	/System/Library/Frameworks/MetalPerformanceShaders.framework/Versions/A/Frameworks/MPSNeuralNetwork.framework/Versions/A/MPSNeuralNetwork
0x00007ff810fe6000 	/System/Library/Frameworks/MetalPerformanceShaders.framework/Versions/A/Frameworks/MPSMatrix.framework/Versions/A/MPSMatrix
0x00007ff810da2000 	/System/Library/Frameworks/MetalPerformanceShaders.framework/Versions/A/Frameworks/MPSRayIntersector.framework/Versions/A/MPSRayIntersector
0x00007ff81101f000 	/System/Library/Frameworks/MetalPerformanceShaders.framework/Versions/A/Frameworks/MPSNDArray.framework/Versions/A/MPSNDArray
0x00007ffa2336f000 	/System/Library/Frameworks/MetalPerformanceShaders.framework/Versions/A/Frameworks/MPSFunctions.framework/Versions/A/MPSFunctions
0x00007ff806af5000 	/System/Library/PrivateFrameworks/MetalTools.framework/Versions/A/MetalTools
0x00007ff80fdee000 	/System/Library/PrivateFrameworks/AggregateDictionary.framework/Versions/A/AggregateDictionary
0x00007ff811f80000 	/usr/lib/libIOReport.dylib
0x00007ffa1fd8a000 	/System/Library/Frameworks/OpenCL.framework/Versions/A/OpenCL
0x00007ff8122e4000 	/System/Library/PrivateFrameworks/FaceCore.framework/Versions/A/FaceCore
0x00007ff8122d5000 	/System/Library/PrivateFrameworks/GraphVisualizer.framework/Versions/A/GraphVisualizer
0x00007ffb0a541000 	/System/Library/PrivateFrameworks/FontServices.framework/Versions/A/FontServices
0x00007ff812701000 	/System/Library/PrivateFrameworks/OTSVG.framework/Versions/A/OTSVG
0x00007ff80dbcb000 	/System/Library/Frameworks/ApplicationServices.framework/Versions/A/Frameworks/ATS.framework/Versions/A/Resources/libFontRegistry.dylib
0x00007ff812752000 	/System/Library/PrivateFrameworks/FontServices.framework/libhvf.dylib
0x00007ffb0a542000 	/System/Library/PrivateFrameworks/FontServices.framework/libXTFontStaticRegistryData.dylib
0x00007ff81214e000 	/System/Library/PrivateFrameworks/AppleVA.framework/Versions/A/AppleVA
0x00007ff814268000 	/System/Library/Frameworks/ApplicationServices.framework/Versions/A/Frameworks/ATS.framework/Versions/A/ATS
0x00007ff80bdd6000 	/System/Library/Frameworks/ApplicationServices.framework/Versions/A/Frameworks/HIServices.framework/Versions/A/HIServices
0x00007ff813243000 	/System/Library/Frameworks/ApplicationServices.framework/Versions/A/Frameworks/PrintCore.framework/Versions/A/PrintCore
0x00007ff8145ec000 	/System/Library/Frameworks/ApplicationServices.framework/Versions/A/Frameworks/QD.framework/Versions/A/QD
0x00007ff8145e4000 	/System/Library/Frameworks/ApplicationServices.framework/Versions/A/Frameworks/ColorSyncLegacy.framework/Versions/A/ColorSyncLegacy
0x00007ff814258000 	/System/Library/Frameworks/ApplicationServices.framework/Versions/A/Frameworks/SpeechSynthesis.framework/Versions/A/SpeechSynthesis
0x00007ff813204000 	/System/Library/Frameworks/ApplicationServices.framework/Versions/A/Frameworks/ATSUI.framework/Versions/A/ATSUI
0x00007ff814579000 	/usr/lib/libcups.2.dylib
0x00007ff81493c000 	/System/Library/Frameworks/Kerberos.framework/Versions/A/Kerberos
0x00007ff81494b000 	/System/Library/Frameworks/GSS.framework/Versions/A/GSS
0x00007ff8142d4000 	/usr/lib/libresolv.9.dylib
0x00007ff812761000 	/System/Library/PrivateFrameworks/Heimdal.framework/Versions/A/Heimdal
0x00007ff81b439000 	/System/Library/Frameworks/Kerberos.framework/Versions/A/Libraries/libHeimdalProxy.dylib
0x00007ff80cab8000 	/System/Library/Frameworks/Network.framework/Versions/A/Network
0x00007ff8121b8000 	/usr/lib/libheimdal-asn1.dylib
0x00007ff814997000 	/System/Library/PrivateFrameworks/CommonAuth.framework/Versions/A/CommonAuth
0x00007ff8141d5000 	/System/Library/PrivateFrameworks/AudioSession.framework/Versions/A/AudioSession
0x00007ff812248000 	/System/Library/PrivateFrameworks/MediaExperience.framework/Versions/A/MediaExperience
0x00007ff814069000 	/System/Library/PrivateFrameworks/AudioSession.framework/libSessionUtility.dylib
0x00007ff8145f8000 	/System/Library/PrivateFrameworks/AudioResourceArbitration.framework/Versions/A/AudioResourceArbitration
0x00007ff8185ea000 	/System/Library/PrivateFrameworks/PowerLog.framework/Versions/A/PowerLog
0x00007ff8121c1000 	/System/Library/PrivateFrameworks/IconFoundation.framework/Versions/A/IconFoundation
0x00007ff817404000 	/System/Library/PrivateFrameworks/SpeechRecognitionCore.framework/Versions/A/SpeechRecognitionCore
0x0000000110023000 	/Library/Java/JavaVirtualMachines/jdk-16.0.2.jdk/Contents/Home/lib/server/libjvm.dylib
0x000000010aaa4000 	/Library/Java/JavaVirtualMachines/jdk-16.0.2.jdk/Contents/Home/lib/libjimage.dylib
0x000000010ab00000 	/Library/Java/JavaVirtualMachines/jdk-16.0.2.jdk/Contents/Home/lib/libjdwp.dylib
0x000000010abaa000 	/Library/Java/JavaVirtualMachines/jdk-16.0.2.jdk/Contents/Home/lib/libjava.dylib
0x000000010af87000 	/Library/Java/JavaVirtualMachines/jdk-16.0.2.jdk/Contents/Home/lib/libdt_socket.dylib
0x000000010fc00000 	/Library/Java/JavaVirtualMachines/jdk-16.0.2.jdk/Contents/Home/lib/libnio.dylib
0x000000010fc4a000 	/Library/Java/JavaVirtualMachines/jdk-16.0.2.jdk/Contents/Home/lib/libnet.dylib
0x000000010fc88000 	/Library/Java/JavaVirtualMachines/jdk-16.0.2.jdk/Contents/Home/lib/libzip.dylib
0x000000010fd39000 	/Users/lukasfiur/Desktop/RomiTags/build/jni/release/libwpiHaljni.dylib
0x0000000131445000 	/Users/lukasfiur/Desktop/RomiTags/build/jni/release/libwpiHal.dylib
0x00000001318cf000 	/Users/lukasfiur/Desktop/RomiTags/build/jni/release/libwpiutil.dylib
0x00007ff90b31d000 	/System/Library/Frameworks/AVFoundation.framework/Versions/A/AVFoundation
0x00007ffa2251b000 	/System/Library/Frameworks/AVFAudio.framework/Versions/A/AVFAudio
0x00007ff81920f000 	/System/Library/PrivateFrameworks/AVFCore.framework/Versions/A/AVFCore
0x00007ff8200d8000 	/System/Library/PrivateFrameworks/AVFCapture.framework/Versions/A/AVFCapture
0x00007ff815623000 	/System/Library/Frameworks/IOBluetooth.framework/Versions/A/IOBluetooth
0x00007ff818552000 	/System/Library/Frameworks/CoreBluetooth.framework/Versions/A/CoreBluetooth
0x00007ff81b4be000 	/System/Library/Frameworks/AudioUnit.framework/Versions/A/AudioUnit
0x00007ff8107fd000 	/System/Library/PrivateFrameworks/CoreUtils.framework/Versions/A/CoreUtils
0x00007ffb09863000 	/System/Library/PrivateFrameworks/CoreUtilsExtras.framework/Versions/A/CoreUtilsExtras
0x00007ff90a122000 	/System/Library/PrivateFrameworks/AirPlaySync.framework/Versions/A/AirPlaySync
0x00007ff81346b000 	/System/Library/Frameworks/MediaToolbox.framework/Versions/A/MediaToolbox
0x00007ff818bab000 	/System/Library/PrivateFrameworks/CoreAVCHD.framework/Versions/A/CoreAVCHD
0x00007ff817a93000 	/System/Library/Frameworks/MediaAccessibility.framework/Versions/A/MediaAccessibility
0x00007ff818ba7000 	/System/Library/PrivateFrameworks/Mangrove.framework/Versions/A/Mangrove
0x00007ff810a17000 	/System/Library/PrivateFrameworks/AssertionServices.framework/Versions/A/AssertionServices
0x00007ff817a9e000 	/System/Library/PrivateFrameworks/AlgosScoreFramework.framework/Versions/A/AlgosScoreFramework
0x00007ffb06ca8000 	/System/Library/PrivateFrameworks/CMPhoto.framework/Versions/A/CMPhoto
0x00007ff819700000 	/System/Library/PrivateFrameworks/AppleVPA.framework/Versions/A/AppleVPA
0x00007ff8187ec000 	/System/Library/PrivateFrameworks/CoreAUC.framework/Versions/A/CoreAUC
0x00007ffb06c91000 	/System/Library/PrivateFrameworks/CMImaging.framework/Versions/A/CMImaging
0x00007ff820228000 	/System/Library/PrivateFrameworks/Quagga.framework/Versions/A/Quagga
0x00007ff8202ef000 	/System/Library/PrivateFrameworks/CMCapture.framework/Versions/A/CMCapture
0x00007ff8143c3000 	/System/Library/Frameworks/CoreMediaIO.framework/Versions/A/CoreMediaIO
0x00007ff81b5e9000 	/System/Library/PrivateFrameworks/Espresso.framework/Versions/A/Espresso
0x00007ff81aec6000 	/System/Library/PrivateFrameworks/AppSupport.framework/Versions/A/AppSupport
0x00007ffa107e6000 	/System/Library/PrivateFrameworks/ANECompiler.framework/Versions/A/ANECompiler
0x00007ff81d267000 	/System/Library/PrivateFrameworks/AppleNeuralEngine.framework/Versions/A/AppleNeuralEngine
0x00007ffb0cfaa000 	/System/Library/PrivateFrameworks/MIL.framework/Versions/A/MIL
0x00007ffa23382000 	/System/Library/Frameworks/MetalPerformanceShadersGraph.framework/Versions/A/MetalPerformanceShadersGraph
0x00007ff81c15d000 	/System/Library/PrivateFrameworks/ANEServices.framework/Versions/A/ANEServices
0x00007ff814a26000 	/System/Library/PrivateFrameworks/CorePhoneNumbers.framework/Versions/A/CorePhoneNumbers
0x00007ff808cdf000 	/usr/lib/libsandbox.1.dylib
0x00007ff8120be000 	/usr/lib/libMatch.1.dylib
0x00007ff90fc75000 	/usr/lib/libncurses.5.4.dylib
0x00007ff81ab57000 	/System/Library/PrivateFrameworks/BackBoardServices.framework/Versions/A/BackBoardServices
0x00007ff8193ff000 	/System/Library/PrivateFrameworks/FrontBoardServices.framework/Versions/A/FrontBoardServices
0x00007ff819491000 	/System/Library/PrivateFrameworks/BoardServices.framework/Versions/A/BoardServices
0x0000000132406000 	/Users/lukasfiur/Desktop/RomiTags/build/jni/release/libhalsim_gui.dylib
0x000000013319f000 	/Users/lukasfiur/Desktop/RomiTags/build/jni/release/libwpimath.dylib
0x000000013162a000 	/Users/lukasfiur/Desktop/RomiTags/build/jni/release/libntcore.dylib
0x00007ff8157ae000 	/System/Library/Frameworks/MetalKit.framework/Versions/A/MetalKit
0x00007ff808b9e000 	/System/Library/PrivateFrameworks/CoreServicesInternal.framework/Versions/A/CoreServicesInternal
0x00007ff818bdb000 	/System/Library/Frameworks/FileProvider.framework/Versions/A/FileProvider
0x00007ff80c897000 	/System/Library/Frameworks/Accounts.framework/Versions/A/Accounts
0x00007ff818d53000 	/System/Library/PrivateFrameworks/GenerationalStorage.framework/Versions/A/GenerationalStorage
0x00007ff819865000 	/System/Library/PrivateFrameworks/CoreSymbolication.framework/Versions/A/CoreSymbolication
0x00007ff8185df000 	/System/Library/PrivateFrameworks/SymptomDiagnosticReporter.framework/Versions/A/SymptomDiagnosticReporter
0x00007ff809e62000 	/System/Library/PrivateFrameworks/DesktopServicesPriv.framework/Versions/A/DesktopServicesPriv
0x00007ff80e062000 	/System/Library/PrivateFrameworks/UserManagement.framework/Versions/A/UserManagement
0x00007ff81982a000 	/System/Library/PrivateFrameworks/DebugSymbols.framework/Versions/A/DebugSymbols
0x00007ff8145d9000 	/System/Library/PrivateFrameworks/NetAuth.framework/Versions/A/NetAuth
0x00007ff8154c8000 	/System/Library/PrivateFrameworks/Sharing.framework/Versions/A/Sharing
0x00007ff80e035000 	/System/Library/PrivateFrameworks/login.framework/Versions/A/Frameworks/loginsupport.framework/Versions/A/loginsupport
0x00007ff81a96b000 	/System/Library/PrivateFrameworks/Apple80211.framework/Versions/A/Apple80211
0x00007ff8111a7000 	/System/Library/PrivateFrameworks/AuthKit.framework/Versions/A/AuthKit
0x00007ff810724000 	/System/Library/Frameworks/CoreWLAN.framework/Versions/A/CoreWLAN
0x00007ff81a9d3000 	/System/Library/PrivateFrameworks/CoreWiFi.framework/Versions/A/CoreWiFi
0x00007ff8186fc000 	/System/Library/PrivateFrameworks/DiskManagement.framework/Versions/A/DiskManagement
0x00007ff818610000 	/System/Library/PrivateFrameworks/AppleIDAuthSupport.framework/Versions/A/AppleIDAuthSupport
0x00007ffa25328000 	/System/Library/PrivateFrameworks/AAAFoundation.framework/Versions/A/AAAFoundation
0x00007ff814a07000 	/System/Library/PrivateFrameworks/KeychainCircle.framework/Versions/A/KeychainCircle
0x00007ff8186c8000 	/System/Library/PrivateFrameworks/MediaKit.framework/Versions/A/MediaKit
0x00007ff81861c000 	/System/Library/Frameworks/DiscRecording.framework/Versions/A/DiscRecording
0x00007ff8120c6000 	/usr/lib/libCoreStorage.dylib
0x00007ff81ae46000 	/usr/lib/libcsfde.dylib
0x00007ff8156f0000 	/System/Library/PrivateFrameworks/ProtectedCloudStorage.framework/Versions/A/ProtectedCloudStorage
0x00007ff81ae42000 	/System/Library/PrivateFrameworks/EFILogin.framework/Versions/A/EFILogin
0x00007ff818d79000 	/System/Library/PrivateFrameworks/OctagonTrust.framework/Versions/A/OctagonTrust
0x00007ff80dd5b000 	/System/Library/PrivateFrameworks/ViewBridge.framework/Versions/A/ViewBridge
0x000000010fffe000 	/usr/lib/libobjc-trampolines.dylib
0x00007ff9103f7000 	/System/Library/Frameworks/Accelerate.framework/Versions/A/Frameworks/vImage.framework/Versions/A/Libraries/libCGInterfaces.dylib
0x00007ff81281b000 	/System/Library/PrivateFrameworks/login.framework/Versions/A/login
0x00007ffa208f4000 	/System/Library/Extensions/AGXMetal13_3.bundle/Contents/MacOS/AGXMetal13_3
0x00007ff90bfae000 	/System/Library/PrivateFrameworks/GPURawCounter.framework/Versions/A/GPURawCounter
0x00007ff906ade000 	/System/Library/PrivateFrameworks/IOGPU.framework/Versions/A/IOGPU
0x00000001321ed000 	/Users/lukasfiur/Desktop/RomiTags/build/jni/release/libhalsim_ws_client.dylib
0x0000000135744000 	/Users/lukasfiur/Desktop/RomiTags/build/jni/release/libhalsim_ws_server.dylib
0x0000000132180000 	/Users/lukasfiur/Desktop/RomiTags/build/jni/release/libcscorejni.dylib
0x00000001358a4000 	/Users/lukasfiur/Desktop/RomiTags/build/jni/release/libcscore.dylib
0x0000000135eac000 	/Users/lukasfiur/Desktop/RomiTags/build/jni/release/libopencv_gapi.4.5.dylib
0x0000000135a0f000 	/Users/lukasfiur/Desktop/RomiTags/build/jni/release/libopencv_features2d.4.5.dylib
0x0000000136cd9000 	/Users/lukasfiur/Desktop/RomiTags/build/jni/release/libopencv_core.4.5.dylib
0x0000000137432000 	/Users/lukasfiur/Desktop/RomiTags/build/jni/release/libopencv_calib3d.4.5.dylib
0x0000000135b92000 	/Users/lukasfiur/Desktop/RomiTags/build/jni/release/libopencv_ml.4.5.dylib
0x0000000135ce2000 	/Users/lukasfiur/Desktop/RomiTags/build/jni/release/libopencv_stitching.4.5.dylib
0x0000000137d35000 	/Users/lukasfiur/Desktop/RomiTags/build/jni/release/libopencv_imgproc.4.5.dylib
0x0000000136954000 	/Users/lukasfiur/Desktop/RomiTags/build/jni/release/libopencv_flann.4.5.dylib
0x0000000136a7e000 	/Users/lukasfiur/Desktop/RomiTags/build/jni/release/libopencv_photo.4.5.dylib
0x000000013233f000 	/Users/lukasfiur/Desktop/RomiTags/build/jni/release/libopencv_highgui.4.5.dylib
0x0000000136bea000 	/Users/lukasfiur/Desktop/RomiTags/build/jni/release/libopencv_videoio.4.5.dylib
0x000000013786c000 	/Users/lukasfiur/Desktop/RomiTags/build/jni/release/libopencv_objdetect.4.5.dylib
0x0000000138770000 	/Users/lukasfiur/Desktop/RomiTags/build/jni/release/libopencv_imgcodecs.4.5.dylib
0x0000000137985000 	/Users/lukasfiur/Desktop/RomiTags/build/jni/release/libopencv_video.4.5.dylib
0x00000001323ab000 	/Users/lukasfiur/Desktop/RomiTags/build/jni/release/libntcorejni.dylib
0x00007ffb1c4d8000 	/usr/lib/libRosetta.dylib


VM Arguments:
jvm_args: -agentlib:jdwp=transport=dt_socket,server=n,suspend=y,address=localhost:49579 -Djava.library.path=/Users/lukasfiur/Desktop/RomiTags/build/jni/release -XX:+ShowCodeDetailsInExceptionMessages 
java_command: frc.robot.Main
java_class_path (initial): /Users/lukasfiur/Desktop/RomiTags/bin/main:/Users/lukasfiur/wpilib/2022/maven/edu/wpi/first/wpilibj/wpilibj-java/2022.3.1/wpilibj-java-2022.3.1.jar:/Users/lukasfiur/wpilib/2022/maven/edu/wpi/first/wpimath/wpimath-java/2022.3.1/wpimath-java-2022.3.1.jar:/Users/lukasfiur/wpilib/2022/maven/edu/wpi/first/ntcore/ntcore-java/2022.3.1/ntcore-java-2022.3.1.jar:/Users/lukasfiur/wpilib/2022/maven/edu/wpi/first/cscore/cscore-java/2022.3.1/cscore-java-2022.3.1.jar:/Users/lukasfiur/wpilib/2022/maven/edu/wpi/first/cameraserver/cameraserver-java/2022.3.1/cameraserver-java-2022.3.1.jar:/Users/lukasfiur/wpilib/2022/maven/edu/wpi/first/hal/hal-java/2022.3.1/hal-java-2022.3.1.jar:/Users/lukasfiur/wpilib/2022/maven/edu/wpi/first/wpiutil/wpiutil-java/2022.3.1/wpiutil-java-2022.3.1.jar:/Users/lukasfiur/wpilib/2022/maven/edu/wpi/first/thirdparty/frc2022/opencv/opencv-java/4.5.2-1/opencv-java-4.5.2-1.jar:/Users/lukasfiur/wpilib/2022/maven/org/ejml/ejml-simple/0.41/ejml-simple-0.41.jar:/Users/lukasfiur/wpilib/2022/maven/com/fasterxml/jackson/core/jackson-databind/2.12.4/jackson-databind-2.12.4.jar:/Users/lukasfiur/wpilib/2022/maven/com/fasterxml/jackson/core/jackson-annotations/2.12.4/jackson-annotations-2.12.4.jar:/Users/lukasfiur/wpilib/2022/maven/com/fasterxml/jackson/core/jackson-core/2.12.4/jackson-core-2.12.4.jar:/Users/lukasfiur/wpilib/2022/maven/edu/wpi/first/wpilibNewCommands/wpilibNewCommands-java/2022.3.1/wpilibNewCommands-java-2022.3.1.jar:/Users/lukasfiur/.gradle/caches/modules-2/files-2.1/org.photonvision/PhotonLib-java/v2023.1.1-beta-6/8114148a66fac14c46f0e36577c24fd82f9b8d1e/PhotonLib-java-v2023.1.1-beta-6.jar:/Users/lukasfiur/.gradle/caches/modules-2/files-2.1/org.photonvision/PhotonTargeting-java/v2023.1.1-beta-6/373b1d2450e6f35679bd34f0310e3c2d57918116/PhotonTargeting-java-v2023.1.1-beta-6.jar:/Users/lukasfiur/wpilib/2022/maven/org/ejml/ejml-fsparse/0.41/ejml-fsparse-0.41.jar:/Users/lukasfiur/wpilib/2022/maven/org/ejml/ejml-fdense/0.41/ejml-fd
Launcher Type: SUN_STANDARD

[Global flags]
     intx CICompilerCount                          = 4                                         {product} {ergonomic}
     uint ConcGCThreads                            = 2                                         {product} {ergonomic}
     uint G1ConcRefinementThreads                  = 8                                         {product} {ergonomic}
   size_t G1HeapRegionSize                         = 1048576                                   {product} {ergonomic}
    uintx GCDrainStackTargetSize                   = 64                                        {product} {ergonomic}
   size_t InitialHeapSize                          = 134217728                                 {product} {ergonomic}
   size_t MarkStackSize                            = 4194304                                   {product} {ergonomic}
   size_t MaxHeapSize                              = 2147483648                                {product} {ergonomic}
   size_t MaxNewSize                               = 1287651328                                {product} {ergonomic}
   size_t MinHeapDeltaBytes                        = 1048576                                   {product} {ergonomic}
   size_t MinHeapSize                              = 8388608                                   {product} {ergonomic}
    uintx NonNMethodCodeHeapSize                   = 5839372                                {pd product} {ergonomic}
    uintx NonProfiledCodeHeapSize                  = 122909434                              {pd product} {ergonomic}
    uintx ProfiledCodeHeapSize                     = 122909434                              {pd product} {ergonomic}
    uintx ReservedCodeCacheSize                    = 251658240                              {pd product} {ergonomic}
     bool SegmentedCodeCache                       = true                                      {product} {ergonomic}
     bool ShowCodeDetailsInExceptionMessages       = true                                   {manageable} {command line}
   size_t SoftMaxHeapSize                          = 2147483648                             {manageable} {ergonomic}
     bool UseCompressedClassPointers               = true                           {product lp64_product} {ergonomic}
     bool UseCompressedOops                        = true                           {product lp64_product} {ergonomic}
     bool UseG1GC                                  = true                                      {product} {ergonomic}
     bool UseNUMA                                  = false                                     {product} {ergonomic}
     bool UseNUMAInterleaving                      = false                                     {product} {ergonomic}

Logging:
Log output configuration:
 #0: stdout all=warning uptime,level,tags
 #1: stderr all=off uptime,level,tags

Environment Variables:
PATH=/opt/homebrew/bin:/opt/homebrew/sbin:/usr/local/bin:/usr/bin:/bin:/usr/sbin:/sbin:/Library/TeX/texbin:/Library/Frameworks/Mono.framework/Versions/Current/Commands:/Users/lukasfiur/.cabal/bin:/Users/lukasfiur/.ghcup/bin:/opt/homebrew/bin:/opt/homebrew/sbin
LD_LIBRARY_PATH=/Users/lukasfiur/Desktop/RomiTags/build/jni/release
SHELL=/bin/zsh
LANG=en_US.UTF-8
DYLD_LIBRARY_PATH=/Users/lukasfiur/Desktop/RomiTags/build/jni/release

Signal Handlers:
SIGSEGV: [libjvm.dylib+0xa7bdc0], sa_mask[0]=11100110100111111111111111111111, sa_flags=SA_ONSTACK|SA_RESTART|SA_SIGINFO
SIGBUS: [libjvm.dylib+0xa7bdc0], sa_mask[0]=11100110100111111111111111111111, sa_flags=SA_RESTART|SA_SIGINFO
SIGFPE: [libjvm.dylib+0xa7bdc0], sa_mask[0]=11100110100111111111111111111111, sa_flags=SA_RESTART|SA_SIGINFO
SIGPIPE: SIG_IGN, sa_mask[0]=00000000000000000000000000000000, sa_flags=SA_RESTART
SIGXFSZ: [libjvm.dylib+0x945be0], sa_mask[0]=11100110100111111111111111111111, sa_flags=SA_RESTART|SA_SIGINFO
SIGILL: [libjvm.dylib+0xa7bdc0], sa_mask[0]=11100110100111111111111111111111, sa_flags=SA_RESTART|SA_SIGINFO
SIGUSR2: [libjvm.dylib+0x946690], sa_mask[0]=00000000000000000000000000000000, sa_flags=SA_RESTART|SA_SIGINFO
SIGHUP: [libjvm.dylib+0x944c50], sa_mask[0]=11100110100111111111111111111111, sa_flags=SA_RESTART|SA_SIGINFO
SIGINT: [libjvm.dylib+0x944c50], sa_mask[0]=11100110100111111111111111111111, sa_flags=SA_RESTART|SA_SIGINFO
SIGTERM: [libjvm.dylib+0x944c50], sa_mask[0]=11100110100111111111111111111111, sa_flags=SA_RESTART|SA_SIGINFO
SIGQUIT: [libjvm.dylib+0x944c50], sa_mask[0]=11100110100111111111111111111111, sa_flags=SA_RESTART|SA_SIGINFO
SIGTRAP: [libjvm.dylib+0xa7bdc0], sa_mask[0]=11100110100111111111111111111111, sa_flags=SA_RESTART|SA_SIGINFO


---------------  S Y S T E M  ---------------

OS:uname: Darwin 21.3.0 Darwin Kernel Version 21.3.0: Wed Jan  5 21:37:58 PST 2022; root:xnu-8019.80.24~20/RELEASE_ARM64_T8101 x86_64
OS uptime: 15 days 1:04 hours
rlimit (soft/hard): STACK 8176k/65520k , CORE 0k/infinity , NPROC 1333/2000 , NOFILE 10240/infinity , AS infinity/infinity , CPU infinity/infinity , DATA infinity/infinity , FSIZE infinity/infinity , MEMLOCK infinity/infinity , RSS infinity/infinity
load average: 4.44 5.10 5.89

CPU: total 8 (initial active 8) (1 cores per cpu, 1 threads per core) family 6 model 44 stepping 0 microcode 0x0, cx8, cmov, fxsr, mmx, sse, sse2, sse3, ssse3, sse4.1, sse4.2, popcnt, tsc, tscinvbit, aes, clmul, clflush

Memory: 4k page, physical 8388608k(36484k free), swap 5242880k(599808k free)

vm_info: Java HotSpot(TM) 64-Bit Server VM (16.0.2+7-67) for bsd-amd64 JRE (16.0.2+7-67), built on Jun  8 2021 22:22:46 by "mach5one" with clang 4.2.1 Compatible Apple LLVM 11.0.0 (clang-1100.0.33.17)

END.
