#
# A fatal error has been detected by the Java Runtime Environment:
#
#  SIGSEGV (0xb) at pc=0x00007ff80616def1, pid=90748, tid=69715
#
# JRE version: Java(TM) SE Runtime Environment (16.0.2+7) (build 16.0.2+7-67)
# Java VM: Java HotSpot(TM) 64-Bit Server VM (16.0.2+7-67, mixed mode, sharing, tiered, compressed oops, compressed class ptrs, g1 gc, bsd-amd64)
# Problematic frame:
# C  [libsystem_malloc.dylib+0x3ef1]  tiny_malloc_from_free_list+0x154
#
# No core dump will be written. Core dumps have been disabled. To enable core dumping, try "ulimit -c unlimited" before starting Java again
#
# If you would like to submit a bug report, please visit:
#   https://bugreport.java.com/bugreport/crash.jsp
# The crash happened outside the Java Virtual Machine in native code.
# See problematic frame for where to report the bug.
#

---------------  S U M M A R Y ------------

Command Line: -agentlib:jdwp=transport=dt_socket,server=n,suspend=y,address=localhost:57714 -Djava.library.path=/Users/lukasfiur/Desktop/RomiTags/build/jni/release -XX:+ShowCodeDetailsInExceptionMessages frc.robot.Main

Host: MacBookPro17,1 x86_64 2400 MHz, 8 cores, 8G, Darwin 21.3.0, macOS 10.16 (21D49)
Time: Sun Jan  1 13:56:21 2023 EST elapsed time: 295.875231 seconds (0d 0h 4m 55s)

---------------  T H R E A D  ---------------

Current thread (0x00007fb6b5856a00):  JavaThread "robot main" daemon [_thread_in_native, id=69715, stack(0x000000030e89e000,0x000000030e99e000)]

Stack: [0x000000030e89e000,0x000000030e99e000],  sp=0x000000030e99d590,  free space=1021k
Native frames: (J=compiled Java code, A=aot compiled Java code, j=interpreted, Vv=VM code, C=native code)
C  [libsystem_malloc.dylib+0x3ef1]  tiny_malloc_from_free_list+0x154
C  [libsystem_malloc.dylib+0x384e]  tiny_malloc_should_clear+0x110
C  [libsystem_malloc.dylib+0x27a7]  szone_malloc_should_clear+0x42
C  [libsystem_malloc.dylib+0x1dad6]  _malloc_zone_malloc+0x7d
C  [libc++abi.dylib+0x119aa]  _Znwm+0x1a
C  [libntcorejni.dylib+0x62e3]  Java_edu_wpi_first_networktables_NetworkTablesJNI_setBoolean+0x93
J 539  edu.wpi.first.networktables.NetworkTablesJNI.setBoolean(IJZZ)Z (0 bytes) @ 0x00000001239b2994 [0x00000001239b28c0+0x00000000000000d4]
J 857 c2 edu.wpi.first.wpilibj.smartdashboard.SendableBuilderImpl$$Lambda$41+0x0000000800c2c000.accept(Ljava/lang/Object;)V (12 bytes) @ 0x00000001239c8198 [0x00000001239c8120+0x0000000000000078]
J 1050 c2 edu.wpi.first.wpilibj.shuffleboard.ShuffleboardTab.buildInto(Ledu/wpi/first/networktables/NetworkTable;Ledu/wpi/first/networktables/NetworkTable;)V (76 bytes) @ 0x0000000123a0406c [0x0000000123a03660+0x0000000000000a0c]
J 1085 c2 edu.wpi.first.wpilibj.IterativeRobotBase.loopFunc()V (470 bytes) @ 0x0000000123a17a20 [0x0000000123a16a00+0x0000000000001020]
J 1084 c2 edu.wpi.first.wpilibj.TimedRobot$$Lambda$8+0x0000000800c12d18.run()V (8 bytes) @ 0x0000000123a161e4 [0x0000000123a161a0+0x0000000000000044]
j  edu.wpi.first.wpilibj.TimedRobot.startCompetition()V+73
j  edu.wpi.first.wpilibj.RobotBase.runRobot(Ljava/util/function/Supplier;)V+260
j  edu.wpi.first.wpilibj.RobotBase.lambda$startRobot$0(Ljava/util/function/Supplier;)V+1
j  edu.wpi.first.wpilibj.RobotBase$$Lambda$2+0x0000000800c02a08.run()V+4
j  java.lang.Thread.run()V+11 java.base@16.0.2
v  ~StubRoutines::call_stub
V  [libjvm.dylib+0x508272]  _ZN9JavaCalls11call_helperEP9JavaValueRK12methodHandleP17JavaCallArgumentsP6Thread+0x2d2
V  [libjvm.dylib+0x5072b7]  _ZN9JavaCalls12call_virtualEP9JavaValueP5KlassP6SymbolS5_P17JavaCallArgumentsP6Thread+0x147
V  [libjvm.dylib+0x507383]  _ZN9JavaCalls12call_virtualEP9JavaValue6HandleP5KlassP6SymbolS6_P6Thread+0x63
V  [libjvm.dylib+0x5b5534]  _ZL12thread_entryP10JavaThreadP6Thread+0xb4
V  [libjvm.dylib+0xa043cd]  _ZN10JavaThread17thread_main_innerEv+0xcd
V  [libjvm.dylib+0xa01d11]  _ZN6Thread8call_runEv+0x71
V  [libjvm.dylib+0x890937]  _ZL19thread_native_entryP6Thread+0x157
C  [libsystem_pthread.dylib+0x64f4]  _pthread_start+0x7d
C  [libsystem_pthread.dylib+0x200f]  thread_start+0xf

Java frames: (J=compiled Java code, j=interpreted, Vv=VM code)
J 539  edu.wpi.first.networktables.NetworkTablesJNI.setBoolean(IJZZ)Z (0 bytes) @ 0x00000001239b291a [0x00000001239b28c0+0x000000000000005a]
J 857 c2 edu.wpi.first.wpilibj.smartdashboard.SendableBuilderImpl$$Lambda$41+0x0000000800c2c000.accept(Ljava/lang/Object;)V (12 bytes) @ 0x00000001239c8198 [0x00000001239c8120+0x0000000000000078]
J 1050 c2 edu.wpi.first.wpilibj.shuffleboard.ShuffleboardTab.buildInto(Ledu/wpi/first/networktables/NetworkTable;Ledu/wpi/first/networktables/NetworkTable;)V (76 bytes) @ 0x0000000123a0406c [0x0000000123a03660+0x0000000000000a0c]
J 1085 c2 edu.wpi.first.wpilibj.IterativeRobotBase.loopFunc()V (470 bytes) @ 0x0000000123a17a20 [0x0000000123a16a00+0x0000000000001020]
J 1084 c2 edu.wpi.first.wpilibj.TimedRobot$$Lambda$8+0x0000000800c12d18.run()V (8 bytes) @ 0x0000000123a161e4 [0x0000000123a161a0+0x0000000000000044]
j  edu.wpi.first.wpilibj.TimedRobot.startCompetition()V+73
j  edu.wpi.first.wpilibj.RobotBase.runRobot(Ljava/util/function/Supplier;)V+260
j  edu.wpi.first.wpilibj.RobotBase.lambda$startRobot$0(Ljava/util/function/Supplier;)V+1
j  edu.wpi.first.wpilibj.RobotBase$$Lambda$2+0x0000000800c02a08.run()V+4
j  java.lang.Thread.run()V+11 java.base@16.0.2
v  ~StubRoutines::call_stub

siginfo: si_signo: 11 (SIGSEGV), si_code: 1 (SEGV_MAPERR), si_addr: 0x0000000676f64680

Register to memory mapping:

RAX=0x6374615703000000 is an unknown value
RBX=0x00000000f920fe80 is an unknown value
RCX=0x000000000000000a is an unknown value
RDX=0x00000000676f6468 is an unknown value
RSP=0x000000030e99d590 is pointing into the stack for thread: 0x00007fb6b5856a00
RBP=0x000000030e99d5c0 is pointing into the stack for thread: 0x00007fb6b5856a00
RSI=0x00000000f91fff72 is an unknown value
RDI=0x000000010cc53080 points into unknown readable memory: 0x0000000100000000 | 00 00 00 00 01 00 00 00
R8 =0x0 is NULL
R9 =0x0 is NULL
R10=0x0000000676f64680 is an unknown value
R11=0x0000000676f64680 is an unknown value
R12=0x0000000000000007 is an unknown value
R13=0x00007fb69434fbd0 points into unknown readable memory: 0x6374615703000000 | 00 00 00 03 57 61 74 63
R14=0x0000000000000007 is an unknown value
R15=0x000000010cc95c00 points into unknown readable memory: 0x0000000000011052 | 52 10 01 00 00 00 00 00


Registers:
RAX=0x6374615703000000, RBX=0x00000000f920fe80, RCX=0x000000000000000a, RDX=0x00000000676f6468
RSP=0x000000030e99d590, RBP=0x000000030e99d5c0, RSI=0x00000000f91fff72, RDI=0x000000010cc53080
R8 =0x0000000000000000, R9 =0x0000000000000000, R10=0x0000000676f64680, R11=0x0000000676f64680
R12=0x0000000000000007, R13=0x00007fb69434fbd0, R14=0x0000000000000007, R15=0x000000010cc95c00
RIP=0x00007ff80616def1, EFLAGS=0x0000000000000203, ERR=0x0000000000000006
  TRAPNO=0x000000000000000e

Top of Stack: (sp=0x000000030e99d590)
0x000000030e99d590:   0000000000000007 000000010cc53080
0x000000030e99d5a0:   0000000000000000 000000010cc95c00
0x000000030e99d5b0:   0000000000000007 000000010cc92a00
0x000000030e99d5c0:   000000030e99d660 00007ff80616d84e
0x000000030e99d5d0:   00007fb6b50677c0 0000000000000005
0x000000030e99d5e0:   000000030e990000 00007ff8062b38e5
0x000000030e99d5f0:   000000030e99d640 000000030e99d680
0x000000030e99d600:   000000010cc92a00 00007fb694383be0
0x000000030e99d610:   00007fb600000007 0000000000003200
0x000000030e99d620:   00000000b4b15a68 000000010cc53080
0x000000030e99d630:   0000000500000000 0000000000000068
0x000000030e99d640:   0000000000000068 00000000f0a62700
0x000000030e99d650:   0000000000000000 000000010cc4f000
0x000000030e99d660:   000000030e99d690 00007ff80616c7a7
0x000000030e99d670:   0000000000000068 0000000000000068
0x000000030e99d680:   0000000000000001 00007ff847b20000
0x000000030e99d690:   000000030e99d6d0 00007ff806187ad6
0x000000030e99d6a0:   0000000000000000 0000000000000068
0x000000030e99d6b0:   0000000000000000 00000000f0a627c4
0x000000030e99d6c0:   0000000012000077 0000000000000000
0x000000030e99d6d0:   000000030e99d6f0 00007ff8063109aa
0x000000030e99d6e0:   0000000000000000 0000000000000003
0x000000030e99d6f0:   000000030e99d750 00000001379452e3
0x000000030e99d700:   0000000000000000 0000000000000000
0x000000030e99d710:   00007fb6943acca8 00007fb6943acc90
0x000000030e99d720:   0000000786475288 0000000000000003
0x000000030e99d730:   0000000000000000 00000000f0a627c4
0x000000030e99d740:   000000030e99d790 00007fb6b5856a00
0x000000030e99d750:   000000030e99d7a0 00000001239b2994
0x000000030e99d760:   0000000000000000 0000000000000000
0x000000030e99d770:   0000005a0b74b211 00007fb6f0a600c8
0x000000030e99d780:   00000007853154b0 00000001239efd6c 

Instructions: (pc=0x00007ff80616def1)
0x00007ff80616ddf1:   01 de 48 89 d8 48 c1 e8 10 01 f0 48 89 de 48 c1
0x00007ff80616de01:   ee 18 01 c6 48 89 d8 48 c1 e8 20 01 f0 48 89 de
0x00007ff80616de11:   48 c1 ee 28 01 c6 48 89 d8 48 c1 e8 30 01 f0 48
0x00007ff80616de21:   c1 eb 38 01 c3 44 89 c0 31 d8 a8 0f 0f 85 85 06
0x00007ff80616de31:   00 00 4d 85 c9 0f 84 bd 00 00 00 49 8b 45 00 49
0x00007ff80616de41:   89 01 e9 c5 00 00 00 49 8b 87 28 08 00 00 48 d3
0x00007ff80616de51:   e8 48 d3 e0 48 85 c0 0f 84 ba 03 00 00 48 0f bc
0x00007ff80616de61:   c8 48 83 f9 3f 0f 84 c2 01 00 00 4d 8b 6c cf 20
0x00007ff80616de71:   4d 85 ed 0f 84 b4 01 00 00 49 8b 55 08 49 89 d2
0x00007ff80616de81:   49 c1 c2 04 4d 89 d3 49 83 e3 f0 48 8b 9f 78 02
0x00007ff80616de91:   00 00 4c 31 db 48 89 de 48 c1 ee 08 01 de 48 89
0x00007ff80616dea1:   d8 48 c1 e8 10 01 f0 48 89 de 48 c1 ee 18 01 c6
0x00007ff80616deb1:   48 89 d8 48 c1 e8 20 01 f0 48 89 de 48 c1 ee 28
0x00007ff80616dec1:   01 c6 48 89 d8 48 c1 e8 30 01 f0 48 c1 eb 38 01
0x00007ff80616ded1:   c3 44 89 d0 31 d8 a8 0f 0f 85 d9 05 00 00 4d 89
0x00007ff80616dee1:   5c cf 20 4d 85 db 0f 84 5c 04 00 00 49 8b 45 00
0x00007ff80616def1:   49 89 03 e9 66 04 00 00 b8 fe ff ff ff d3 c0 89
0x00007ff80616df01:   ca c1 ea 05 41 21 84 97 28 08 00 00 4d 89 4c cf
0x00007ff80616df11:   20 4c 89 ea 48 81 e2 00 00 f0 ff 41 8d 85 80 bf
0x00007ff80616df21:   ff ff c1 e8 04 0f b7 c0 0f b7 bc 8a 28 3f 00 00
0x00007ff80616df31:   8d 77 ff 39 f0 0f 85 68 05 00 00 4d 85 c9 74 10
0x00007ff80616df41:   49 81 e0 00 00 f0 ff 49 39 d0 0f 84 e3 02 00 00
0x00007ff80616df51:   66 c7 84 8a 2a 3f 00 00 00 00 45 31 c9 66 44 89
0x00007ff80616df61:   8c 8a 28 3f 00 00 41 ff 87 78 08 00 00 41 c1 e4
0x00007ff80616df71:   04 4d 01 a7 68 08 00 00 4c 89 e8 48 25 00 00 f0
0x00007ff80616df81:   ff 44 8b 80 7c 40 00 00 48 8d 0d 10 d0 99 41 0f
0x00007ff80616df91:   b7 49 01 41 39 c8 0f 85 35 05 00 00 44 03 60 10
0x00007ff80616dfa1:   44 89 60 10 ff 40 14 41 81 fc a0 cf 0b 00 72 04
0x00007ff80616dfb1:   c6 40 20 00 66 41 83 fe 02 72 0e 41 0f b7 f6 4c
0x00007ff80616dfc1:   89 ef e8 3d 05 00 00 eb 52 4c 89 ea 48 29 c2 48
0x00007ff80616dfd1:   81 c2 80 bf ff ff 48 89 d1 48 c1 e9 04 89 d6 c1
0x00007ff80616dfe1:   ee 08 41 b8 fe 0f 00 00 bb 01 00 00 00 d3 e3 44 


Stack slot to memory mapping:
stack at sp + 0 slots: 0x0000000000000007 is an unknown value
stack at sp + 1 slots: 0x000000010cc53080 points into unknown readable memory: 0x0000000100000000 | 00 00 00 00 01 00 00 00
stack at sp + 2 slots: 0x0 is NULL
stack at sp + 3 slots: 0x000000010cc95c00 points into unknown readable memory: 0x0000000000011052 | 52 10 01 00 00 00 00 00
stack at sp + 4 slots: 0x0000000000000007 is an unknown value
stack at sp + 5 slots: 0x000000010cc92a00 points into unknown readable memory: 0x0000000000000000 | 00 00 00 00 00 00 00 00
stack at sp + 6 slots: 0x000000030e99d660 is pointing into the stack for thread: 0x00007fb6b5856a00
stack at sp + 7 slots: 0x00007ff80616d84e: tiny_malloc_should_clear+0x110 in /usr/lib/system/libsystem_malloc.dylib at 0x00007ff80616a000


---------------  P R O C E S S  ---------------

Threads class SMR info:
_java_thread_list=0x00007fb694416c10, length=18, elements={
0x00007fb6b6008e00, 0x00007fb6b4022e00, 0x00007fb6b505e400, 0x00007fb6b505de00,
0x00007fb6b5067e00, 0x00007fb6b5068400, 0x00007fb6b505c200, 0x00007fb6b505c800,
0x00007fb6b5062400, 0x00007fb6b4027000, 0x00007fb6b4027600, 0x00007fb6b4027c00,
0x00007fb6b5810400, 0x00007fb6b509ea00, 0x00007fb6b5856a00, 0x00007fb6b585b200,
0x00007fb6b605c000, 0x00007fb6b50a2000
}

Java Threads: ( => current thread )
  0x00007fb6b6008e00 JavaThread "main" [_thread_in_native, id=259, stack(0x000000030c7b8000,0x000000030cfb8000)]
  0x00007fb6b4022e00 JavaThread "Reference Handler" daemon [_thread_blocked, id=17187, stack(0x000000030d64e000,0x000000030d74e000)]
  0x00007fb6b505e400 JavaThread "Finalizer" daemon [_thread_blocked, id=21763, stack(0x000000030d751000,0x000000030d851000)]
  0x00007fb6b505de00 JavaThread "Signal Dispatcher" daemon [_thread_blocked, id=40195, stack(0x000000030d9eb000,0x000000030daeb000)]
  0x00007fb6b5067e00 JavaThread "Service Thread" daemon [_thread_blocked, id=23811, stack(0x000000030daee000,0x000000030dbee000)]
  0x00007fb6b5068400 JavaThread "Monitor Deflation Thread" daemon [_thread_blocked, id=24323, stack(0x000000030dbf1000,0x000000030dcf1000)]
  0x00007fb6b505c200 JavaThread "C2 CompilerThread0" daemon [_thread_blocked, id=39939, stack(0x000000030dcf4000,0x000000030ddf4000)]
  0x00007fb6b505c800 JavaThread "C1 CompilerThread0" daemon [_thread_blocked, id=39683, stack(0x000000030ddf7000,0x000000030def7000)]
  0x00007fb6b5062400 JavaThread "Sweeper thread" daemon [_thread_blocked, id=39171, stack(0x000000030defa000,0x000000030dffa000)]
  0x00007fb6b4027000 JavaThread "JDWP Transport Listener: dt_socket" daemon [_thread_in_native, id=38743, stack(0x000000030dffd000,0x000000030e0fd000)]
  0x00007fb6b4027600 JavaThread "JDWP Event Helper Thread" daemon [_thread_blocked, id=38147, stack(0x000000030e100000,0x000000030e200000)]
  0x00007fb6b4027c00 JavaThread "JDWP Command Reader" daemon [_thread_in_vm, id=37891, stack(0x000000030e203000,0x000000030e303000)]
  0x00007fb6b5810400 JavaThread "Notification Thread" daemon [_thread_blocked, id=26883, stack(0x000000030e306000,0x000000030e406000)]
  0x00007fb6b509ea00 JavaThread "Common-Cleaner" daemon [_thread_blocked, id=37403, stack(0x000000030e50c000,0x000000030e60c000)]
=>0x00007fb6b5856a00 JavaThread "robot main" daemon [_thread_in_native, id=69715, stack(0x000000030e89e000,0x000000030e99e000)]
  0x00007fb6b585b200 JavaThread "FRCDriverStation" daemon [_thread_in_native, id=64559, stack(0x000000030eaa7000,0x000000030eba7000)]
  0x00007fb6b605c000 JavaThread "Thread-0" daemon [_thread_in_vm, id=87583, stack(0x000000030ecb0000,0x000000030edb0000)]
  0x00007fb6b50a2000 JavaThread "NTEntryListener" daemon [_thread_in_native, id=87879, stack(0x000000030edb3000,0x000000030eeb3000)]

Other Threads:
  0x00007fb6b48116f0 VMThread "VM Thread" [stack: 0x000000030d54b000,0x000000030d64b000] [id=16387]
  0x00007fb6b482de50 WatcherThread [stack: 0x000000030e409000,0x000000030e509000] [id=37635]
  0x00007fb6b4807a50 GCTaskThread "GC Thread#0" [stack: 0x000000030d03c000,0x000000030d13c000] [id=18947]
  0x00007fb6b49d6e30 GCTaskThread "GC Thread#1" [stack: 0x000000030d8db000,0x000000030d9db000] [id=169055]
  0x00007fb6b4ab3a40 GCTaskThread "GC Thread#2" [stack: 0x000000030f25b000,0x000000030f35b000] [id=59611]
  0x00007fb6b48089a0 ConcurrentGCThread "G1 Main Marker" [stack: 0x000000030d13f000,0x000000030d23f000] [id=13571]
  0x00007fb6b4809870 ConcurrentGCThread "G1 Conc#0" [stack: 0x000000030d242000,0x000000030d342000] [id=14083]
  0x00007fb6b4a1f8a0 ConcurrentGCThread "G1 Refine#0" [stack: 0x000000030d345000,0x000000030d445000] [id=14595]
  0x00007fb6b4912b10 ConcurrentGCThread "G1 Service" [stack: 0x000000030d448000,0x000000030d548000] [id=15107]

Threads with active compile tasks:

VM state: not at safepoint (normal execution)

VM Mutex/Monitor currently owned by a thread: None

Heap address: 0x0000000780000000, size: 2048 MB, Compressed Oops mode: Zero based, Oop shift amount: 3

CDS archive(s) mapped at: [0x0000000800000000-0x0000000800bbb000-0x0000000800bbb000), size 12300288, SharedBaseAddress: 0x0000000800000000, ArchiveRelocationMode: 0.
Compressed class space mapped at: 0x0000000800c00000-0x0000000840c00000, reserved size: 1073741824
Narrow klass base: 0x0000000800000000, Narrow klass shift: 3, Narrow klass range: 0x100000000

GC Precious Log:
 CPUs: 8 total, 8 available
 Memory: 8192M
 Large Page Support: Disabled
 NUMA Support: Disabled
 Compressed Oops: Enabled (Zero based)
 Heap Region Size: 1M
 Heap Min Capacity: 8M
 Heap Initial Capacity: 128M
 Heap Max Capacity: 2G
 Pre-touch: Disabled
 Parallel Workers: 8
 Concurrent Workers: 2
 Concurrent Refinement Workers: 8
 Periodic GC: Disabled

Heap:
 garbage-first heap   total 133120K, used 29548K [0x0000000780000000, 0x0000000800000000)
  region size 1024K, 29 young (29696K), 1 survivors (1024K)
 Metaspace       used 2564K, committed 2688K, reserved 1056768K
  class space    used 250K, committed 320K, reserved 1048576K

Heap Regions: E=young(eden), S=young(survivor), O=old, HS=humongous(starts), HC=humongous(continues), CS=collection set, F=free, OA=open archive, CA=closed archive, TAMS=top-at-mark-start (previous, next)
|   0|0x0000000780000000, 0x0000000780000000, 0x0000000780100000|  0%| F|  |TAMS 0x0000000780000000, 0x0000000780000000| Untracked 
|   1|0x0000000780100000, 0x0000000780100000, 0x0000000780200000|  0%| F|  |TAMS 0x0000000780100000, 0x0000000780100000| Untracked 
|   2|0x0000000780200000, 0x0000000780200000, 0x0000000780300000|  0%| F|  |TAMS 0x0000000780200000, 0x0000000780200000| Untracked 
|   3|0x0000000780300000, 0x0000000780300000, 0x0000000780400000|  0%| F|  |TAMS 0x0000000780300000, 0x0000000780300000| Untracked 
|   4|0x0000000780400000, 0x0000000780400000, 0x0000000780500000|  0%| F|  |TAMS 0x0000000780400000, 0x0000000780400000| Untracked 
|   5|0x0000000780500000, 0x0000000780500000, 0x0000000780600000|  0%| F|  |TAMS 0x0000000780500000, 0x0000000780500000| Untracked 
|   6|0x0000000780600000, 0x0000000780600000, 0x0000000780700000|  0%| F|  |TAMS 0x0000000780600000, 0x0000000780600000| Untracked 
|   7|0x0000000780700000, 0x0000000780700000, 0x0000000780800000|  0%| F|  |TAMS 0x0000000780700000, 0x0000000780700000| Untracked 
|   8|0x0000000780800000, 0x0000000780800000, 0x0000000780900000|  0%| F|  |TAMS 0x0000000780800000, 0x0000000780800000| Untracked 
|   9|0x0000000780900000, 0x0000000780900000, 0x0000000780a00000|  0%| F|  |TAMS 0x0000000780900000, 0x0000000780900000| Untracked 
|  10|0x0000000780a00000, 0x0000000780a00000, 0x0000000780b00000|  0%| F|  |TAMS 0x0000000780a00000, 0x0000000780a00000| Untracked 
|  11|0x0000000780b00000, 0x0000000780b00000, 0x0000000780c00000|  0%| F|  |TAMS 0x0000000780b00000, 0x0000000780b00000| Untracked 
|  12|0x0000000780c00000, 0x0000000780c00000, 0x0000000780d00000|  0%| F|  |TAMS 0x0000000780c00000, 0x0000000780c00000| Untracked 
|  13|0x0000000780d00000, 0x0000000780d00000, 0x0000000780e00000|  0%| F|  |TAMS 0x0000000780d00000, 0x0000000780d00000| Untracked 
|  14|0x0000000780e00000, 0x0000000780e00000, 0x0000000780f00000|  0%| F|  |TAMS 0x0000000780e00000, 0x0000000780e00000| Untracked 
|  15|0x0000000780f00000, 0x0000000780f00000, 0x0000000781000000|  0%| F|  |TAMS 0x0000000780f00000, 0x0000000780f00000| Untracked 
|  16|0x0000000781000000, 0x0000000781000000, 0x0000000781100000|  0%| F|  |TAMS 0x0000000781000000, 0x0000000781000000| Untracked 
|  17|0x0000000781100000, 0x0000000781100000, 0x0000000781200000|  0%| F|  |TAMS 0x0000000781100000, 0x0000000781100000| Untracked 
|  18|0x0000000781200000, 0x0000000781200000, 0x0000000781300000|  0%| F|  |TAMS 0x0000000781200000, 0x0000000781200000| Untracked 
|  19|0x0000000781300000, 0x0000000781300000, 0x0000000781400000|  0%| F|  |TAMS 0x0000000781300000, 0x0000000781300000| Untracked 
|  20|0x0000000781400000, 0x0000000781400000, 0x0000000781500000|  0%| F|  |TAMS 0x0000000781400000, 0x0000000781400000| Untracked 
|  21|0x0000000781500000, 0x0000000781500000, 0x0000000781600000|  0%| F|  |TAMS 0x0000000781500000, 0x0000000781500000| Untracked 
|  22|0x0000000781600000, 0x0000000781600000, 0x0000000781700000|  0%| F|  |TAMS 0x0000000781600000, 0x0000000781600000| Untracked 
|  23|0x0000000781700000, 0x0000000781700000, 0x0000000781800000|  0%| F|  |TAMS 0x0000000781700000, 0x0000000781700000| Untracked 
|  24|0x0000000781800000, 0x0000000781800000, 0x0000000781900000|  0%| F|  |TAMS 0x0000000781800000, 0x0000000781800000| Untracked 
|  25|0x0000000781900000, 0x0000000781900000, 0x0000000781a00000|  0%| F|  |TAMS 0x0000000781900000, 0x0000000781900000| Untracked 
|  26|0x0000000781a00000, 0x0000000781a00000, 0x0000000781b00000|  0%| F|  |TAMS 0x0000000781a00000, 0x0000000781a00000| Untracked 
|  27|0x0000000781b00000, 0x0000000781b00000, 0x0000000781c00000|  0%| F|  |TAMS 0x0000000781b00000, 0x0000000781b00000| Untracked 
|  28|0x0000000781c00000, 0x0000000781c00000, 0x0000000781d00000|  0%| F|  |TAMS 0x0000000781c00000, 0x0000000781c00000| Untracked 
|  29|0x0000000781d00000, 0x0000000781d00000, 0x0000000781e00000|  0%| F|  |TAMS 0x0000000781d00000, 0x0000000781d00000| Untracked 
|  30|0x0000000781e00000, 0x0000000781e00000, 0x0000000781f00000|  0%| F|  |TAMS 0x0000000781e00000, 0x0000000781e00000| Untracked 
|  31|0x0000000781f00000, 0x0000000781f00000, 0x0000000782000000|  0%| F|  |TAMS 0x0000000781f00000, 0x0000000781f00000| Untracked 
|  32|0x0000000782000000, 0x0000000782000000, 0x0000000782100000|  0%| F|  |TAMS 0x0000000782000000, 0x0000000782000000| Untracked 
|  33|0x0000000782100000, 0x0000000782100000, 0x0000000782200000|  0%| F|  |TAMS 0x0000000782100000, 0x0000000782100000| Untracked 
|  34|0x0000000782200000, 0x0000000782200000, 0x0000000782300000|  0%| F|  |TAMS 0x0000000782200000, 0x0000000782200000| Untracked 
|  35|0x0000000782300000, 0x0000000782300000, 0x0000000782400000|  0%| F|  |TAMS 0x0000000782300000, 0x0000000782300000| Untracked 
|  36|0x0000000782400000, 0x0000000782400000, 0x0000000782500000|  0%| F|  |TAMS 0x0000000782400000, 0x0000000782400000| Untracked 
|  37|0x0000000782500000, 0x0000000782500000, 0x0000000782600000|  0%| F|  |TAMS 0x0000000782500000, 0x0000000782500000| Untracked 
|  38|0x0000000782600000, 0x0000000782600000, 0x0000000782700000|  0%| F|  |TAMS 0x0000000782600000, 0x0000000782600000| Untracked 
|  39|0x0000000782700000, 0x0000000782700000, 0x0000000782800000|  0%| F|  |TAMS 0x0000000782700000, 0x0000000782700000| Untracked 
|  40|0x0000000782800000, 0x0000000782800000, 0x0000000782900000|  0%| F|  |TAMS 0x0000000782800000, 0x0000000782800000| Untracked 
|  41|0x0000000782900000, 0x0000000782900000, 0x0000000782a00000|  0%| F|  |TAMS 0x0000000782900000, 0x0000000782900000| Untracked 
|  42|0x0000000782a00000, 0x0000000782a00000, 0x0000000782b00000|  0%| F|  |TAMS 0x0000000782a00000, 0x0000000782a00000| Untracked 
|  43|0x0000000782b00000, 0x0000000782b00000, 0x0000000782c00000|  0%| F|  |TAMS 0x0000000782b00000, 0x0000000782b00000| Untracked 
|  44|0x0000000782c00000, 0x0000000782c00000, 0x0000000782d00000|  0%| F|  |TAMS 0x0000000782c00000, 0x0000000782c00000| Untracked 
|  45|0x0000000782d00000, 0x0000000782d00000, 0x0000000782e00000|  0%| F|  |TAMS 0x0000000782d00000, 0x0000000782d00000| Untracked 
|  46|0x0000000782e00000, 0x0000000782e00000, 0x0000000782f00000|  0%| F|  |TAMS 0x0000000782e00000, 0x0000000782e00000| Untracked 
|  47|0x0000000782f00000, 0x0000000782f00000, 0x0000000783000000|  0%| F|  |TAMS 0x0000000782f00000, 0x0000000782f00000| Untracked 
|  48|0x0000000783000000, 0x0000000783000000, 0x0000000783100000|  0%| F|  |TAMS 0x0000000783000000, 0x0000000783000000| Untracked 
|  49|0x0000000783100000, 0x0000000783100000, 0x0000000783200000|  0%| F|  |TAMS 0x0000000783100000, 0x0000000783100000| Untracked 
|  50|0x0000000783200000, 0x0000000783200000, 0x0000000783300000|  0%| F|  |TAMS 0x0000000783200000, 0x0000000783200000| Untracked 
|  51|0x0000000783300000, 0x0000000783300000, 0x0000000783400000|  0%| F|  |TAMS 0x0000000783300000, 0x0000000783300000| Untracked 
|  52|0x0000000783400000, 0x0000000783400000, 0x0000000783500000|  0%| F|  |TAMS 0x0000000783400000, 0x0000000783400000| Untracked 
|  53|0x0000000783500000, 0x0000000783500000, 0x0000000783600000|  0%| F|  |TAMS 0x0000000783500000, 0x0000000783500000| Untracked 
|  54|0x0000000783600000, 0x0000000783600000, 0x0000000783700000|  0%| F|  |TAMS 0x0000000783600000, 0x0000000783600000| Untracked 
|  55|0x0000000783700000, 0x0000000783700000, 0x0000000783800000|  0%| F|  |TAMS 0x0000000783700000, 0x0000000783700000| Untracked 
|  56|0x0000000783800000, 0x0000000783800000, 0x0000000783900000|  0%| F|  |TAMS 0x0000000783800000, 0x0000000783800000| Untracked 
|  57|0x0000000783900000, 0x0000000783900000, 0x0000000783a00000|  0%| F|  |TAMS 0x0000000783900000, 0x0000000783900000| Untracked 
|  58|0x0000000783a00000, 0x0000000783a00000, 0x0000000783b00000|  0%| F|  |TAMS 0x0000000783a00000, 0x0000000783a00000| Untracked 
|  59|0x0000000783b00000, 0x0000000783b00000, 0x0000000783c00000|  0%| F|  |TAMS 0x0000000783b00000, 0x0000000783b00000| Untracked 
|  60|0x0000000783c00000, 0x0000000783c00000, 0x0000000783d00000|  0%| F|  |TAMS 0x0000000783c00000, 0x0000000783c00000| Untracked 
|  61|0x0000000783d00000, 0x0000000783d00000, 0x0000000783e00000|  0%| F|  |TAMS 0x0000000783d00000, 0x0000000783d00000| Untracked 
|  62|0x0000000783e00000, 0x0000000783e00000, 0x0000000783f00000|  0%| F|  |TAMS 0x0000000783e00000, 0x0000000783e00000| Untracked 
|  63|0x0000000783f00000, 0x0000000783f00000, 0x0000000784000000|  0%| F|  |TAMS 0x0000000783f00000, 0x0000000783f00000| Untracked 
|  64|0x0000000784000000, 0x0000000784000000, 0x0000000784100000|  0%| F|  |TAMS 0x0000000784000000, 0x0000000784000000| Untracked 
|  65|0x0000000784100000, 0x0000000784100000, 0x0000000784200000|  0%| F|  |TAMS 0x0000000784100000, 0x0000000784100000| Untracked 
|  66|0x0000000784200000, 0x0000000784200000, 0x0000000784300000|  0%| F|  |TAMS 0x0000000784200000, 0x0000000784200000| Untracked 
|  67|0x0000000784300000, 0x0000000784300000, 0x0000000784400000|  0%| F|  |TAMS 0x0000000784300000, 0x0000000784300000| Untracked 
|  68|0x0000000784400000, 0x0000000784400000, 0x0000000784500000|  0%| F|  |TAMS 0x0000000784400000, 0x0000000784400000| Untracked 
|  69|0x0000000784500000, 0x0000000784500000, 0x0000000784600000|  0%| F|  |TAMS 0x0000000784500000, 0x0000000784500000| Untracked 
|  70|0x0000000784600000, 0x0000000784600000, 0x0000000784700000|  0%| F|  |TAMS 0x0000000784600000, 0x0000000784600000| Untracked 
|  71|0x0000000784700000, 0x0000000784700000, 0x0000000784800000|  0%| F|  |TAMS 0x0000000784700000, 0x0000000784700000| Untracked 
|  72|0x0000000784800000, 0x0000000784800000, 0x0000000784900000|  0%| F|  |TAMS 0x0000000784800000, 0x0000000784800000| Untracked 
|  73|0x0000000784900000, 0x0000000784900000, 0x0000000784a00000|  0%| F|  |TAMS 0x0000000784900000, 0x0000000784900000| Untracked 
|  74|0x0000000784a00000, 0x0000000784a00000, 0x0000000784b00000|  0%| F|  |TAMS 0x0000000784a00000, 0x0000000784a00000| Untracked 
|  75|0x0000000784b00000, 0x0000000784b00000, 0x0000000784c00000|  0%| F|  |TAMS 0x0000000784b00000, 0x0000000784b00000| Untracked 
|  76|0x0000000784c00000, 0x0000000784c00000, 0x0000000784d00000|  0%| F|  |TAMS 0x0000000784c00000, 0x0000000784c00000| Untracked 
|  77|0x0000000784d00000, 0x0000000784d00000, 0x0000000784e00000|  0%| F|  |TAMS 0x0000000784d00000, 0x0000000784d00000| Untracked 
|  78|0x0000000784e00000, 0x0000000784e00000, 0x0000000784f00000|  0%| F|  |TAMS 0x0000000784e00000, 0x0000000784e00000| Untracked 
|  79|0x0000000784f00000, 0x0000000784f00000, 0x0000000785000000|  0%| F|  |TAMS 0x0000000784f00000, 0x0000000784f00000| Untracked 
|  80|0x0000000785000000, 0x0000000785000000, 0x0000000785100000|  0%| F|  |TAMS 0x0000000785000000, 0x0000000785000000| Untracked 
|  81|0x0000000785100000, 0x0000000785100000, 0x0000000785200000|  0%| F|  |TAMS 0x0000000785100000, 0x0000000785100000| Untracked 
|  82|0x0000000785200000, 0x0000000785200000, 0x0000000785300000|  0%| F|  |TAMS 0x0000000785200000, 0x0000000785200000| Untracked 
|  83|0x0000000785300000, 0x00000007853e91a8, 0x0000000785400000| 91%| S|CS|TAMS 0x0000000785300000, 0x0000000785300000| Complete 
|  84|0x0000000785400000, 0x0000000785400000, 0x0000000785500000|  0%| F|  |TAMS 0x0000000785400000, 0x0000000785400000| Untracked 
|  85|0x0000000785500000, 0x0000000785500000, 0x0000000785600000|  0%| F|  |TAMS 0x0000000785500000, 0x0000000785500000| Untracked 
|  86|0x0000000785600000, 0x0000000785600000, 0x0000000785700000|  0%| F|  |TAMS 0x0000000785600000, 0x0000000785600000| Untracked 
|  87|0x0000000785700000, 0x0000000785700000, 0x0000000785800000|  0%| F|  |TAMS 0x0000000785700000, 0x0000000785700000| Untracked 
|  88|0x0000000785800000, 0x0000000785800000, 0x0000000785900000|  0%| F|  |TAMS 0x0000000785800000, 0x0000000785800000| Untracked 
|  89|0x0000000785900000, 0x0000000785900000, 0x0000000785a00000|  0%| F|  |TAMS 0x0000000785900000, 0x0000000785900000| Untracked 
|  90|0x0000000785a00000, 0x0000000785a00000, 0x0000000785b00000|  0%| F|  |TAMS 0x0000000785a00000, 0x0000000785a00000| Untracked 
|  91|0x0000000785b00000, 0x0000000785b00000, 0x0000000785c00000|  0%| F|  |TAMS 0x0000000785b00000, 0x0000000785b00000| Untracked 
|  92|0x0000000785c00000, 0x0000000785c00000, 0x0000000785d00000|  0%| F|  |TAMS 0x0000000785c00000, 0x0000000785c00000| Untracked 
|  93|0x0000000785d00000, 0x0000000785d00000, 0x0000000785e00000|  0%| F|  |TAMS 0x0000000785d00000, 0x0000000785d00000| Untracked 
|  94|0x0000000785e00000, 0x0000000785e00000, 0x0000000785f00000|  0%| F|  |TAMS 0x0000000785e00000, 0x0000000785e00000| Untracked 
|  95|0x0000000785f00000, 0x0000000785f00000, 0x0000000786000000|  0%| F|  |TAMS 0x0000000785f00000, 0x0000000785f00000| Untracked 
|  96|0x0000000786000000, 0x0000000786000000, 0x0000000786100000|  0%| F|  |TAMS 0x0000000786000000, 0x0000000786000000| Untracked 
|  97|0x0000000786100000, 0x0000000786100000, 0x0000000786200000|  0%| F|  |TAMS 0x0000000786100000, 0x0000000786100000| Untracked 
|  98|0x0000000786200000, 0x0000000786200000, 0x0000000786300000|  0%| F|  |TAMS 0x0000000786200000, 0x0000000786200000| Untracked 
|  99|0x0000000786300000, 0x0000000786300000, 0x0000000786400000|  0%| F|  |TAMS 0x0000000786300000, 0x0000000786300000| Untracked 
| 100|0x0000000786400000, 0x0000000786500000, 0x0000000786500000|100%| E|  |TAMS 0x0000000786400000, 0x0000000786400000| Complete 
| 101|0x0000000786500000, 0x0000000786600000, 0x0000000786600000|100%| E|CS|TAMS 0x0000000786500000, 0x0000000786500000| Complete 
| 102|0x0000000786600000, 0x0000000786700000, 0x0000000786700000|100%| E|CS|TAMS 0x0000000786600000, 0x0000000786600000| Complete 
| 103|0x0000000786700000, 0x0000000786800000, 0x0000000786800000|100%| E|CS|TAMS 0x0000000786700000, 0x0000000786700000| Complete 
| 104|0x0000000786800000, 0x0000000786900000, 0x0000000786900000|100%| E|CS|TAMS 0x0000000786800000, 0x0000000786800000| Complete 
| 105|0x0000000786900000, 0x0000000786a00000, 0x0000000786a00000|100%| E|CS|TAMS 0x0000000786900000, 0x0000000786900000| Complete 
| 106|0x0000000786a00000, 0x0000000786b00000, 0x0000000786b00000|100%| E|CS|TAMS 0x0000000786a00000, 0x0000000786a00000| Complete 
| 107|0x0000000786b00000, 0x0000000786c00000, 0x0000000786c00000|100%| E|CS|TAMS 0x0000000786b00000, 0x0000000786b00000| Complete 
| 108|0x0000000786c00000, 0x0000000786d00000, 0x0000000786d00000|100%| E|CS|TAMS 0x0000000786c00000, 0x0000000786c00000| Complete 
| 109|0x0000000786d00000, 0x0000000786e00000, 0x0000000786e00000|100%| E|CS|TAMS 0x0000000786d00000, 0x0000000786d00000| Complete 
| 110|0x0000000786e00000, 0x0000000786f00000, 0x0000000786f00000|100%| E|CS|TAMS 0x0000000786e00000, 0x0000000786e00000| Complete 
| 111|0x0000000786f00000, 0x0000000787000000, 0x0000000787000000|100%| E|CS|TAMS 0x0000000786f00000, 0x0000000786f00000| Complete 
| 112|0x0000000787000000, 0x0000000787100000, 0x0000000787100000|100%| E|CS|TAMS 0x0000000787000000, 0x0000000787000000| Complete 
| 113|0x0000000787100000, 0x0000000787200000, 0x0000000787200000|100%| E|CS|TAMS 0x0000000787100000, 0x0000000787100000| Complete 
| 114|0x0000000787200000, 0x0000000787300000, 0x0000000787300000|100%| E|CS|TAMS 0x0000000787200000, 0x0000000787200000| Complete 
| 115|0x0000000787300000, 0x0000000787400000, 0x0000000787400000|100%| E|CS|TAMS 0x0000000787300000, 0x0000000787300000| Complete 
| 116|0x0000000787400000, 0x0000000787500000, 0x0000000787500000|100%| E|CS|TAMS 0x0000000787400000, 0x0000000787400000| Complete 
| 117|0x0000000787500000, 0x0000000787600000, 0x0000000787600000|100%| E|CS|TAMS 0x0000000787500000, 0x0000000787500000| Complete 
| 118|0x0000000787600000, 0x0000000787700000, 0x0000000787700000|100%| E|CS|TAMS 0x0000000787600000, 0x0000000787600000| Complete 
| 119|0x0000000787700000, 0x0000000787800000, 0x0000000787800000|100%| E|CS|TAMS 0x0000000787700000, 0x0000000787700000| Complete 
| 120|0x0000000787800000, 0x0000000787900000, 0x0000000787900000|100%| E|CS|TAMS 0x0000000787800000, 0x0000000787800000| Complete 
| 121|0x0000000787900000, 0x0000000787a00000, 0x0000000787a00000|100%| E|CS|TAMS 0x0000000787900000, 0x0000000787900000| Complete 
| 122|0x0000000787a00000, 0x0000000787b00000, 0x0000000787b00000|100%| E|CS|TAMS 0x0000000787a00000, 0x0000000787a00000| Complete 
| 123|0x0000000787b00000, 0x0000000787c00000, 0x0000000787c00000|100%| E|CS|TAMS 0x0000000787b00000, 0x0000000787b00000| Complete 
| 124|0x0000000787c00000, 0x0000000787d00000, 0x0000000787d00000|100%| E|CS|TAMS 0x0000000787c00000, 0x0000000787c00000| Complete 
| 125|0x0000000787d00000, 0x0000000787e00000, 0x0000000787e00000|100%| E|CS|TAMS 0x0000000787d00000, 0x0000000787d00000| Complete 
| 126|0x0000000787e00000, 0x0000000787f00000, 0x0000000787f00000|100%| E|CS|TAMS 0x0000000787e00000, 0x0000000787e00000| Complete 
| 127|0x0000000787f00000, 0x0000000788000000, 0x0000000788000000|100%| E|CS|TAMS 0x0000000787f00000, 0x0000000787f00000| Complete 
|1022|0x00000007bfe00000, 0x00000007bfe75000, 0x00000007bff00000| 45%|OA|  |TAMS 0x00000007bfe00000, 0x00000007bfe00000| Untracked 
|1023|0x00000007bff00000, 0x00000007bff7d000, 0x00000007c0000000| 48%|CA|  |TAMS 0x00000007bff00000, 0x00000007bff00000| Untracked 

Card table byte_map: [0x00000001114eb000,0x00000001118eb000] _byte_map_base: 0x000000010d8eb000

Marking Bits (Prev, Next): (CMBitMap*) 0x00007fb6b501e610, (CMBitMap*) 0x00007fb6b501e650
 Prev Bits: [0x000000012aebf000, 0x000000012cebf000)
 Next Bits: [0x000000012cebf000, 0x000000012eebf000)

Polling page: 0x000000010cc5c000

Metaspace:

Usage:
  Non-class:      2.26 MB used.
      Class:    250.27 KB used.
       Both:      2.50 MB used.

Virtual space:
  Non-class space:        8.00 MB reserved,       2.31 MB ( 29%) committed,  1 nodes.
      Class space:        1.00 GB reserved,     320.00 KB ( <1%) committed,  1 nodes.
              Both:        1.01 GB reserved,       2.62 MB ( <1%) committed. 

Chunk freelists:
   Non-Class:  2.69 MB
       Class:  3.52 MB
        Both:  6.21 MB

MaxMetaspaceSize: 17179869184.00 GB
CompressedClassSpaceSize: 1.00 GB
 - commit_granule_bytes: 65536.
 - commit_granule_words: 8192.
 - virtual_space_node_default_size: 1048576.
 - enlarge_chunks_in_place: 1.
 - new_chunks_are_fully_committed: 0.
 - uncommit_free_chunks: 1.
 - use_allocation_guard: 0.
 - handle_deallocations: 1.


Internal statistics:

num_allocs_failed_limit: 0.
num_arena_births: 100.
num_arena_deaths: 0.
num_vsnodes_births: 2.
num_vsnodes_deaths: 0.
num_space_committed: 42.
num_space_uncommitted: 0.
num_chunks_returned_to_freelist: 0.
num_chunks_taken_from_freelist: 190.
num_chunk_merges: 0.
num_chunk_splits: 118.
num_chunks_enlarged: 81.
num_purges: 0.

CodeHeap 'non-profiled nmethods': size=120028Kb used=666Kb max_used=666Kb free=119362Kb
 bounds [0x0000000123988000, 0x0000000123bf8000, 0x000000012aebf000]
CodeHeap 'profiled nmethods': size=120028Kb used=1821Kb max_used=1821Kb free=118206Kb
 bounds [0x000000011c451000, 0x000000011c6c1000, 0x0000000123988000]
CodeHeap 'non-nmethods': size=5704Kb used=1229Kb max_used=1261Kb free=4474Kb
 bounds [0x000000011bebf000, 0x000000011c12f000, 0x000000011c451000]
 total_blobs=1600 nmethods=1129 adapters=386
 compilation: enabled
              stopped_count=0, restarted_count=0
 full_count=0

Compilation events (20 events):
Event: 227.946 Thread 0x00007fb6b505c200 1119       4       java.lang.String::checkIndex (48 bytes)
Event: 227.949 Thread 0x00007fb6b505c200 nmethod 1119 0x0000000123a2d990 code [0x0000000123a2db20, 0x0000000123a2dbb8]
Event: 254.247 Thread 0x00007fb6b505c800 1120       3       java.util.regex.Pattern::sequence (647 bytes)
Event: 254.253 Thread 0x00007fb6b505c800 nmethod 1120 0x000000011c60ea10 code [0x000000011c60f000, 0x000000011c612090]
Event: 258.306 Thread 0x00007fb6b505c800 1121       3       java.util.regex.Pattern::append (43 bytes)
Event: 258.309 Thread 0x00007fb6b505c800 nmethod 1121 0x000000011c612f90 code [0x000000011c613180, 0x000000011c613710]
Event: 258.309 Thread 0x00007fb6b505c800 1122       3       java.util.regex.Pattern::single (82 bytes)
Event: 258.311 Thread 0x00007fb6b505c800 nmethod 1122 0x000000011c613990 code [0x000000011c613cc0, 0x000000011c615410]
Event: 259.324 Thread 0x00007fb6b505c200 1123       4       java.lang.String::codePointAt (50 bytes)
Event: 259.329 Thread 0x00007fb6b505c200 nmethod 1123 0x0000000123a2dc90 code [0x0000000123a2de20, 0x0000000123a2df18]
Event: 260.340 Thread 0x00007fb6b505c800 1125       3       java.util.regex.Pattern::compile (10 bytes)
Event: 260.340 Thread 0x00007fb6b505c800 nmethod 1125 0x000000011c615a90 code [0x000000011c615c40, 0x000000011c615de0]
Event: 260.340 Thread 0x00007fb6b505c800 1126   !   3       java.util.regex.Pattern::<init> (144 bytes)
Event: 260.344 Thread 0x00007fb6b505c200 1127       4       java.util.regex.Pattern::next (33 bytes)
Event: 260.348 Thread 0x00007fb6b505c200 nmethod 1127 0x0000000123a2e490 code [0x0000000123a2e620, 0x0000000123a2e738]
Event: 260.349 Thread 0x00007fb6b505c800 nmethod 1126 0x000000011c615e90 code [0x000000011c6161a0, 0x000000011c617310]
Event: 270.443 Thread 0x00007fb6b505c800 1128       3       edu.wpi.first.networktables.NetworkTableEntry::getString (9 bytes)
Event: 270.445 Thread 0x00007fb6b505c800 nmethod 1128 0x000000011c617910 code [0x000000011c617ac0, 0x000000011c617c00]
Event: 270.445 Thread 0x00007fb6b505c800 1129       3       org.photonvision.PhotonVersion::versionMatches (63 bytes)
Event: 270.446 Thread 0x00007fb6b505c800 nmethod 1129 0x000000011c617c90 code [0x000000011c617ec0, 0x000000011c618370]

GC Heap History (4 events):
Event: 46.688 GC heap before
{Heap before GC invocations=0 (full 0):
 garbage-first heap   total 133120K, used 24520K [0x0000000780000000, 0x0000000800000000)
  region size 1024K, 23 young (23552K), 0 survivors (0K)
 Metaspace       used 2484K, committed 2624K, reserved 1056768K
  class space    used 249K, committed 320K, reserved 1048576K
}
Event: 46.737 GC heap after
{Heap after GC invocations=1 (full 0):
 garbage-first heap   total 133120K, used 1897K [0x0000000780000000, 0x0000000800000000)
  region size 1024K, 1 young (1024K), 1 survivors (1024K)
 Metaspace       used 2484K, committed 2624K, reserved 1056768K
  class space    used 249K, committed 320K, reserved 1048576K
}
Event: 188.805 GC heap before
{Heap before GC invocations=1 (full 0):
 garbage-first heap   total 133120K, used 45929K [0x0000000780000000, 0x0000000800000000)
  region size 1024K, 44 young (45056K), 1 survivors (1024K)
 Metaspace       used 2542K, committed 2688K, reserved 1056768K
  class space    used 250K, committed 320K, reserved 1048576K
}
Event: 188.842 GC heap after
{Heap after GC invocations=2 (full 0):
 garbage-first heap   total 133120K, used 1900K [0x0000000780000000, 0x0000000800000000)
  region size 1024K, 1 young (1024K), 1 survivors (1024K)
 Metaspace       used 2542K, committed 2688K, reserved 1056768K
  class space    used 250K, committed 320K, reserved 1048576K
}

Deoptimization events (20 events):
Event: 46.746 Thread 0x00007fb6b585b200 Uncommon trap: trap_request=0xffffff45 fr.pc=0x00000001239ebb74 relative=0x0000000000001d54
Event: 46.746 Thread 0x00007fb6b585b200 Uncommon trap: reason=unstable_if action=reinterpret pc=0x00000001239ebb74 method=edu.wpi.first.wpilibj.DriverStation.updateControlWord(Z)V @ 13 c2
Event: 46.746 Thread 0x00007fb6b585b200 DEOPT PACKING pc=0x00000001239ebb74 sp=0x000000030eba6a10
Event: 46.747 Thread 0x00007fb6b585b200 DEOPT UNPACKING pc=0x000000011bf0c41e sp=0x000000030eba6968 mode 2
Event: 46.766 Thread 0x00007fb6b5856a00 Uncommon trap: trap_request=0xffffff45 fr.pc=0x00000001239e464c relative=0x000000000000012c
Event: 46.767 Thread 0x00007fb6b5856a00 Uncommon trap: reason=unstable_if action=reinterpret pc=0x00000001239e464c method=java.lang.ref.SoftReference.get()Ljava/lang/Object; @ 17 c2
Event: 46.767 Thread 0x00007fb6b5856a00 DEOPT PACKING pc=0x00000001239e464c sp=0x000000030e99d450
Event: 46.767 Thread 0x00007fb6b5856a00 DEOPT UNPACKING pc=0x000000011bf0c41e sp=0x000000030e99d338 mode 2
Event: 46.771 Thread 0x00007fb6b5856a00 Uncommon trap: trap_request=0xffffff45 fr.pc=0x00000001239e3bb4 relative=0x0000000000000114
Event: 46.771 Thread 0x00007fb6b5856a00 Uncommon trap: reason=unstable_if action=reinterpret pc=0x00000001239e3bb4 method=java.lang.ref.SoftReference.get()Ljava/lang/Object; @ 17 c2
Event: 46.771 Thread 0x00007fb6b5856a00 DEOPT PACKING pc=0x00000001239e3bb4 sp=0x000000030e99d3e0
Event: 46.771 Thread 0x00007fb6b5856a00 DEOPT UNPACKING pc=0x000000011bf0c41e sp=0x000000030e99d330 mode 2
Event: 46.772 Thread 0x00007fb6b5856a00 Uncommon trap: trap_request=0xffffff45 fr.pc=0x00000001239e2484 relative=0x00000000000000e4
Event: 46.772 Thread 0x00007fb6b5856a00 Uncommon trap: reason=unstable_if action=reinterpret pc=0x00000001239e2484 method=java.lang.ref.SoftReference.get()Ljava/lang/Object; @ 17 c2
Event: 46.772 Thread 0x00007fb6b5856a00 DEOPT PACKING pc=0x00000001239e2484 sp=0x000000030e99d370
Event: 46.772 Thread 0x00007fb6b5856a00 DEOPT UNPACKING pc=0x000000011bf0c41e sp=0x000000030e99d328 mode 2
Event: 104.407 Thread 0x00007fb6b5856a00 Uncommon trap: trap_request=0xffffffcc fr.pc=0x0000000123a11d64 relative=0x0000000000000144
Event: 104.407 Thread 0x00007fb6b5856a00 Uncommon trap: reason=intrinsic_or_type_checked_inlining action=make_not_entrant pc=0x0000000123a11d64 method=java.util.ArrayList.toArray([Ljava/lang/Object;)[Ljava/lang/Object; @ 36 c2
Event: 104.407 Thread 0x00007fb6b5856a00 DEOPT PACKING pc=0x0000000123a11d64 sp=0x000000030e99d510
Event: 104.407 Thread 0x00007fb6b5856a00 DEOPT UNPACKING pc=0x000000011bf0c41e sp=0x000000030e99d4c0 mode 2

Classes unloaded (0 events):
No events

Classes redefined (0 events):
No events

Internal exceptions (20 events):
Event: 1.897 Thread 0x00007fb6b5856a00 Exception <a 'java/lang/NoSuchMethodError'{0x0000000787d00458}: 'java.lang.Object java.lang.invoke.DirectMethodHandle$Holder.invokeStatic(java.lang.Object)'> (0x0000000787d00458) 
thrown [./open/src/hotspot/share/interpreter/linkResolver.cpp, line 790]
Event: 1.898 Thread 0x00007fb6b5856a00 Exception <a 'java/lang/NoSuchMethodError'{0x0000000787d03dd8}: 'java.lang.Object java.lang.invoke.DirectMethodHandle$Holder.invokeStaticInit(java.lang.Object)'> (0x0000000787d03dd8) 
thrown [./open/src/hotspot/share/interpreter/linkResolver.cpp, line 790]
Event: 1.992 Thread 0x00007fb6b5856a00 Exception <a 'java/lang/NoSuchMethodError'{0x0000000787d94798}: 'void java.lang.invoke.DirectMethodHandle$Holder.invokeStaticInit(java.lang.Object)'> (0x0000000787d94798) 
thrown [./open/src/hotspot/share/interpreter/linkResolver.cpp, line 790]
Event: 2.003 Thread 0x00007fb6b5856a00 Exception <a 'java/lang/NoSuchMethodError'{0x0000000787da6928}: 'void java.lang.invoke.DirectMethodHandle$Holder.invokeVirtual(java.lang.Object, java.lang.Object)'> (0x0000000787da6928) 
thrown [./open/src/hotspot/share/interpreter/linkResolver.cpp, line 790]
Event: 2.189 Thread 0x00007fb6b5856a00 Exception <a 'java/lang/NoSuchMethodError'{0x0000000787b098d0}: 'double java.lang.invoke.DirectMethodHandle$Holder.invokeVirtual(java.lang.Object, java.lang.Object)'> (0x0000000787b098d0) 
thrown [./open/src/hotspot/share/interpreter/linkResolver.cpp, line 790]
Event: 2.194 Thread 0x00007fb6b5856a00 Exception <a 'java/lang/NoSuchMethodError'{0x0000000787b0f9d0}: 'double java.lang.invoke.DirectMethodHandle$Holder.invokeStatic(java.lang.Object)'> (0x0000000787b0f9d0) 
thrown [./open/src/hotspot/share/interpreter/linkResolver.cpp, line 790]
Event: 2.196 Thread 0x00007fb6b5856a00 Exception <a 'java/lang/NoSuchMethodError'{0x0000000787b153d8}: 'void java.lang.invoke.DirectMethodHandle$Holder.invokeStatic(java.lang.Object, java.lang.Object, java.lang.Object, java.lang.Object)'> (0x0000000787b153d8) 
thrown [./open/src/hotspot/share/interpreter/linkResolver.cpp, line 790]
Event: 2.201 Thread 0x00007fb6b5856a00 Exception <a 'java/lang/NoSuchMethodError'{0x0000000787b25f40}: 'double java.lang.invoke.DirectMethodHandle$Holder.invokeStatic(java.lang.Object, double)'> (0x0000000787b25f40) 
thrown [./open/src/hotspot/share/interpreter/linkResolver.cpp, line 790]
Event: 2.203 Thread 0x00007fb6b5856a00 Exception <a 'java/lang/NoSuchMethodError'{0x0000000787b2bee0}: 'java.lang.Object java.lang.invoke.DirectMethodHandle$Holder.newInvokeSpecial(java.lang.Object, double)'> (0x0000000787b2bee0) 
thrown [./open/src/hotspot/share/interpreter/linkResolver.cpp, line 790]
Event: 2.223 Thread 0x00007fb6b5856a00 Exception <a 'java/lang/NoSuchMethodError'{0x0000000787b69670}: 'void java.lang.invoke.DirectMethodHandle$Holder.invokeVirtual(java.lang.Object, java.lang.Object, double)'> (0x0000000787b69670) 
thrown [./open/src/hotspot/share/interpreter/linkResolver.cpp, line 790]
Event: 2.224 Thread 0x00007fb6b5856a00 Exception <a 'java/lang/NoSuchMethodError'{0x0000000787b72458}: 'void java.lang.invoke.DirectMethodHandle$Holder.invokeStatic(java.lang.Object, java.lang.Object, java.lang.Object)'> (0x0000000787b72458) 
thrown [./open/src/hotspot/share/interpreter/linkResolver.cpp, line 790]
Event: 2.244 Thread 0x00007fb6b5856a00 Exception <a 'java/lang/NoSuchMethodError'{0x0000000787b97838}: 'double java.lang.invoke.DirectMethodHandle$Holder.invokeInterface(java.lang.Object, java.lang.Object)'> (0x0000000787b97838) 
thrown [./open/src/hotspot/share/interpreter/linkResolver.cpp, line 790]
Event: 2.248 Thread 0x00007fb6b5856a00 Exception <a 'java/lang/NoSuchMethodError'{0x0000000787b9db20}: 'void java.lang.invoke.DirectMethodHandle$Holder.invokeInterface(java.lang.Object, java.lang.Object, double)'> (0x0000000787b9db20) 
thrown [./open/src/hotspot/share/interpreter/linkResolver.cpp, line 790]
Event: 2.250 Thread 0x00007fb6b5856a00 Exception <a 'java/lang/NoSuchMethodError'{0x0000000787ba3be0}: 'double java.lang.invoke.DirectMethodHandle$Holder.invokeSpecial(java.lang.Object, java.lang.Object)'> (0x0000000787ba3be0) 
thrown [./open/src/hotspot/share/interpreter/linkResolver.cpp, line 790]
Event: 2.252 Thread 0x00007fb6b5856a00 Exception <a 'java/lang/NoSuchMethodError'{0x0000000787ba98c8}: 'void java.lang.invoke.DirectMethodHandle$Holder.invokeSpecial(java.lang.Object, java.lang.Object, double)'> (0x0000000787ba98c8) 
thrown [./open/src/hotspot/share/interpreter/linkResolver.cpp, line 790]
Event: 2.257 Thread 0x00007fb6b5856a00 Exception <a 'java/lang/NoSuchMethodError'{0x0000000787bc6890}: 'void java.lang.invoke.DirectMethodHandle$Holder.invokeSpecial(java.lang.Object, java.lang.Object, java.lang.Object, java.lang.Object, java.lang.Object)'> (0x0000000787bc6890) 
thrown [./open/src/hotspot/share/interpreter/linkResolver.cpp, line 790]
Event: 2.259 Thread 0x00007fb6b5856a00 Exception <a 'java/lang/NoSuchMethodError'{0x0000000787bced78}: 'java.lang.Object java.lang.invoke.DirectMethodHandle$Holder.newInvokeSpecial(java.lang.Object, java.lang.Object, java.lang.Object, java.lang.Object, java.lang.Object)'> (0x0000000787bced78) 
thrown [./open/src/hotspot/share/interpreter/linkResolver.cpp, line 790]
Event: 2.265 Thread 0x00007fb6b5856a00 Exception <a 'java/lang/NoSuchMethodError'{0x0000000787bdc460}: 'int java.lang.invoke.DirectMethodHandle$Holder.invokeInterface(java.lang.Object, java.lang.Object)'> (0x0000000787bdc460) 
thrown [./open/src/hotspot/share/interpreter/linkResolver.cpp, line 790]
Event: 2.266 Thread 0x00007fb6b5856a00 Exception <a 'java/lang/IncompatibleClassChangeError'{0x0000000787bdfc58}: Found class java.lang.Object, but interface was expected> (0x0000000787bdfc58) 
thrown [./open/src/hotspot/share/interpreter/linkResolver.cpp, line 857]
Event: 2.267 Thread 0x00007fb6b5856a00 Exception <a 'java/lang/NoSuchMethodError'{0x0000000787be49c8}: 'void java.lang.invoke.DirectMethodHandle$Holder.invokeSpecial(java.lang.Object, java.lang.Object, int)'> (0x0000000787be49c8) 
thrown [./open/src/hotspot/share/interpreter/linkResolver.cpp, line 790]

Events (20 events):
Event: 100.957 Executing  VM operation: Cleanup
Event: 100.957 Executing  VM operation: Cleanup done
Event: 107.978 Executing  VM operation: Cleanup
Event: 107.979 Executing  VM operation: Cleanup done
Event: 109.987 Executing  VM operation: Cleanup
Event: 109.988 Executing  VM operation: Cleanup done
Event: 132.051 Executing  VM operation: Cleanup
Event: 132.051 Executing  VM operation: Cleanup done
Event: 133.053 Executing  VM operation: Cleanup
Event: 133.053 Executing  VM operation: Cleanup done
Event: 136.064 Executing  VM operation: Cleanup
Event: 136.064 Executing  VM operation: Cleanup done
Event: 154.126 Executing  VM operation: Cleanup
Event: 154.127 Executing  VM operation: Cleanup done
Event: 188.803 Executing  VM operation: G1CollectForAllocation
Event: 188.843 Executing  VM operation: G1CollectForAllocation done
Event: 189.845 Executing  VM operation: Cleanup
Event: 189.845 Executing  VM operation: Cleanup done
Event: 197.879 Executing  VM operation: Cleanup
Event: 197.879 Executing  VM operation: Cleanup done


Dynamic libraries:
0x000000010cc5e000 	/Library/Java/JavaVirtualMachines/jdk-16.0.2.jdk/Contents/Home/lib/libjli.dylib
0x00007ff8113c3000 	/usr/lib/libz.1.dylib
0x00007ff8114a9000 	/usr/lib/libSystem.B.dylib
0x00007ff8114a4000 	/usr/lib/system/libcache.dylib
0x00007ff811460000 	/usr/lib/system/libcommonCrypto.dylib
0x00007ff811489000 	/usr/lib/system/libcompiler_rt.dylib
0x00007ff81147f000 	/usr/lib/system/libcopyfile.dylib
0x00007ff8060d7000 	/usr/lib/system/libcorecrypto.dylib
0x00007ff806196000 	/usr/lib/system/libdispatch.dylib
0x00007ff806358000 	/usr/lib/system/libdyld.dylib
0x00007ff81149b000 	/usr/lib/system/libkeymgr.dylib
0x00007ff81143e000 	/usr/lib/system/libmacho.dylib
0x00007ff810ac4000 	/usr/lib/system/libquarantine.dylib
0x00007ff811499000 	/usr/lib/system/libremovefile.dylib
0x00007ff80b1e5000 	/usr/lib/system/libsystem_asl.dylib
0x00007ff806085000 	/usr/lib/system/libsystem_blocks.dylib
0x00007ff80621d000 	/usr/lib/system/libsystem_c.dylib
0x00007ff811491000 	/usr/lib/system/libsystem_collections.dylib
0x00007ff80fde5000 	/usr/lib/system/libsystem_configuration.dylib
0x00007ff80f0a0000 	/usr/lib/system/libsystem_containermanager.dylib
0x00007ff811175000 	/usr/lib/system/libsystem_coreservices.dylib
0x00007ff8088a8000 	/usr/lib/system/libsystem_darwin.dylib
0x00007ff81149c000 	/usr/lib/system/libsystem_dnssd.dylib
0x00007ff80621a000 	/usr/lib/system/libsystem_featureflags.dylib
0x00007ff80636e000 	/usr/lib/system/libsystem_info.dylib
0x00007ff8113d6000 	/usr/lib/system/libsystem_m.dylib
0x00007ff80616a000 	/usr/lib/system/libsystem_malloc.dylib
0x00007ff80b182000 	/usr/lib/system/libsystem_networkextension.dylib
0x00007ff808cd0000 	/usr/lib/system/libsystem_notify.dylib
0x00007ff8176d5000 	/usr/lib/system/libsystem_product_info_filter.dylib
0x00007ff80fde9000 	/usr/lib/system/libsystem_sandbox.dylib
0x00007ff811496000 	/usr/lib/system/libsystem_secinit.dylib
0x00007ff806315000 	/usr/lib/system/libsystem_kernel.dylib
0x00007ff806364000 	/usr/lib/system/libsystem_platform.dylib
0x00007ff80634c000 	/usr/lib/system/libsystem_pthread.dylib
0x00007ff80cab0000 	/usr/lib/system/libsystem_symptoms.dylib
0x00007ff8060be000 	/usr/lib/system/libsystem_trace.dylib
0x00007ff81146c000 	/usr/lib/system/libunwind.dylib
0x00007ff806087000 	/usr/lib/system/libxpc.dylib
0x00007ff8062ff000 	/usr/lib/libc++abi.dylib
0x00007ff8061dd000 	/usr/lib/libobjc.A.dylib
0x00007ff811477000 	/usr/lib/liboah.dylib
0x00007ff8062a6000 	/usr/lib/libc++.1.dylib
0x00007ff81d430000 	/System/Library/Frameworks/Cocoa.framework/Versions/A/Cocoa
0x00007ff808d2e000 	/System/Library/Frameworks/AppKit.framework/Versions/C/AppKit
0x00007ff80c28d000 	/System/Library/Frameworks/CoreData.framework/Versions/A/CoreData
0x00007ff807145000 	/System/Library/Frameworks/Foundation.framework/Versions/C/Foundation
0x00007ff809bc0000 	/System/Library/PrivateFrameworks/UIFoundation.framework/Versions/A/UIFoundation
0x00007ff8173dc000 	/System/Library/PrivateFrameworks/RemoteViewServices.framework/Versions/A/RemoteViewServices
0x00007ff80f77c000 	/System/Library/PrivateFrameworks/XCTTargetBootstrap.framework/Versions/A/XCTTargetBootstrap
0x00007ff813375000 	/System/Library/PrivateFrameworks/InternationalSupport.framework/Versions/A/InternationalSupport
0x00007ff8133ff000 	/System/Library/PrivateFrameworks/UserActivity.framework/Versions/A/UserActivity
0x00007ff81275c000 	/usr/lib/libspindump.dylib
0x00007ff809e4e000 	/System/Library/Frameworks/UniformTypeIdentifiers.framework/Versions/A/UniformTypeIdentifiers
0x00007ff80deb5000 	/usr/lib/libapp_launch_measurement.dylib
0x00007ff80cc69000 	/System/Library/PrivateFrameworks/CoreAnalytics.framework/Versions/A/CoreAnalytics
0x00007ff80deb8000 	/System/Library/PrivateFrameworks/CoreAutoLayout.framework/Versions/A/CoreAutoLayout
0x00007ff80f0d8000 	/System/Library/Frameworks/Metal.framework/Versions/A/Metal
0x00007ff80fdf4000 	/usr/lib/liblangid.dylib
0x00007ff80f780000 	/System/Library/PrivateFrameworks/CoreSVG.framework/Versions/A/CoreSVG
0x00007ff80b215000 	/System/Library/PrivateFrameworks/SkyLight.framework/Versions/A/SkyLight
0x00007ff80b5ab000 	/System/Library/Frameworks/CoreGraphics.framework/Versions/A/CoreGraphics
0x00007ff817a4b000 	/System/Library/Frameworks/Accelerate.framework/Versions/A/Accelerate
0x00007ff8121d7000 	/System/Library/PrivateFrameworks/IconServices.framework/Versions/A/IconServices
0x00007ff80f0bd000 	/System/Library/Frameworks/IOSurface.framework/Versions/A/IOSurface
0x00007ff80cc97000 	/usr/lib/libDiagnosticMessagesClient.dylib
0x00007ff81b0bc000 	/System/Library/Frameworks/ApplicationServices.framework/Versions/A/ApplicationServices
0x00007ff80f768000 	/System/Library/PrivateFrameworks/DFRFoundation.framework/Versions/A/DFRFoundation
0x00007ff80861f000 	/usr/lib/libicucore.A.dylib
0x00007ff81409a000 	/System/Library/Frameworks/AudioToolbox.framework/Versions/A/AudioToolbox
0x00007ff813381000 	/System/Library/PrivateFrameworks/DataDetectorsCore.framework/Versions/A/DataDetectorsCore
0x00007ff90ec73000 	/System/Library/PrivateFrameworks/TextInput.framework/Versions/A/TextInput
0x00007ff80b199000 	/usr/lib/libMobileGestalt.dylib
0x00007ff80f470000 	/System/Library/Frameworks/Carbon.framework/Versions/A/Frameworks/HIToolbox.framework/Versions/A/HIToolbox
0x00007ff80d8e2000 	/System/Library/Frameworks/QuartzCore.framework/Versions/A/QuartzCore
0x00007ff8082bf000 	/System/Library/Frameworks/Security.framework/Versions/A/Security
0x00007ff817414000 	/System/Library/Frameworks/Carbon.framework/Versions/A/Frameworks/SpeechRecognition.framework/Versions/A/SpeechRecognition
0x00007ff80dc15000 	/System/Library/PrivateFrameworks/CoreUI.framework/Versions/A/CoreUI
0x00007ff807b97000 	/System/Library/Frameworks/CoreAudio.framework/Versions/A/CoreAudio
0x00007ff80cd85000 	/System/Library/Frameworks/DiskArbitration.framework/Versions/A/DiskArbitration
0x00007ff812b3f000 	/System/Library/PrivateFrameworks/MultitouchSupport.framework/Versions/A/MultitouchSupport
0x00007ff80b198000 	/usr/lib/libenergytrace.dylib
0x00007ff808c1a000 	/System/Library/Frameworks/IOKit.framework/Versions/A/IOKit
0x00007ff817800000 	/System/Library/Frameworks/CoreServices.framework/Versions/A/CoreServices
0x00007ff80de4f000 	/System/Library/PrivateFrameworks/PerformanceAnalysis.framework/Versions/A/PerformanceAnalysis
0x00007ffa1e75a000 	/System/Library/Frameworks/OpenGL.framework/Versions/A/OpenGL
0x00007ff8109f0000 	/System/Library/PrivateFrameworks/MobileKeyBag.framework/Versions/A/MobileKeyBag
0x00007ff80bcda000 	/System/Library/Frameworks/ColorSync.framework/Versions/A/ColorSync
0x00007ff806399000 	/System/Library/Frameworks/CoreFoundation.framework/Versions/A/CoreFoundation
0x00007ff80f9fb000 	/System/Library/Frameworks/CoreImage.framework/Versions/A/CoreImage
0x00007ff8079ad000 	/System/Library/Frameworks/CoreText.framework/Versions/A/CoreText
0x00007ff80f7af000 	/System/Library/Frameworks/ImageIO.framework/Versions/A/ImageIO
0x00007ff8114af000 	/System/Library/PrivateFrameworks/SoftLinking.framework/Versions/A/SoftLinking
0x00007ff80df00000 	/usr/lib/libxml2.2.dylib
0x00007ff811730000 	/usr/lib/libcompression.dylib
0x00007ff8132ab000 	/System/Library/PrivateFrameworks/TextureIO.framework/Versions/A/TextureIO
0x00007ff811e50000 	/usr/lib/libate.dylib
0x00007ff811c09000 	/usr/lib/liblzma.5.dylib
0x00007ff806e56000 	/System/Library/Frameworks/SystemConfiguration.framework/Versions/A/SystemConfiguration
0x00007ff8114ab000 	/usr/lib/libfakelink.dylib
0x00007ff80aceb000 	/System/Library/Frameworks/CFNetwork.framework/Versions/A/CFNetwork
0x00007ff8115ea000 	/usr/lib/libarchive.2.dylib
0x00007ff80fdf0000 	/System/Library/PrivateFrameworks/AppleSystemInfo.framework/Versions/A/AppleSystemInfo
0x00007ff810aeb000 	/usr/lib/libbsm.0.dylib
0x00007ff80a321000 	/usr/lib/libnetwork.dylib
0x00007ff811444000 	/usr/lib/system/libkxld.dylib
0x00007ff810719000 	/System/Library/PrivateFrameworks/IOMobileFramebuffer.framework/Versions/A/IOMobileFramebuffer
0x00007ffb1c3c6000 	/usr/lib/libCoreEntitlements.dylib
0x00007ff811157000 	/System/Library/PrivateFrameworks/AppleFSCompression.framework/Versions/A/AppleFSCompression
0x00007ff810ad3000 	/usr/lib/libcoretls.dylib
0x00007ff811c23000 	/usr/lib/libcoretls_cfhelpers.dylib
0x00007ff81172b000 	/usr/lib/libpam.2.dylib
0x00007ff80c6d6000 	/usr/lib/libsqlite3.dylib
0x00007ff811c92000 	/usr/lib/libxar.1.dylib
0x00007ff811167000 	/usr/lib/libbz2.1.0.dylib
0x00007ff8114b0000 	/usr/lib/libpcap.A.dylib
0x00007ff80caa7000 	/usr/lib/libdns_services.dylib
0x00007ff8116fd000 	/usr/lib/libapple_nghttp2.dylib
0x00007ff8114e7000 	/usr/lib/libiconv.2.dylib
0x00007ff81143d000 	/usr/lib/libcharset.1.dylib
0x00007ff80de83000 	/System/Library/Frameworks/CoreServices.framework/Versions/A/Frameworks/FSEvents.framework/Versions/A/FSEvents
0x00007ff8088b2000 	/System/Library/Frameworks/CoreServices.framework/Versions/A/Frameworks/CarbonCore.framework/Versions/A/CarbonCore
0x00007ff80ccea000 	/System/Library/Frameworks/CoreServices.framework/Versions/A/Frameworks/Metadata.framework/Versions/A/Metadata
0x00007ff81117a000 	/System/Library/Frameworks/CoreServices.framework/Versions/A/Frameworks/OSServices.framework/Versions/A/OSServices
0x00007ff811671000 	/System/Library/Frameworks/CoreServices.framework/Versions/A/Frameworks/SearchKit.framework/Versions/A/SearchKit
0x00007ff80ca39000 	/System/Library/Frameworks/CoreServices.framework/Versions/A/Frameworks/AE.framework/Versions/A/AE
0x00007ff80689a000 	/System/Library/Frameworks/CoreServices.framework/Versions/A/Frameworks/LaunchServices.framework/Versions/A/LaunchServices
0x00007ff811bba000 	/System/Library/Frameworks/CoreServices.framework/Versions/A/Frameworks/DictionaryServices.framework/Versions/A/DictionaryServices
0x00007ff80de90000 	/System/Library/Frameworks/CoreServices.framework/Versions/A/Frameworks/SharedFileList.framework/Versions/A/SharedFileList
0x00007ff810ac7000 	/usr/lib/libCheckFix.dylib
0x00007ff80b1fc000 	/System/Library/PrivateFrameworks/TCC.framework/Versions/A/TCC
0x00007ff80fdf6000 	/System/Library/PrivateFrameworks/CoreNLP.framework/Versions/A/CoreNLP
0x00007ff80cc9a000 	/System/Library/PrivateFrameworks/MetadataUtilities.framework/Versions/A/MetadataUtilities
0x00007ff806f06000 	/usr/lib/libmecabra.dylib
0x00007ff810afb000 	/usr/lib/libmecab.dylib
0x00007ff806ed1000 	/usr/lib/libCRFSuite.dylib
0x00007ff810b58000 	/usr/lib/libgermantok.dylib
0x00007ff8116d8000 	/usr/lib/libThaiTokenizer.dylib
0x00007ff80cd8c000 	/System/Library/Frameworks/Accelerate.framework/Versions/A/Frameworks/vImage.framework/Versions/A/vImage
0x00007ff8177d7000 	/System/Library/Frameworks/Accelerate.framework/Versions/A/Frameworks/vecLib.framework/Versions/A/vecLib
0x00007ff811cd3000 	/System/Library/Frameworks/Accelerate.framework/Versions/A/Frameworks/vecLib.framework/Versions/A/libvMisc.dylib
0x00007ff81050d000 	/System/Library/Frameworks/Accelerate.framework/Versions/A/Frameworks/vecLib.framework/Versions/A/libvDSP.dylib
0x00007ff806c12000 	/System/Library/Frameworks/Accelerate.framework/Versions/A/Frameworks/vecLib.framework/Versions/A/libBLAS.dylib
0x00007ff81180d000 	/System/Library/Frameworks/Accelerate.framework/Versions/A/Frameworks/vecLib.framework/Versions/A/libLAPACK.dylib
0x00007ff810b5b000 	/System/Library/Frameworks/Accelerate.framework/Versions/A/Frameworks/vecLib.framework/Versions/A/libLinearAlgebra.dylib
0x00007ff811716000 	/System/Library/Frameworks/Accelerate.framework/Versions/A/Frameworks/vecLib.framework/Versions/A/libSparseBLAS.dylib
0x00007ff811807000 	/System/Library/Frameworks/Accelerate.framework/Versions/A/Frameworks/vecLib.framework/Versions/A/libQuadrature.dylib
0x00007ff80fee0000 	/System/Library/Frameworks/Accelerate.framework/Versions/A/Frameworks/vecLib.framework/Versions/A/libBNNS.dylib
0x00007ff806de7000 	/System/Library/Frameworks/Accelerate.framework/Versions/A/Frameworks/vecLib.framework/Versions/A/libSparse.dylib
0x00007ff80fed9000 	/System/Library/PrivateFrameworks/LinguisticData.framework/Versions/A/LinguisticData
0x00007ff806d9c000 	/System/Library/PrivateFrameworks/Lexicon.framework/Versions/A/Lexicon
0x00007ff811ccc000 	/usr/lib/libChineseTokenizer.dylib
0x00007ff807500000 	/System/Library/PrivateFrameworks/LanguageModeling.framework/Versions/A/LanguageModeling
0x00007ff8116da000 	/System/Library/PrivateFrameworks/AppleSauce.framework/Versions/A/AppleSauce
0x00007ff810707000 	/System/Library/PrivateFrameworks/CoreEmoji.framework/Versions/A/CoreEmoji
0x00007ff8115d9000 	/usr/lib/libcmph.dylib
0x00007ff80de67000 	/System/Library/Frameworks/OpenDirectory.framework/Versions/A/Frameworks/CFOpenDirectory.framework/Versions/A/CFOpenDirectory
0x00007ff80de5b000 	/System/Library/Frameworks/OpenDirectory.framework/Versions/A/OpenDirectory
0x00007ff811c25000 	/System/Library/PrivateFrameworks/APFS.framework/Versions/A/APFS
0x00007ff810a28000 	/System/Library/Frameworks/SecurityFoundation.framework/Versions/A/SecurityFoundation
0x00007ff811ca0000 	/usr/lib/libutil.dylib
0x00007ff808bdd000 	/System/Library/PrivateFrameworks/CoreServicesStore.framework/Versions/A/CoreServicesStore
0x00007ff811ca4000 	/usr/lib/libxslt.1.dylib
0x00007ff810ab5000 	/System/Library/PrivateFrameworks/BackgroundTaskManagement.framework/Versions/A/BackgroundTaskManagement
0x00007ff8131cd000 	/System/Library/Frameworks/ImageIO.framework/Versions/A/Resources/libRadiance.dylib
0x00007ff8131d6000 	/System/Library/Frameworks/ImageIO.framework/Versions/A/Resources/libJPEG.dylib
0x00007ff813127000 	/System/Library/Frameworks/ImageIO.framework/Versions/A/Resources/libPng.dylib
0x00007ff813148000 	/System/Library/Frameworks/ImageIO.framework/Versions/A/Resources/libTIFF.dylib
0x00007ff813234000 	/System/Library/Frameworks/ImageIO.framework/Versions/A/Resources/libGIF.dylib
0x00007ff812a5c000 	/System/Library/Frameworks/ImageIO.framework/Versions/A/Resources/libJP2.dylib
0x00007ff81219e000 	/usr/lib/libexpat.1.dylib
0x00007ff812a11000 	/System/Library/PrivateFrameworks/AppleJPEG.framework/Versions/A/AppleJPEG
0x00007ff80f333000 	/System/Library/PrivateFrameworks/FontServices.framework/libFontParser.dylib
0x00007ff80c9e3000 	/System/Library/PrivateFrameworks/RunningBoardServices.framework/Versions/A/RunningBoardServices
0x00007ff81d9ac000 	/System/Library/PrivateFrameworks/IOSurfaceAccelerator.framework/Versions/A/IOSurfaceAccelerator
0x00007ff812b3b000 	/System/Library/PrivateFrameworks/WatchdogClient.framework/Versions/A/WatchdogClient
0x00007ff8075ef000 	/System/Library/Frameworks/CoreDisplay.framework/Versions/A/CoreDisplay
0x00007ff80f232000 	/System/Library/Frameworks/CoreMedia.framework/Versions/A/CoreMedia
0x00007ff80f0cf000 	/System/Library/PrivateFrameworks/IOAccelerator.framework/Versions/A/IOAccelerator
0x00007ff80dfe3000 	/System/Library/Frameworks/CoreVideo.framework/Versions/A/CoreVideo
0x00007ff811729000 	/System/Library/Frameworks/MetalPerformanceShaders.framework/Versions/A/MetalPerformanceShaders
0x00007ff812b76000 	/System/Library/Frameworks/VideoToolbox.framework/Versions/A/VideoToolbox
0x00007ff80c92b000 	/System/Library/PrivateFrameworks/BaseBoard.framework/Versions/A/BaseBoard
0x00007ff80c6bc000 	/System/Library/PrivateFrameworks/ProtocolBuffer.framework/Versions/A/ProtocolBuffer
0x00007ff8131c6000 	/System/Library/PrivateFrameworks/GPUWrangler.framework/Versions/A/GPUWrangler
0x00007ff8131a9000 	/System/Library/PrivateFrameworks/IOPresentment.framework/Versions/A/IOPresentment
0x00007ff8131d0000 	/System/Library/PrivateFrameworks/DSExternalDisplay.framework/Versions/A/DSExternalDisplay
0x00007ffa1e74e000 	/System/Library/Frameworks/OpenGL.framework/Versions/A/Libraries/libCoreFSCache.dylib
0x00007ffb0a636000 	/System/Library/PrivateFrameworks/GPUCompiler.framework/Versions/31001/Libraries/libGPUCompilerUtils.dylib
0x00007ff813239000 	/System/Library/PrivateFrameworks/CMCaptureCore.framework/Versions/A/CMCaptureCore
0x00007ff81274a000 	/System/Library/PrivateFrameworks/AppServerSupport.framework/Versions/A/AppServerSupport
0x00007ff814920000 	/System/Library/PrivateFrameworks/perfdata.framework/Versions/A/perfdata
0x00007ff80771b000 	/System/Library/PrivateFrameworks/AudioToolboxCore.framework/Versions/A/AudioToolboxCore
0x00007ff80f20f000 	/System/Library/PrivateFrameworks/caulk.framework/Versions/A/caulk
0x00007ff814244000 	/usr/lib/libAudioStatistics.dylib
0x00007ff90b501000 	/System/Library/PrivateFrameworks/SystemPolicy.framework/Versions/A/SystemPolicy
0x00007ff814499000 	/usr/lib/libSMC.dylib
0x00007ff81d2e3000 	/System/Library/Frameworks/CoreMIDI.framework/Versions/A/CoreMIDI
0x00007ff8130f7000 	/usr/lib/libAudioToolboxUtility.dylib
0x00007ff907913000 	/System/Library/PrivateFrameworks/OSAServicesClient.framework/Versions/A/OSAServicesClient
0x00007ff81492d000 	/usr/lib/libperfcheck.dylib
0x00007ff90bf93000 	/usr/lib/libmis.dylib
0x00007ffa1e7aa000 	/System/Library/Frameworks/OpenGL.framework/Versions/A/Libraries/libGLU.dylib
0x00007ffa1e76d000 	/System/Library/Frameworks/OpenGL.framework/Versions/A/Libraries/libGFXShared.dylib
0x00007ffa1e97b000 	/System/Library/Frameworks/OpenGL.framework/Versions/A/Libraries/libGL.dylib
0x00007ffa1e776000 	/System/Library/Frameworks/OpenGL.framework/Versions/A/Libraries/libGLImage.dylib
0x00007ffa1e76a000 	/System/Library/Frameworks/OpenGL.framework/Versions/A/Libraries/libCVMSPluginSupport.dylib
0x00007ffa1e755000 	/System/Library/Frameworks/OpenGL.framework/Versions/A/Libraries/libCoreVMClient.dylib
0x00007ff80fd74000 	/System/Library/Frameworks/MetalPerformanceShaders.framework/Versions/A/Frameworks/MPSCore.framework/Versions/A/MPSCore
0x00007ff8110c2000 	/System/Library/Frameworks/MetalPerformanceShaders.framework/Versions/A/Frameworks/MPSImage.framework/Versions/A/MPSImage
0x00007ff810b71000 	/System/Library/Frameworks/MetalPerformanceShaders.framework/Versions/A/Frameworks/MPSNeuralNetwork.framework/Versions/A/MPSNeuralNetwork
0x00007ff810fe6000 	/System/Library/Frameworks/MetalPerformanceShaders.framework/Versions/A/Frameworks/MPSMatrix.framework/Versions/A/MPSMatrix
0x00007ff810da2000 	/System/Library/Frameworks/MetalPerformanceShaders.framework/Versions/A/Frameworks/MPSRayIntersector.framework/Versions/A/MPSRayIntersector
0x00007ff81101f000 	/System/Library/Frameworks/MetalPerformanceShaders.framework/Versions/A/Frameworks/MPSNDArray.framework/Versions/A/MPSNDArray
0x00007ffa2336f000 	/System/Library/Frameworks/MetalPerformanceShaders.framework/Versions/A/Frameworks/MPSFunctions.framework/Versions/A/MPSFunctions
0x00007ff806af5000 	/System/Library/PrivateFrameworks/MetalTools.framework/Versions/A/MetalTools
0x00007ff80fdee000 	/System/Library/PrivateFrameworks/AggregateDictionary.framework/Versions/A/AggregateDictionary
0x00007ff811f80000 	/usr/lib/libIOReport.dylib
0x00007ffa1fd8a000 	/System/Library/Frameworks/OpenCL.framework/Versions/A/OpenCL
0x00007ff8122e4000 	/System/Library/PrivateFrameworks/FaceCore.framework/Versions/A/FaceCore
0x00007ff8122d5000 	/System/Library/PrivateFrameworks/GraphVisualizer.framework/Versions/A/GraphVisualizer
0x00007ffb0a541000 	/System/Library/PrivateFrameworks/FontServices.framework/Versions/A/FontServices
0x00007ff812701000 	/System/Library/PrivateFrameworks/OTSVG.framework/Versions/A/OTSVG
0x00007ff80dbcb000 	/System/Library/Frameworks/ApplicationServices.framework/Versions/A/Frameworks/ATS.framework/Versions/A/Resources/libFontRegistry.dylib
0x00007ff812752000 	/System/Library/PrivateFrameworks/FontServices.framework/libhvf.dylib
0x00007ffb0a542000 	/System/Library/PrivateFrameworks/FontServices.framework/libXTFontStaticRegistryData.dylib
0x00007ff81214e000 	/System/Library/PrivateFrameworks/AppleVA.framework/Versions/A/AppleVA
0x00007ff814268000 	/System/Library/Frameworks/ApplicationServices.framework/Versions/A/Frameworks/ATS.framework/Versions/A/ATS
0x00007ff80bdd6000 	/System/Library/Frameworks/ApplicationServices.framework/Versions/A/Frameworks/HIServices.framework/Versions/A/HIServices
0x00007ff813243000 	/System/Library/Frameworks/ApplicationServices.framework/Versions/A/Frameworks/PrintCore.framework/Versions/A/PrintCore
0x00007ff8145ec000 	/System/Library/Frameworks/ApplicationServices.framework/Versions/A/Frameworks/QD.framework/Versions/A/QD
0x00007ff8145e4000 	/System/Library/Frameworks/ApplicationServices.framework/Versions/A/Frameworks/ColorSyncLegacy.framework/Versions/A/ColorSyncLegacy
0x00007ff814258000 	/System/Library/Frameworks/ApplicationServices.framework/Versions/A/Frameworks/SpeechSynthesis.framework/Versions/A/SpeechSynthesis
0x00007ff813204000 	/System/Library/Frameworks/ApplicationServices.framework/Versions/A/Frameworks/ATSUI.framework/Versions/A/ATSUI
0x00007ff814579000 	/usr/lib/libcups.2.dylib
0x00007ff81493c000 	/System/Library/Frameworks/Kerberos.framework/Versions/A/Kerberos
0x00007ff81494b000 	/System/Library/Frameworks/GSS.framework/Versions/A/GSS
0x00007ff8142d4000 	/usr/lib/libresolv.9.dylib
0x00007ff812761000 	/System/Library/PrivateFrameworks/Heimdal.framework/Versions/A/Heimdal
0x00007ff81b439000 	/System/Library/Frameworks/Kerberos.framework/Versions/A/Libraries/libHeimdalProxy.dylib
0x00007ff80cab8000 	/System/Library/Frameworks/Network.framework/Versions/A/Network
0x00007ff8121b8000 	/usr/lib/libheimdal-asn1.dylib
0x00007ff814997000 	/System/Library/PrivateFrameworks/CommonAuth.framework/Versions/A/CommonAuth
0x00007ff8141d5000 	/System/Library/PrivateFrameworks/AudioSession.framework/Versions/A/AudioSession
0x00007ff812248000 	/System/Library/PrivateFrameworks/MediaExperience.framework/Versions/A/MediaExperience
0x00007ff814069000 	/System/Library/PrivateFrameworks/AudioSession.framework/libSessionUtility.dylib
0x00007ff8145f8000 	/System/Library/PrivateFrameworks/AudioResourceArbitration.framework/Versions/A/AudioResourceArbitration
0x00007ff8185ea000 	/System/Library/PrivateFrameworks/PowerLog.framework/Versions/A/PowerLog
0x00007ff8121c1000 	/System/Library/PrivateFrameworks/IconFoundation.framework/Versions/A/IconFoundation
0x00007ff817404000 	/System/Library/PrivateFrameworks/SpeechRecognitionCore.framework/Versions/A/SpeechRecognitionCore
0x0000000112023000 	/Library/Java/JavaVirtualMachines/jdk-16.0.2.jdk/Contents/Home/lib/server/libjvm.dylib
0x000000010ccfd000 	/Library/Java/JavaVirtualMachines/jdk-16.0.2.jdk/Contents/Home/lib/libjimage.dylib
0x000000010cd59000 	/Library/Java/JavaVirtualMachines/jdk-16.0.2.jdk/Contents/Home/lib/libjdwp.dylib
0x000000010ce03000 	/Library/Java/JavaVirtualMachines/jdk-16.0.2.jdk/Contents/Home/lib/libjava.dylib
0x0000000111dda000 	/Library/Java/JavaVirtualMachines/jdk-16.0.2.jdk/Contents/Home/lib/libdt_socket.dylib
0x0000000111e50000 	/Library/Java/JavaVirtualMachines/jdk-16.0.2.jdk/Contents/Home/lib/libnio.dylib
0x0000000111e9a000 	/Library/Java/JavaVirtualMachines/jdk-16.0.2.jdk/Contents/Home/lib/libnet.dylib
0x0000000111ed8000 	/Library/Java/JavaVirtualMachines/jdk-16.0.2.jdk/Contents/Home/lib/libzip.dylib
0x0000000130ebf000 	/Users/lukasfiur/Desktop/RomiTags/build/jni/release/libwpiHaljni.dylib
0x0000000133445000 	/Users/lukasfiur/Desktop/RomiTags/build/jni/release/libwpiHal.dylib
0x00000001338cf000 	/Users/lukasfiur/Desktop/RomiTags/build/jni/release/libwpiutil.dylib
0x00007ff90b31d000 	/System/Library/Frameworks/AVFoundation.framework/Versions/A/AVFoundation
0x00007ffa2251b000 	/System/Library/Frameworks/AVFAudio.framework/Versions/A/AVFAudio
0x00007ff81920f000 	/System/Library/PrivateFrameworks/AVFCore.framework/Versions/A/AVFCore
0x00007ff8200d8000 	/System/Library/PrivateFrameworks/AVFCapture.framework/Versions/A/AVFCapture
0x00007ff815623000 	/System/Library/Frameworks/IOBluetooth.framework/Versions/A/IOBluetooth
0x00007ff818552000 	/System/Library/Frameworks/CoreBluetooth.framework/Versions/A/CoreBluetooth
0x00007ff81b4be000 	/System/Library/Frameworks/AudioUnit.framework/Versions/A/AudioUnit
0x00007ff8107fd000 	/System/Library/PrivateFrameworks/CoreUtils.framework/Versions/A/CoreUtils
0x00007ffb09863000 	/System/Library/PrivateFrameworks/CoreUtilsExtras.framework/Versions/A/CoreUtilsExtras
0x00007ff90a122000 	/System/Library/PrivateFrameworks/AirPlaySync.framework/Versions/A/AirPlaySync
0x00007ff81346b000 	/System/Library/Frameworks/MediaToolbox.framework/Versions/A/MediaToolbox
0x00007ff818bab000 	/System/Library/PrivateFrameworks/CoreAVCHD.framework/Versions/A/CoreAVCHD
0x00007ff817a93000 	/System/Library/Frameworks/MediaAccessibility.framework/Versions/A/MediaAccessibility
0x00007ff818ba7000 	/System/Library/PrivateFrameworks/Mangrove.framework/Versions/A/Mangrove
0x00007ff810a17000 	/System/Library/PrivateFrameworks/AssertionServices.framework/Versions/A/AssertionServices
0x00007ff817a9e000 	/System/Library/PrivateFrameworks/AlgosScoreFramework.framework/Versions/A/AlgosScoreFramework
0x00007ffb06ca8000 	/System/Library/PrivateFrameworks/CMPhoto.framework/Versions/A/CMPhoto
0x00007ff819700000 	/System/Library/PrivateFrameworks/AppleVPA.framework/Versions/A/AppleVPA
0x00007ff8187ec000 	/System/Library/PrivateFrameworks/CoreAUC.framework/Versions/A/CoreAUC
0x00007ffb06c91000 	/System/Library/PrivateFrameworks/CMImaging.framework/Versions/A/CMImaging
0x00007ff820228000 	/System/Library/PrivateFrameworks/Quagga.framework/Versions/A/Quagga
0x00007ff8202ef000 	/System/Library/PrivateFrameworks/CMCapture.framework/Versions/A/CMCapture
0x00007ff8143c3000 	/System/Library/Frameworks/CoreMediaIO.framework/Versions/A/CoreMediaIO
0x00007ff81b5e9000 	/System/Library/PrivateFrameworks/Espresso.framework/Versions/A/Espresso
0x00007ff81aec6000 	/System/Library/PrivateFrameworks/AppSupport.framework/Versions/A/AppSupport
0x00007ffa107e6000 	/System/Library/PrivateFrameworks/ANECompiler.framework/Versions/A/ANECompiler
0x00007ff81d267000 	/System/Library/PrivateFrameworks/AppleNeuralEngine.framework/Versions/A/AppleNeuralEngine
0x00007ffb0cfaa000 	/System/Library/PrivateFrameworks/MIL.framework/Versions/A/MIL
0x00007ffa23382000 	/System/Library/Frameworks/MetalPerformanceShadersGraph.framework/Versions/A/MetalPerformanceShadersGraph
0x00007ff81c15d000 	/System/Library/PrivateFrameworks/ANEServices.framework/Versions/A/ANEServices
0x00007ff814a26000 	/System/Library/PrivateFrameworks/CorePhoneNumbers.framework/Versions/A/CorePhoneNumbers
0x00007ff808cdf000 	/usr/lib/libsandbox.1.dylib
0x00007ff8120be000 	/usr/lib/libMatch.1.dylib
0x00007ff90fc75000 	/usr/lib/libncurses.5.4.dylib
0x00007ff81ab57000 	/System/Library/PrivateFrameworks/BackBoardServices.framework/Versions/A/BackBoardServices
0x00007ff8193ff000 	/System/Library/PrivateFrameworks/FrontBoardServices.framework/Versions/A/FrontBoardServices
0x00007ff819491000 	/System/Library/PrivateFrameworks/BoardServices.framework/Versions/A/BoardServices
0x0000000134406000 	/Users/lukasfiur/Desktop/RomiTags/build/jni/release/libhalsim_gui.dylib
0x000000013519f000 	/Users/lukasfiur/Desktop/RomiTags/build/jni/release/libwpimath.dylib
0x000000013362a000 	/Users/lukasfiur/Desktop/RomiTags/build/jni/release/libntcore.dylib
0x00007ff8157ae000 	/System/Library/Frameworks/MetalKit.framework/Versions/A/MetalKit
0x00007ff808b9e000 	/System/Library/PrivateFrameworks/CoreServicesInternal.framework/Versions/A/CoreServicesInternal
0x00007ff818bdb000 	/System/Library/Frameworks/FileProvider.framework/Versions/A/FileProvider
0x00007ff80c897000 	/System/Library/Frameworks/Accounts.framework/Versions/A/Accounts
0x00007ff818d53000 	/System/Library/PrivateFrameworks/GenerationalStorage.framework/Versions/A/GenerationalStorage
0x00007ff819865000 	/System/Library/PrivateFrameworks/CoreSymbolication.framework/Versions/A/CoreSymbolication
0x00007ff8185df000 	/System/Library/PrivateFrameworks/SymptomDiagnosticReporter.framework/Versions/A/SymptomDiagnosticReporter
0x00007ff809e62000 	/System/Library/PrivateFrameworks/DesktopServicesPriv.framework/Versions/A/DesktopServicesPriv
0x00007ff80e062000 	/System/Library/PrivateFrameworks/UserManagement.framework/Versions/A/UserManagement
0x00007ff81982a000 	/System/Library/PrivateFrameworks/DebugSymbols.framework/Versions/A/DebugSymbols
0x00007ff8145d9000 	/System/Library/PrivateFrameworks/NetAuth.framework/Versions/A/NetAuth
0x00007ff8154c8000 	/System/Library/PrivateFrameworks/Sharing.framework/Versions/A/Sharing
0x00007ff80e035000 	/System/Library/PrivateFrameworks/login.framework/Versions/A/Frameworks/loginsupport.framework/Versions/A/loginsupport
0x00007ff81a96b000 	/System/Library/PrivateFrameworks/Apple80211.framework/Versions/A/Apple80211
0x00007ff8111a7000 	/System/Library/PrivateFrameworks/AuthKit.framework/Versions/A/AuthKit
0x00007ff810724000 	/System/Library/Frameworks/CoreWLAN.framework/Versions/A/CoreWLAN
0x00007ff81a9d3000 	/System/Library/PrivateFrameworks/CoreWiFi.framework/Versions/A/CoreWiFi
0x00007ff8186fc000 	/System/Library/PrivateFrameworks/DiskManagement.framework/Versions/A/DiskManagement
0x00007ff818610000 	/System/Library/PrivateFrameworks/AppleIDAuthSupport.framework/Versions/A/AppleIDAuthSupport
0x00007ffa25328000 	/System/Library/PrivateFrameworks/AAAFoundation.framework/Versions/A/AAAFoundation
0x00007ff814a07000 	/System/Library/PrivateFrameworks/KeychainCircle.framework/Versions/A/KeychainCircle
0x00007ff8186c8000 	/System/Library/PrivateFrameworks/MediaKit.framework/Versions/A/MediaKit
0x00007ff81861c000 	/System/Library/Frameworks/DiscRecording.framework/Versions/A/DiscRecording
0x00007ff8120c6000 	/usr/lib/libCoreStorage.dylib
0x00007ff81ae46000 	/usr/lib/libcsfde.dylib
0x00007ff8156f0000 	/System/Library/PrivateFrameworks/ProtectedCloudStorage.framework/Versions/A/ProtectedCloudStorage
0x00007ff81ae42000 	/System/Library/PrivateFrameworks/EFILogin.framework/Versions/A/EFILogin
0x00007ff818d79000 	/System/Library/PrivateFrameworks/OctagonTrust.framework/Versions/A/OctagonTrust
0x00007ff80dd5b000 	/System/Library/PrivateFrameworks/ViewBridge.framework/Versions/A/ViewBridge
0x0000000134246000 	/usr/lib/libobjc-trampolines.dylib
0x00007ff9103f7000 	/System/Library/Frameworks/Accelerate.framework/Versions/A/Frameworks/vImage.framework/Versions/A/Libraries/libCGInterfaces.dylib
0x00007ff81281b000 	/System/Library/PrivateFrameworks/login.framework/Versions/A/login
0x00007ffa208f4000 	/System/Library/Extensions/AGXMetal13_3.bundle/Contents/MacOS/AGXMetal13_3
0x00007ff90bfae000 	/System/Library/PrivateFrameworks/GPURawCounter.framework/Versions/A/GPURawCounter
0x00007ff906ade000 	/System/Library/PrivateFrameworks/IOGPU.framework/Versions/A/IOGPU
0x00000001377ed000 	/Users/lukasfiur/Desktop/RomiTags/build/jni/release/libhalsim_ws_client.dylib
0x00000001379f0000 	/Users/lukasfiur/Desktop/RomiTags/build/jni/release/libhalsim_ws_server.dylib
0x00000001343aa000 	/Users/lukasfiur/Desktop/RomiTags/build/jni/release/libcscorejni.dylib
0x0000000137c02000 	/Users/lukasfiur/Desktop/RomiTags/build/jni/release/libcscore.dylib
0x000000013820a000 	/Users/lukasfiur/Desktop/RomiTags/build/jni/release/libopencv_gapi.4.5.dylib
0x0000000137e26000 	/Users/lukasfiur/Desktop/RomiTags/build/jni/release/libopencv_features2d.4.5.dylib
0x0000000139037000 	/Users/lukasfiur/Desktop/RomiTags/build/jni/release/libopencv_core.4.5.dylib
0x0000000139790000 	/Users/lukasfiur/Desktop/RomiTags/build/jni/release/libopencv_calib3d.4.5.dylib
0x0000000137fa9000 	/Users/lukasfiur/Desktop/RomiTags/build/jni/release/libopencv_ml.4.5.dylib
0x0000000138cb2000 	/Users/lukasfiur/Desktop/RomiTags/build/jni/release/libopencv_stitching.4.5.dylib
0x000000013a093000 	/Users/lukasfiur/Desktop/RomiTags/build/jni/release/libopencv_imgproc.4.5.dylib
0x0000000138de7000 	/Users/lukasfiur/Desktop/RomiTags/build/jni/release/libopencv_flann.4.5.dylib
0x0000000139bca000 	/Users/lukasfiur/Desktop/RomiTags/build/jni/release/libopencv_photo.4.5.dylib
0x0000000137744000 	/Users/lukasfiur/Desktop/RomiTags/build/jni/release/libopencv_highgui.4.5.dylib
0x00000001380f9000 	/Users/lukasfiur/Desktop/RomiTags/build/jni/release/libopencv_videoio.4.5.dylib
0x0000000138f11000 	/Users/lukasfiur/Desktop/RomiTags/build/jni/release/libopencv_objdetect.4.5.dylib
0x000000013aace000 	/Users/lukasfiur/Desktop/RomiTags/build/jni/release/libopencv_imgcodecs.4.5.dylib
0x0000000139d36000 	/Users/lukasfiur/Desktop/RomiTags/build/jni/release/libopencv_video.4.5.dylib
0x000000013793f000 	/Users/lukasfiur/Desktop/RomiTags/build/jni/release/libntcorejni.dylib
0x00007ffb1c4d8000 	/usr/lib/libRosetta.dylib


VM Arguments:
jvm_args: -agentlib:jdwp=transport=dt_socket,server=n,suspend=y,address=localhost:57714 -Djava.library.path=/Users/lukasfiur/Desktop/RomiTags/build/jni/release -XX:+ShowCodeDetailsInExceptionMessages 
java_command: frc.robot.Main
java_class_path (initial): /Users/lukasfiur/Desktop/RomiTags/bin/main:/Users/lukasfiur/wpilib/2022/maven/edu/wpi/first/wpilibj/wpilibj-java/2022.3.1/wpilibj-java-2022.3.1.jar:/Users/lukasfiur/wpilib/2022/maven/edu/wpi/first/wpimath/wpimath-java/2022.3.1/wpimath-java-2022.3.1.jar:/Users/lukasfiur/wpilib/2022/maven/edu/wpi/first/ntcore/ntcore-java/2022.3.1/ntcore-java-2022.3.1.jar:/Users/lukasfiur/wpilib/2022/maven/edu/wpi/first/cscore/cscore-java/2022.3.1/cscore-java-2022.3.1.jar:/Users/lukasfiur/wpilib/2022/maven/edu/wpi/first/cameraserver/cameraserver-java/2022.3.1/cameraserver-java-2022.3.1.jar:/Users/lukasfiur/wpilib/2022/maven/edu/wpi/first/hal/hal-java/2022.3.1/hal-java-2022.3.1.jar:/Users/lukasfiur/wpilib/2022/maven/edu/wpi/first/wpiutil/wpiutil-java/2022.3.1/wpiutil-java-2022.3.1.jar:/Users/lukasfiur/wpilib/2022/maven/edu/wpi/first/thirdparty/frc2022/opencv/opencv-java/4.5.2-1/opencv-java-4.5.2-1.jar:/Users/lukasfiur/wpilib/2022/maven/org/ejml/ejml-simple/0.41/ejml-simple-0.41.jar:/Users/lukasfiur/wpilib/2022/maven/com/fasterxml/jackson/core/jackson-databind/2.12.4/jackson-databind-2.12.4.jar:/Users/lukasfiur/wpilib/2022/maven/com/fasterxml/jackson/core/jackson-annotations/2.12.4/jackson-annotations-2.12.4.jar:/Users/lukasfiur/wpilib/2022/maven/com/fasterxml/jackson/core/jackson-core/2.12.4/jackson-core-2.12.4.jar:/Users/lukasfiur/wpilib/2022/maven/edu/wpi/first/wpilibNewCommands/wpilibNewCommands-java/2022.3.1/wpilibNewCommands-java-2022.3.1.jar:/Users/lukasfiur/.gradle/caches/modules-2/files-2.1/org.photonvision/PhotonLib-java/v2023.1.1-beta-6/8114148a66fac14c46f0e36577c24fd82f9b8d1e/PhotonLib-java-v2023.1.1-beta-6.jar:/Users/lukasfiur/.gradle/caches/modules-2/files-2.1/org.photonvision/PhotonTargeting-java/v2023.1.1-beta-6/373b1d2450e6f35679bd34f0310e3c2d57918116/PhotonTargeting-java-v2023.1.1-beta-6.jar:/Users/lukasfiur/wpilib/2022/maven/org/ejml/ejml-fsparse/0.41/ejml-fsparse-0.41.jar:/Users/lukasfiur/wpilib/2022/maven/org/ejml/ejml-fdense/0.41/ejml-fd
Launcher Type: SUN_STANDARD

[Global flags]
     intx CICompilerCount                          = 4                                         {product} {ergonomic}
     uint ConcGCThreads                            = 2                                         {product} {ergonomic}
     uint G1ConcRefinementThreads                  = 8                                         {product} {ergonomic}
   size_t G1HeapRegionSize                         = 1048576                                   {product} {ergonomic}
    uintx GCDrainStackTargetSize                   = 64                                        {product} {ergonomic}
   size_t InitialHeapSize                          = 134217728                                 {product} {ergonomic}
   size_t MarkStackSize                            = 4194304                                   {product} {ergonomic}
   size_t MaxHeapSize                              = 2147483648                                {product} {ergonomic}
   size_t MaxNewSize                               = 1287651328                                {product} {ergonomic}
   size_t MinHeapDeltaBytes                        = 1048576                                   {product} {ergonomic}
   size_t MinHeapSize                              = 8388608                                   {product} {ergonomic}
    uintx NonNMethodCodeHeapSize                   = 5839372                                {pd product} {ergonomic}
    uintx NonProfiledCodeHeapSize                  = 122909434                              {pd product} {ergonomic}
    uintx ProfiledCodeHeapSize                     = 122909434                              {pd product} {ergonomic}
    uintx ReservedCodeCacheSize                    = 251658240                              {pd product} {ergonomic}
     bool SegmentedCodeCache                       = true                                      {product} {ergonomic}
     bool ShowCodeDetailsInExceptionMessages       = true                                   {manageable} {command line}
   size_t SoftMaxHeapSize                          = 2147483648                             {manageable} {ergonomic}
     bool UseCompressedClassPointers               = true                           {product lp64_product} {ergonomic}
     bool UseCompressedOops                        = true                           {product lp64_product} {ergonomic}
     bool UseG1GC                                  = true                                      {product} {ergonomic}
     bool UseNUMA                                  = false                                     {product} {ergonomic}
     bool UseNUMAInterleaving                      = false                                     {product} {ergonomic}

Logging:
Log output configuration:
 #0: stdout all=warning uptime,level,tags
 #1: stderr all=off uptime,level,tags

Environment Variables:
PATH=/opt/homebrew/bin:/opt/homebrew/sbin:/usr/local/bin:/usr/bin:/bin:/usr/sbin:/sbin:/Library/TeX/texbin:/Library/Frameworks/Mono.framework/Versions/Current/Commands:/Users/lukasfiur/.cabal/bin:/Users/lukasfiur/.ghcup/bin:/opt/homebrew/bin:/opt/homebrew/sbin
LD_LIBRARY_PATH=/Users/lukasfiur/Desktop/RomiTags/build/jni/release
SHELL=/bin/zsh
LANG=en_US.UTF-8
DYLD_LIBRARY_PATH=/Users/lukasfiur/Desktop/RomiTags/build/jni/release

Signal Handlers:
SIGSEGV: [libjvm.dylib+0xa7bdc0], sa_mask[0]=11100110100111111111111111111111, sa_flags=SA_ONSTACK|SA_RESTART|SA_SIGINFO
SIGBUS: [libjvm.dylib+0xa7bdc0], sa_mask[0]=11100110100111111111111111111111, sa_flags=SA_RESTART|SA_SIGINFO
SIGFPE: [libjvm.dylib+0xa7bdc0], sa_mask[0]=11100110100111111111111111111111, sa_flags=SA_RESTART|SA_SIGINFO
SIGPIPE: SIG_IGN, sa_mask[0]=00000000000000000000000000000000, sa_flags=SA_RESTART
SIGXFSZ: [libjvm.dylib+0x945be0], sa_mask[0]=11100110100111111111111111111111, sa_flags=SA_RESTART|SA_SIGINFO
SIGILL: [libjvm.dylib+0xa7bdc0], sa_mask[0]=11100110100111111111111111111111, sa_flags=SA_RESTART|SA_SIGINFO
SIGUSR2: [libjvm.dylib+0x946690], sa_mask[0]=00000000000000000000000000000000, sa_flags=SA_RESTART|SA_SIGINFO
SIGHUP: [libjvm.dylib+0x944c50], sa_mask[0]=11100110100111111111111111111111, sa_flags=SA_RESTART|SA_SIGINFO
SIGINT: [libjvm.dylib+0x944c50], sa_mask[0]=11100110100111111111111111111111, sa_flags=SA_RESTART|SA_SIGINFO
SIGTERM: [libjvm.dylib+0x944c50], sa_mask[0]=11100110100111111111111111111111, sa_flags=SA_RESTART|SA_SIGINFO
SIGQUIT: [libjvm.dylib+0x944c50], sa_mask[0]=11100110100111111111111111111111, sa_flags=SA_RESTART|SA_SIGINFO
SIGTRAP: [libjvm.dylib+0xa7bdc0], sa_mask[0]=11100110100111111111111111111111, sa_flags=SA_RESTART|SA_SIGINFO


---------------  S Y S T E M  ---------------

OS:uname: Darwin 21.3.0 Darwin Kernel Version 21.3.0: Wed Jan  5 21:37:58 PST 2022; root:xnu-8019.80.24~20/RELEASE_ARM64_T8101 x86_64
OS uptime: 17 days 17:06 hours
rlimit (soft/hard): STACK 8176k/65520k , CORE 0k/infinity , NPROC 1333/2000 , NOFILE 10240/infinity , AS infinity/infinity , CPU infinity/infinity , DATA infinity/infinity , FSIZE infinity/infinity , MEMLOCK infinity/infinity , RSS infinity/infinity
load average: 6.74 5.65 5.22

CPU: total 8 (initial active 8) (1 cores per cpu, 1 threads per core) family 6 model 44 stepping 0 microcode 0x0, cx8, cmov, fxsr, mmx, sse, sse2, sse3, ssse3, sse4.1, sse4.2, popcnt, tsc, tscinvbit, aes, clmul, clflush

Memory: 4k page, physical 8388608k(34672k free), swap 8388608k(574720k free)

vm_info: Java HotSpot(TM) 64-Bit Server VM (16.0.2+7-67) for bsd-amd64 JRE (16.0.2+7-67), built on Jun  8 2021 22:22:46 by "mach5one" with clang 4.2.1 Compatible Apple LLVM 11.0.0 (clang-1100.0.33.17)

END.
